[0.022s] Invoking command in '/home/david/repos/EOH-Robot-1/ros2_ws/build/mycobot_moveit_config': CMAKE_PREFIX_PATH=${CMAKE_PREFIX_PATH}:/opt/ros/jazzy DEBUGINFOD_URLS=https://debuginfod.ubuntu.com /usr/bin/cmake /home/david/repos/EOH-Robot-1/ros2_ws/src/mycobot_ros2/mycobot_moveit_config -DCMAKE_INSTALL_PREFIX=/home/david/repos/EOH-Robot-1/ros2_ws/install/mycobot_moveit_config
[0.310s] -- The C compiler identification is GNU 13.3.0
[0.506s] -- The CXX compiler identification is GNU 13.3.0
[0.562s] -- Detecting C compiler ABI info
[0.980s] -- Detecting C compiler ABI info - done
[1.033s] -- Check for working C compiler: /usr/bin/cc - skipped
[1.033s] -- Detecting C compile features
[1.033s] -- Detecting C compile features - done
[1.063s] -- Detecting CXX compiler ABI info
[1.473s] -- Detecting CXX compiler ABI info - done
[1.509s] -- Check for working CXX compiler: /usr/bin/c++ - skipped
[1.509s] -- Detecting CXX compile features
[1.512s] -- Detecting CXX compile features - done
[1.525s] -- Found ament_cmake: 2.5.2 (/opt/ros/jazzy/share/ament_cmake/cmake)
[2.029s] -- Found Python3: /usr/bin/python3 (found version "3.12.3") found components: Interpreter 
[2.241s] -- Found ament_lint_auto: 0.17.1 (/opt/ros/jazzy/share/ament_lint_auto/cmake)
[2.397s] -- Added test 'lint_cmake' to check CMake code style
[2.398s] -- Added test 'xmllint' to check XML markup files
[2.402s] -- Configuring done (2.3s)
[2.404s] -- Generating done (0.0s)
[2.404s] -- Build files have been written to: /home/david/repos/EOH-Robot-1/ros2_ws/build/mycobot_moveit_config
[2.409s] Invoked command in '/home/david/repos/EOH-Robot-1/ros2_ws/build/mycobot_moveit_config' returned '0': CMAKE_PREFIX_PATH=${CMAKE_PREFIX_PATH}:/opt/ros/jazzy DEBUGINFOD_URLS=https://debuginfod.ubuntu.com /usr/bin/cmake /home/david/repos/EOH-Robot-1/ros2_ws/src/mycobot_ros2/mycobot_moveit_config -DCMAKE_INSTALL_PREFIX=/home/david/repos/EOH-Robot-1/ros2_ws/install/mycobot_moveit_config
[2.410s] Invoking command in '/home/david/repos/EOH-Robot-1/ros2_ws/build/mycobot_moveit_config': CMAKE_PREFIX_PATH=${CMAKE_PREFIX_PATH}:/opt/ros/jazzy DEBUGINFOD_URLS=https://debuginfod.ubuntu.com /usr/bin/cmake --build /home/david/repos/EOH-Robot-1/ros2_ws/build/mycobot_moveit_config -- -j2 -l2
[2.442s] Invoked command in '/home/david/repos/EOH-Robot-1/ros2_ws/build/mycobot_moveit_config' returned '0': CMAKE_PREFIX_PATH=${CMAKE_PREFIX_PATH}:/opt/ros/jazzy DEBUGINFOD_URLS=https://debuginfod.ubuntu.com /usr/bin/cmake --build /home/david/repos/EOH-Robot-1/ros2_ws/build/mycobot_moveit_config -- -j2 -l2
[2.443s] Invoking command in '/home/david/repos/EOH-Robot-1/ros2_ws/build/mycobot_moveit_config': CMAKE_PREFIX_PATH=${CMAKE_PREFIX_PATH}:/opt/ros/jazzy DEBUGINFOD_URLS=https://debuginfod.ubuntu.com /usr/bin/cmake --install /home/david/repos/EOH-Robot-1/ros2_ws/build/mycobot_moveit_config
[2.459s] -- Install configuration: ""
[2.460s] -- Installing: /home/david/repos/EOH-Robot-1/ros2_ws/install/mycobot_moveit_config/share/ament_index/resource_index/package_run_dependencies/mycobot_moveit_config
[2.460s] -- Installing: /home/david/repos/EOH-Robot-1/ros2_ws/install/mycobot_moveit_config/share/ament_index/resource_index/parent_prefix_path/mycobot_moveit_config
[2.461s] -- Installing: /home/david/repos/EOH-Robot-1/ros2_ws/install/mycobot_moveit_config/share/mycobot_moveit_config/environment/ament_prefix_path.sh
[2.461s] -- Installing: /home/david/repos/EOH-Robot-1/ros2_ws/install/mycobot_moveit_config/share/mycobot_moveit_config/environment/ament_prefix_path.dsv
[2.461s] -- Installing: /home/david/repos/EOH-Robot-1/ros2_ws/install/mycobot_moveit_config/share/mycobot_moveit_config/environment/path.sh
[2.461s] -- Installing: /home/david/repos/EOH-Robot-1/ros2_ws/install/mycobot_moveit_config/share/mycobot_moveit_config/environment/path.dsv
[2.461s] -- Installing: /home/david/repos/EOH-Robot-1/ros2_ws/install/mycobot_moveit_config/share/mycobot_moveit_config/local_setup.bash
[2.462s] -- Installing: /home/david/repos/EOH-Robot-1/ros2_ws/install/mycobot_moveit_config/share/mycobot_moveit_config/local_setup.sh
[2.464s] -- Installing: /home/david/repos/EOH-Robot-1/ros2_ws/install/mycobot_moveit_config/share/mycobot_moveit_config/local_setup.zsh
[2.464s] -- Installing: /home/david/repos/EOH-Robot-1/ros2_ws/install/mycobot_moveit_config/share/mycobot_moveit_config/local_setup.dsv
[2.464s] -- Installing: /home/david/repos/EOH-Robot-1/ros2_ws/install/mycobot_moveit_config/share/mycobot_moveit_config/package.dsv
[2.464s] -- Installing: /home/david/repos/EOH-Robot-1/ros2_ws/install/mycobot_moveit_config/share/ament_index/resource_index/packages/mycobot_moveit_config
[2.465s] -- Installing: /home/david/repos/EOH-Robot-1/ros2_ws/install/mycobot_moveit_config/share/mycobot_moveit_config/cmake/mycobot_moveit_configConfig.cmake
[2.465s] -- Installing: /home/david/repos/EOH-Robot-1/ros2_ws/install/mycobot_moveit_config/share/mycobot_moveit_config/cmake/mycobot_moveit_configConfig-version.cmake
[2.465s] -- Installing: /home/david/repos/EOH-Robot-1/ros2_ws/install/mycobot_moveit_config/share/mycobot_moveit_config/package.xml
[2.468s] Invoked command in '/home/david/repos/EOH-Robot-1/ros2_ws/build/mycobot_moveit_config' returned '0': CMAKE_PREFIX_PATH=${CMAKE_PREFIX_PATH}:/opt/ros/jazzy DEBUGINFOD_URLS=https://debuginfod.ubuntu.com /usr/bin/cmake --install /home/david/repos/EOH-Robot-1/ros2_ws/build/mycobot_moveit_config
