[0.102s] DEBUG:colcon:Command line arguments: ['/usr/bin/colcon', 'build']
[0.102s] DEBUG:colcon:Parsed command line arguments: Namespace(log_base=None, log_level=None, verb_name='build', build_base='build', install_base='install', merge_install=False, symlink_install=False, test_result_base=None, continue_on_error=False, executor='parallel', parallel_workers=2, event_handlers=None, ignore_user_meta=False, metas=['./colcon.meta'], base_paths=['.'], packages_ignore=None, packages_ignore_regex=None, paths=None, packages_up_to=None, packages_up_to_regex=None, packages_above=None, packages_above_and_dependencies=None, packages_above_depth=None, packages_select_by_dep=None, packages_skip_by_dep=None, packages_skip_up_to=None, packages_select_build_failed=False, packages_skip_build_finished=False, packages_select_test_failures=False, packages_skip_test_passed=False, packages_select=None, packages_skip=None, packages_select_regex=None, packages_skip_regex=None, packages_start=None, packages_end=None, allow_overriding=[], cmake_args=None, cmake_target=None, cmake_target_skip_unavailable=False, cmake_clean_cache=False, cmake_clean_first=False, cmake_force_configure=False, ament_cmake_args=None, catkin_cmake_args=None, catkin_skip_building_tests=False, mixin_files=None, mixin=None, verb_parser=<colcon_mixin.mixin.mixin_argument.MixinArgumentDecorator object at 0xf8743db780e0>, verb_extension=<colcon_core.verb.build.BuildVerb object at 0xf8743dcf1fd0>, main=<bound method BuildVerb.main of <colcon_core.verb.build.BuildVerb object at 0xf8743dcf1fd0>>, mixin_verb=('build',))
[0.129s] Level 1:colcon.colcon_core.package_discovery:discover_packages(colcon_meta) check parameters
[0.129s] Level 1:colcon.colcon_core.package_discovery:discover_packages(recursive) check parameters
[0.129s] Level 1:colcon.colcon_core.package_discovery:discover_packages(ignore) check parameters
[0.129s] Level 1:colcon.colcon_core.package_discovery:discover_packages(path) check parameters
[0.129s] Level 1:colcon.colcon_core.package_discovery:discover_packages(colcon_meta) discover
[0.129s] Level 1:colcon.colcon_core.package_discovery:discover_packages(recursive) discover
[0.129s] INFO:colcon.colcon_core.package_discovery:Crawling recursively for packages in '/home/david/repos/EOH-Robot-1/ros2_ws'
[0.129s] Level 1:colcon.colcon_core.package_identification:_identify(.) by extensions ['ignore', 'ignore_ament_install']
[0.129s] Level 1:colcon.colcon_core.package_identification:_identify(.) by extension 'ignore'
[0.129s] Level 1:colcon.colcon_core.package_identification:_identify(.) by extension 'ignore_ament_install'
[0.129s] Level 1:colcon.colcon_core.package_identification:_identify(.) by extensions ['colcon_pkg']
[0.129s] Level 1:colcon.colcon_core.package_identification:_identify(.) by extension 'colcon_pkg'
[0.129s] Level 1:colcon.colcon_core.package_identification:_identify(.) by extensions ['colcon_meta']
[0.129s] Level 1:colcon.colcon_core.package_identification:_identify(.) by extension 'colcon_meta'
[0.129s] Level 1:colcon.colcon_core.package_identification:_identify(.) by extensions ['ros']
[0.129s] Level 1:colcon.colcon_core.package_identification:_identify(.) by extension 'ros'
[0.148s] Level 1:colcon.colcon_core.package_identification:_identify(.) by extensions ['cmake', 'python']
[0.148s] Level 1:colcon.colcon_core.package_identification:_identify(.) by extension 'cmake'
[0.148s] Level 1:colcon.colcon_core.package_identification:_identify(.) by extension 'python'
[0.148s] Level 1:colcon.colcon_core.package_identification:_identify(.) by extensions ['python_setup_py']
[0.148s] Level 1:colcon.colcon_core.package_identification:_identify(.) by extension 'python_setup_py'
[0.148s] Level 1:colcon.colcon_core.package_identification:_identify(build) by extensions ['ignore', 'ignore_ament_install']
[0.148s] Level 1:colcon.colcon_core.package_identification:_identify(build) by extension 'ignore'
[0.148s] Level 1:colcon.colcon_core.package_identification:_identify(build) ignored
[0.148s] Level 1:colcon.colcon_core.package_identification:_identify(install) by extensions ['ignore', 'ignore_ament_install']
[0.148s] Level 1:colcon.colcon_core.package_identification:_identify(install) by extension 'ignore'
[0.148s] Level 1:colcon.colcon_core.package_identification:_identify(install) ignored
[0.148s] Level 1:colcon.colcon_core.package_identification:_identify(log) by extensions ['ignore', 'ignore_ament_install']
[0.148s] Level 1:colcon.colcon_core.package_identification:_identify(log) by extension 'ignore'
[0.148s] Level 1:colcon.colcon_core.package_identification:_identify(log) ignored
[0.148s] Level 1:colcon.colcon_core.package_identification:_identify(src) by extensions ['ignore', 'ignore_ament_install']
[0.149s] Level 1:colcon.colcon_core.package_identification:_identify(src) by extension 'ignore'
[0.149s] Level 1:colcon.colcon_core.package_identification:_identify(src) by extension 'ignore_ament_install'
[0.149s] Level 1:colcon.colcon_core.package_identification:_identify(src) by extensions ['colcon_pkg']
[0.149s] Level 1:colcon.colcon_core.package_identification:_identify(src) by extension 'colcon_pkg'
[0.149s] Level 1:colcon.colcon_core.package_identification:_identify(src) by extensions ['colcon_meta']
[0.149s] Level 1:colcon.colcon_core.package_identification:_identify(src) by extension 'colcon_meta'
[0.149s] Level 1:colcon.colcon_core.package_identification:_identify(src) by extensions ['ros']
[0.149s] Level 1:colcon.colcon_core.package_identification:_identify(src) by extension 'ros'
[0.149s] Level 1:colcon.colcon_core.package_identification:_identify(src) by extensions ['cmake', 'python']
[0.149s] Level 1:colcon.colcon_core.package_identification:_identify(src) by extension 'cmake'
[0.149s] Level 1:colcon.colcon_core.package_identification:_identify(src) by extension 'python'
[0.149s] Level 1:colcon.colcon_core.package_identification:_identify(src) by extensions ['python_setup_py']
[0.149s] Level 1:colcon.colcon_core.package_identification:_identify(src) by extension 'python_setup_py'
[0.149s] Level 1:colcon.colcon_core.package_identification:_identify(src/mycobot_ros2) by extensions ['ignore', 'ignore_ament_install']
[0.149s] Level 1:colcon.colcon_core.package_identification:_identify(src/mycobot_ros2) by extension 'ignore'
[0.149s] Level 1:colcon.colcon_core.package_identification:_identify(src/mycobot_ros2) by extension 'ignore_ament_install'
[0.149s] Level 1:colcon.colcon_core.package_identification:_identify(src/mycobot_ros2) by extensions ['colcon_pkg']
[0.149s] Level 1:colcon.colcon_core.package_identification:_identify(src/mycobot_ros2) by extension 'colcon_pkg'
[0.149s] Level 1:colcon.colcon_core.package_identification:_identify(src/mycobot_ros2) by extensions ['colcon_meta']
[0.149s] Level 1:colcon.colcon_core.package_identification:_identify(src/mycobot_ros2) by extension 'colcon_meta'
[0.149s] Level 1:colcon.colcon_core.package_identification:_identify(src/mycobot_ros2) by extensions ['ros']
[0.149s] Level 1:colcon.colcon_core.package_identification:_identify(src/mycobot_ros2) by extension 'ros'
[0.149s] Level 1:colcon.colcon_core.package_identification:_identify(src/mycobot_ros2) by extensions ['cmake', 'python']
[0.149s] Level 1:colcon.colcon_core.package_identification:_identify(src/mycobot_ros2) by extension 'cmake'
[0.149s] Level 1:colcon.colcon_core.package_identification:_identify(src/mycobot_ros2) by extension 'python'
[0.149s] Level 1:colcon.colcon_core.package_identification:_identify(src/mycobot_ros2) by extensions ['python_setup_py']
[0.149s] Level 1:colcon.colcon_core.package_identification:_identify(src/mycobot_ros2) by extension 'python_setup_py'
[0.149s] Level 1:colcon.colcon_core.package_identification:_identify(src/mycobot_ros2/mycobot_description) by extensions ['ignore', 'ignore_ament_install']
[0.149s] Level 1:colcon.colcon_core.package_identification:_identify(src/mycobot_ros2/mycobot_description) by extension 'ignore'
[0.149s] Level 1:colcon.colcon_core.package_identification:_identify(src/mycobot_ros2/mycobot_description) by extension 'ignore_ament_install'
[0.149s] Level 1:colcon.colcon_core.package_identification:_identify(src/mycobot_ros2/mycobot_description) by extensions ['colcon_pkg']
[0.149s] Level 1:colcon.colcon_core.package_identification:_identify(src/mycobot_ros2/mycobot_description) by extension 'colcon_pkg'
[0.149s] Level 1:colcon.colcon_core.package_identification:_identify(src/mycobot_ros2/mycobot_description) by extensions ['colcon_meta']
[0.149s] Level 1:colcon.colcon_core.package_identification:_identify(src/mycobot_ros2/mycobot_description) by extension 'colcon_meta'
[0.149s] Level 1:colcon.colcon_core.package_identification:_identify(src/mycobot_ros2/mycobot_description) by extensions ['ros']
[0.149s] Level 1:colcon.colcon_core.package_identification:_identify(src/mycobot_ros2/mycobot_description) by extension 'ros'
[0.151s] DEBUG:colcon.colcon_core.package_identification:Package 'src/mycobot_ros2/mycobot_description' with type 'ros.ament_cmake' and name 'mycobot_description'
[0.151s] Level 1:colcon.colcon_core.package_identification:_identify(src/mycobot_ros2/mycobot_ros2) by extensions ['ignore', 'ignore_ament_install']
[0.151s] Level 1:colcon.colcon_core.package_identification:_identify(src/mycobot_ros2/mycobot_ros2) by extension 'ignore'
[0.151s] Level 1:colcon.colcon_core.package_identification:_identify(src/mycobot_ros2/mycobot_ros2) by extension 'ignore_ament_install'
[0.151s] Level 1:colcon.colcon_core.package_identification:_identify(src/mycobot_ros2/mycobot_ros2) by extensions ['colcon_pkg']
[0.151s] Level 1:colcon.colcon_core.package_identification:_identify(src/mycobot_ros2/mycobot_ros2) by extension 'colcon_pkg'
[0.151s] Level 1:colcon.colcon_core.package_identification:_identify(src/mycobot_ros2/mycobot_ros2) by extensions ['colcon_meta']
[0.151s] Level 1:colcon.colcon_core.package_identification:_identify(src/mycobot_ros2/mycobot_ros2) by extension 'colcon_meta'
[0.151s] Level 1:colcon.colcon_core.package_identification:_identify(src/mycobot_ros2/mycobot_ros2) by extensions ['ros']
[0.151s] Level 1:colcon.colcon_core.package_identification:_identify(src/mycobot_ros2/mycobot_ros2) by extension 'ros'
[0.152s] DEBUG:colcon.colcon_core.package_identification:Package 'src/mycobot_ros2/mycobot_ros2' with type 'ros.ament_cmake' and name 'mycobot_ros2'
[0.152s] Level 1:colcon.colcon_core.package_discovery:discover_packages(recursive) using defaults
[0.152s] Level 1:colcon.colcon_core.package_discovery:discover_packages(ignore) discover
[0.152s] Level 1:colcon.colcon_core.package_discovery:discover_packages(ignore) using defaults
[0.152s] Level 1:colcon.colcon_core.package_discovery:discover_packages(path) discover
[0.152s] Level 1:colcon.colcon_core.package_discovery:discover_packages(path) using defaults
[0.164s] Level 1:colcon.colcon_core.package_discovery:discover_packages(prefix_path) check parameters
[0.164s] Level 1:colcon.colcon_core.package_discovery:discover_packages(prefix_path) discover
[0.165s] DEBUG:colcon.colcon_installed_package_information.package_discovery:Found 2 installed packages in /home/david/repos/EOH-Robot-1/ros2_ws/install
[0.166s] DEBUG:colcon.colcon_installed_package_information.package_discovery:Found 382 installed packages in /opt/ros/jazzy
[0.167s] Level 1:colcon.colcon_core.package_discovery:discover_packages(prefix_path) using defaults
[0.204s] Level 5:colcon.colcon_core.verb:set package 'mycobot_description' build argument 'cmake_args' from command line to 'None'
[0.204s] Level 5:colcon.colcon_core.verb:set package 'mycobot_description' build argument 'cmake_target' from command line to 'None'
[0.204s] Level 5:colcon.colcon_core.verb:set package 'mycobot_description' build argument 'cmake_target_skip_unavailable' from command line to 'False'
[0.204s] Level 5:colcon.colcon_core.verb:set package 'mycobot_description' build argument 'cmake_clean_cache' from command line to 'False'
[0.205s] Level 5:colcon.colcon_core.verb:set package 'mycobot_description' build argument 'cmake_clean_first' from command line to 'False'
[0.205s] Level 5:colcon.colcon_core.verb:set package 'mycobot_description' build argument 'cmake_force_configure' from command line to 'False'
[0.205s] Level 5:colcon.colcon_core.verb:set package 'mycobot_description' build argument 'ament_cmake_args' from command line to 'None'
[0.205s] Level 5:colcon.colcon_core.verb:set package 'mycobot_description' build argument 'catkin_cmake_args' from command line to 'None'
[0.205s] Level 5:colcon.colcon_core.verb:set package 'mycobot_description' build argument 'catkin_skip_building_tests' from command line to 'False'
[0.205s] DEBUG:colcon.colcon_core.verb:Building package 'mycobot_description' with the following arguments: {'ament_cmake_args': None, 'build_base': '/home/david/repos/EOH-Robot-1/ros2_ws/build/mycobot_description', 'catkin_cmake_args': None, 'catkin_skip_building_tests': False, 'cmake_args': None, 'cmake_clean_cache': False, 'cmake_clean_first': False, 'cmake_force_configure': False, 'cmake_target': None, 'cmake_target_skip_unavailable': False, 'install_base': '/home/david/repos/EOH-Robot-1/ros2_ws/install/mycobot_description', 'merge_install': False, 'path': '/home/david/repos/EOH-Robot-1/ros2_ws/src/mycobot_ros2/mycobot_description', 'symlink_install': False, 'test_result_base': None}
[0.205s] Level 5:colcon.colcon_core.verb:set package 'mycobot_ros2' build argument 'cmake_args' from command line to 'None'
[0.205s] Level 5:colcon.colcon_core.verb:set package 'mycobot_ros2' build argument 'cmake_target' from command line to 'None'
[0.205s] Level 5:colcon.colcon_core.verb:set package 'mycobot_ros2' build argument 'cmake_target_skip_unavailable' from command line to 'False'
[0.205s] Level 5:colcon.colcon_core.verb:set package 'mycobot_ros2' build argument 'cmake_clean_cache' from command line to 'False'
[0.205s] Level 5:colcon.colcon_core.verb:set package 'mycobot_ros2' build argument 'cmake_clean_first' from command line to 'False'
[0.205s] Level 5:colcon.colcon_core.verb:set package 'mycobot_ros2' build argument 'cmake_force_configure' from command line to 'False'
[0.205s] Level 5:colcon.colcon_core.verb:set package 'mycobot_ros2' build argument 'ament_cmake_args' from command line to 'None'
[0.205s] Level 5:colcon.colcon_core.verb:set package 'mycobot_ros2' build argument 'catkin_cmake_args' from command line to 'None'
[0.205s] Level 5:colcon.colcon_core.verb:set package 'mycobot_ros2' build argument 'catkin_skip_building_tests' from command line to 'False'
[0.205s] DEBUG:colcon.colcon_core.verb:Building package 'mycobot_ros2' with the following arguments: {'ament_cmake_args': None, 'build_base': '/home/david/repos/EOH-Robot-1/ros2_ws/build/mycobot_ros2', 'catkin_cmake_args': None, 'catkin_skip_building_tests': False, 'cmake_args': None, 'cmake_clean_cache': False, 'cmake_clean_first': False, 'cmake_force_configure': False, 'cmake_target': None, 'cmake_target_skip_unavailable': False, 'install_base': '/home/david/repos/EOH-Robot-1/ros2_ws/install/mycobot_ros2', 'merge_install': False, 'path': '/home/david/repos/EOH-Robot-1/ros2_ws/src/mycobot_ros2/mycobot_ros2', 'symlink_install': False, 'test_result_base': None}
[0.205s] INFO:colcon.colcon_core.executor:Executing jobs using 'parallel' executor
[0.206s] DEBUG:colcon.colcon_parallel_executor.executor.parallel:run_until_complete
[0.206s] INFO:colcon.colcon_ros.task.ament_cmake.build:Building ROS package in '/home/david/repos/EOH-Robot-1/ros2_ws/src/mycobot_ros2/mycobot_description' with build type 'ament_cmake'
[0.206s] INFO:colcon.colcon_cmake.task.cmake.build:Building CMake package in '/home/david/repos/EOH-Robot-1/ros2_ws/src/mycobot_ros2/mycobot_description'
[0.207s] INFO:colcon.colcon_core.plugin_system:Skipping extension 'colcon_core.shell.bat': Not used on non-Windows systems
[0.207s] INFO:colcon.colcon_core.shell:Skip shell extension 'powershell' for command environment: Not usable outside of PowerShell
[0.207s] DEBUG:colcon.colcon_core.shell:Skip shell extension 'dsv' for command environment
[0.210s] INFO:colcon.colcon_ros.task.ament_cmake.build:Building ROS package in '/home/david/repos/EOH-Robot-1/ros2_ws/src/mycobot_ros2/mycobot_ros2' with build type 'ament_cmake'
[0.210s] INFO:colcon.colcon_cmake.task.cmake.build:Building CMake package in '/home/david/repos/EOH-Robot-1/ros2_ws/src/mycobot_ros2/mycobot_ros2'
[0.210s] INFO:colcon.colcon_core.shell:Skip shell extension 'powershell' for command environment: Not usable outside of PowerShell
[0.210s] DEBUG:colcon.colcon_core.shell:Skip shell extension 'dsv' for command environment
[0.216s] DEBUG:colcon.colcon_core.event_handler.log_command:Invoking command in '/home/david/repos/EOH-Robot-1/ros2_ws/build/mycobot_description': CMAKE_PREFIX_PATH=${CMAKE_PREFIX_PATH}:/opt/ros/jazzy DEBUGINFOD_URLS=https://debuginfod.ubuntu.com /usr/bin/cmake --build /home/david/repos/EOH-Robot-1/ros2_ws/build/mycobot_description -- -j2 -l2
[0.226s] DEBUG:colcon.colcon_core.event_handler.log_command:Invoking command in '/home/david/repos/EOH-Robot-1/ros2_ws/build/mycobot_ros2': CMAKE_PREFIX_PATH=${CMAKE_PREFIX_PATH}:/opt/ros/jazzy DEBUGINFOD_URLS=https://debuginfod.ubuntu.com /usr/bin/cmake --build /home/david/repos/EOH-Robot-1/ros2_ws/build/mycobot_ros2 -- -j2 -l2
[0.599s] DEBUG:colcon.colcon_core.event_handler.log_command:Invoked command in '/home/david/repos/EOH-Robot-1/ros2_ws/build/mycobot_description' returned '0': CMAKE_PREFIX_PATH=${CMAKE_PREFIX_PATH}:/opt/ros/jazzy DEBUGINFOD_URLS=https://debuginfod.ubuntu.com /usr/bin/cmake --build /home/david/repos/EOH-Robot-1/ros2_ws/build/mycobot_description -- -j2 -l2
[0.609s] DEBUG:colcon.colcon_core.event_handler.log_command:Invoking command in '/home/david/repos/EOH-Robot-1/ros2_ws/build/mycobot_description': CMAKE_PREFIX_PATH=${CMAKE_PREFIX_PATH}:/opt/ros/jazzy DEBUGINFOD_URLS=https://debuginfod.ubuntu.com /usr/bin/cmake --install /home/david/repos/EOH-Robot-1/ros2_ws/build/mycobot_description
[0.622s] Level 1:colcon.colcon_core.environment:create_environment_scripts_only(mycobot_description)
[0.626s] Level 1:colcon.colcon_core.environment:checking '/home/david/repos/EOH-Robot-1/ros2_ws/install/mycobot_description' for CMake module files
[0.626s] Level 1:colcon.colcon_core.environment:checking '/home/david/repos/EOH-Robot-1/ros2_ws/install/mycobot_description' for CMake config files
[0.626s] Level 1:colcon.colcon_core.shell:create_environment_hook('mycobot_description', 'cmake_prefix_path')
[0.627s] INFO:colcon.colcon_core.shell:Creating environment hook '/home/david/repos/EOH-Robot-1/ros2_ws/install/mycobot_description/share/mycobot_description/hook/cmake_prefix_path.ps1'
[0.628s] DEBUG:colcon.colcon_core.event_handler.log_command:Invoked command in '/home/david/repos/EOH-Robot-1/ros2_ws/build/mycobot_description' returned '0': CMAKE_PREFIX_PATH=${CMAKE_PREFIX_PATH}:/opt/ros/jazzy DEBUGINFOD_URLS=https://debuginfod.ubuntu.com /usr/bin/cmake --install /home/david/repos/EOH-Robot-1/ros2_ws/build/mycobot_description
[0.628s] INFO:colcon.colcon_core.shell:Creating environment descriptor '/home/david/repos/EOH-Robot-1/ros2_ws/install/mycobot_description/share/mycobot_description/hook/cmake_prefix_path.dsv'
[0.628s] INFO:colcon.colcon_core.shell:Creating environment hook '/home/david/repos/EOH-Robot-1/ros2_ws/install/mycobot_description/share/mycobot_description/hook/cmake_prefix_path.sh'
[0.630s] Level 1:colcon.colcon_core.environment:checking '/home/david/repos/EOH-Robot-1/ros2_ws/install/mycobot_description/bin'
[0.630s] Level 1:colcon.colcon_core.environment:checking '/home/david/repos/EOH-Robot-1/ros2_ws/install/mycobot_description/lib/pkgconfig/mycobot_description.pc'
[0.630s] Level 1:colcon.colcon_core.environment:checking '/home/david/repos/EOH-Robot-1/ros2_ws/install/mycobot_description/lib/python3.12/site-packages'
[0.630s] Level 1:colcon.colcon_core.environment:checking '/home/david/repos/EOH-Robot-1/ros2_ws/install/mycobot_description/bin'
[0.631s] INFO:colcon.colcon_core.shell:Creating package script '/home/david/repos/EOH-Robot-1/ros2_ws/install/mycobot_description/share/mycobot_description/package.ps1'
[0.632s] INFO:colcon.colcon_core.shell:Creating package descriptor '/home/david/repos/EOH-Robot-1/ros2_ws/install/mycobot_description/share/mycobot_description/package.dsv'
[0.632s] INFO:colcon.colcon_core.shell:Creating package script '/home/david/repos/EOH-Robot-1/ros2_ws/install/mycobot_description/share/mycobot_description/package.sh'
[0.633s] INFO:colcon.colcon_core.shell:Creating package script '/home/david/repos/EOH-Robot-1/ros2_ws/install/mycobot_description/share/mycobot_description/package.bash'
[0.635s] INFO:colcon.colcon_core.shell:Creating package script '/home/david/repos/EOH-Robot-1/ros2_ws/install/mycobot_description/share/mycobot_description/package.zsh'
[0.635s] Level 1:colcon.colcon_core.environment:create_file_with_runtime_dependencies(/home/david/repos/EOH-Robot-1/ros2_ws/install/mycobot_description/share/colcon-core/packages/mycobot_description)
[0.636s] Level 1:colcon.colcon_core.environment:create_environment_scripts_only(mycobot_description)
[0.636s] Level 1:colcon.colcon_core.environment:checking '/home/david/repos/EOH-Robot-1/ros2_ws/install/mycobot_description' for CMake module files
[0.636s] Level 1:colcon.colcon_core.environment:checking '/home/david/repos/EOH-Robot-1/ros2_ws/install/mycobot_description' for CMake config files
[0.636s] Level 1:colcon.colcon_core.shell:create_environment_hook('mycobot_description', 'cmake_prefix_path')
[0.637s] INFO:colcon.colcon_core.shell:Creating environment hook '/home/david/repos/EOH-Robot-1/ros2_ws/install/mycobot_description/share/mycobot_description/hook/cmake_prefix_path.ps1'
[0.637s] INFO:colcon.colcon_core.shell:Creating environment descriptor '/home/david/repos/EOH-Robot-1/ros2_ws/install/mycobot_description/share/mycobot_description/hook/cmake_prefix_path.dsv'
[0.639s] INFO:colcon.colcon_core.shell:Creating environment hook '/home/david/repos/EOH-Robot-1/ros2_ws/install/mycobot_description/share/mycobot_description/hook/cmake_prefix_path.sh'
[0.639s] Level 1:colcon.colcon_core.environment:checking '/home/david/repos/EOH-Robot-1/ros2_ws/install/mycobot_description/bin'
[0.639s] Level 1:colcon.colcon_core.environment:checking '/home/david/repos/EOH-Robot-1/ros2_ws/install/mycobot_description/lib/pkgconfig/mycobot_description.pc'
[0.639s] Level 1:colcon.colcon_core.environment:checking '/home/david/repos/EOH-Robot-1/ros2_ws/install/mycobot_description/lib/python3.12/site-packages'
[0.640s] Level 1:colcon.colcon_core.environment:checking '/home/david/repos/EOH-Robot-1/ros2_ws/install/mycobot_description/bin'
[0.640s] INFO:colcon.colcon_core.shell:Creating package script '/home/david/repos/EOH-Robot-1/ros2_ws/install/mycobot_description/share/mycobot_description/package.ps1'
[0.640s] INFO:colcon.colcon_core.shell:Creating package descriptor '/home/david/repos/EOH-Robot-1/ros2_ws/install/mycobot_description/share/mycobot_description/package.dsv'
[0.640s] INFO:colcon.colcon_core.shell:Creating package script '/home/david/repos/EOH-Robot-1/ros2_ws/install/mycobot_description/share/mycobot_description/package.sh'
[0.640s] INFO:colcon.colcon_core.shell:Creating package script '/home/david/repos/EOH-Robot-1/ros2_ws/install/mycobot_description/share/mycobot_description/package.bash'
[0.641s] INFO:colcon.colcon_core.shell:Creating package script '/home/david/repos/EOH-Robot-1/ros2_ws/install/mycobot_description/share/mycobot_description/package.zsh'
[0.641s] Level 1:colcon.colcon_core.environment:create_file_with_runtime_dependencies(/home/david/repos/EOH-Robot-1/ros2_ws/install/mycobot_description/share/colcon-core/packages/mycobot_description)
[0.738s] DEBUG:colcon.colcon_core.event_handler.log_command:Invoked command in '/home/david/repos/EOH-Robot-1/ros2_ws/build/mycobot_ros2' returned '0': CMAKE_PREFIX_PATH=${CMAKE_PREFIX_PATH}:/opt/ros/jazzy DEBUGINFOD_URLS=https://debuginfod.ubuntu.com /usr/bin/cmake --build /home/david/repos/EOH-Robot-1/ros2_ws/build/mycobot_ros2 -- -j2 -l2
[0.745s] DEBUG:colcon.colcon_core.event_handler.log_command:Invoking command in '/home/david/repos/EOH-Robot-1/ros2_ws/build/mycobot_ros2': CMAKE_PREFIX_PATH=${CMAKE_PREFIX_PATH}:/opt/ros/jazzy DEBUGINFOD_URLS=https://debuginfod.ubuntu.com /usr/bin/cmake --install /home/david/repos/EOH-Robot-1/ros2_ws/build/mycobot_ros2
[0.758s] Level 1:colcon.colcon_core.environment:create_environment_scripts_only(mycobot_ros2)
[0.758s] Level 1:colcon.colcon_core.environment:checking '/home/david/repos/EOH-Robot-1/ros2_ws/install/mycobot_ros2' for CMake module files
[0.760s] Level 1:colcon.colcon_core.environment:checking '/home/david/repos/EOH-Robot-1/ros2_ws/install/mycobot_ros2' for CMake config files
[0.760s] Level 1:colcon.colcon_core.shell:create_environment_hook('mycobot_ros2', 'cmake_prefix_path')
[0.760s] INFO:colcon.colcon_core.shell:Creating environment hook '/home/david/repos/EOH-Robot-1/ros2_ws/install/mycobot_ros2/share/mycobot_ros2/hook/cmake_prefix_path.ps1'
[0.760s] INFO:colcon.colcon_core.shell:Creating environment descriptor '/home/david/repos/EOH-Robot-1/ros2_ws/install/mycobot_ros2/share/mycobot_ros2/hook/cmake_prefix_path.dsv'
[0.760s] INFO:colcon.colcon_core.shell:Creating environment hook '/home/david/repos/EOH-Robot-1/ros2_ws/install/mycobot_ros2/share/mycobot_ros2/hook/cmake_prefix_path.sh'
[0.759s] DEBUG:colcon.colcon_core.event_handler.log_command:Invoked command in '/home/david/repos/EOH-Robot-1/ros2_ws/build/mycobot_ros2' returned '0': CMAKE_PREFIX_PATH=${CMAKE_PREFIX_PATH}:/opt/ros/jazzy DEBUGINFOD_URLS=https://debuginfod.ubuntu.com /usr/bin/cmake --install /home/david/repos/EOH-Robot-1/ros2_ws/build/mycobot_ros2
[0.761s] Level 1:colcon.colcon_core.environment:checking '/home/david/repos/EOH-Robot-1/ros2_ws/install/mycobot_ros2/bin'
[0.761s] Level 1:colcon.colcon_core.environment:checking '/home/david/repos/EOH-Robot-1/ros2_ws/install/mycobot_ros2/lib/pkgconfig/mycobot_ros2.pc'
[0.761s] Level 1:colcon.colcon_core.environment:checking '/home/david/repos/EOH-Robot-1/ros2_ws/install/mycobot_ros2/lib/python3.12/site-packages'
[0.761s] Level 1:colcon.colcon_core.environment:checking '/home/david/repos/EOH-Robot-1/ros2_ws/install/mycobot_ros2/bin'
[0.761s] INFO:colcon.colcon_core.shell:Creating package script '/home/david/repos/EOH-Robot-1/ros2_ws/install/mycobot_ros2/share/mycobot_ros2/package.ps1'
[0.762s] INFO:colcon.colcon_core.shell:Creating package descriptor '/home/david/repos/EOH-Robot-1/ros2_ws/install/mycobot_ros2/share/mycobot_ros2/package.dsv'
[0.762s] INFO:colcon.colcon_core.shell:Creating package script '/home/david/repos/EOH-Robot-1/ros2_ws/install/mycobot_ros2/share/mycobot_ros2/package.sh'
[0.762s] INFO:colcon.colcon_core.shell:Creating package script '/home/david/repos/EOH-Robot-1/ros2_ws/install/mycobot_ros2/share/mycobot_ros2/package.bash'
[0.762s] INFO:colcon.colcon_core.shell:Creating package script '/home/david/repos/EOH-Robot-1/ros2_ws/install/mycobot_ros2/share/mycobot_ros2/package.zsh'
[0.762s] Level 1:colcon.colcon_core.environment:create_file_with_runtime_dependencies(/home/david/repos/EOH-Robot-1/ros2_ws/install/mycobot_ros2/share/colcon-core/packages/mycobot_ros2)
[0.763s] Level 1:colcon.colcon_core.environment:create_environment_scripts_only(mycobot_ros2)
[0.763s] Level 1:colcon.colcon_core.environment:checking '/home/david/repos/EOH-Robot-1/ros2_ws/install/mycobot_ros2' for CMake module files
[0.763s] Level 1:colcon.colcon_core.environment:checking '/home/david/repos/EOH-Robot-1/ros2_ws/install/mycobot_ros2' for CMake config files
[0.763s] Level 1:colcon.colcon_core.shell:create_environment_hook('mycobot_ros2', 'cmake_prefix_path')
[0.763s] INFO:colcon.colcon_core.shell:Creating environment hook '/home/david/repos/EOH-Robot-1/ros2_ws/install/mycobot_ros2/share/mycobot_ros2/hook/cmake_prefix_path.ps1'
[0.763s] INFO:colcon.colcon_core.shell:Creating environment descriptor '/home/david/repos/EOH-Robot-1/ros2_ws/install/mycobot_ros2/share/mycobot_ros2/hook/cmake_prefix_path.dsv'
[0.764s] INFO:colcon.colcon_core.shell:Creating environment hook '/home/david/repos/EOH-Robot-1/ros2_ws/install/mycobot_ros2/share/mycobot_ros2/hook/cmake_prefix_path.sh'
[0.764s] Level 1:colcon.colcon_core.environment:checking '/home/david/repos/EOH-Robot-1/ros2_ws/install/mycobot_ros2/bin'
[0.764s] Level 1:colcon.colcon_core.environment:checking '/home/david/repos/EOH-Robot-1/ros2_ws/install/mycobot_ros2/lib/pkgconfig/mycobot_ros2.pc'
[0.764s] Level 1:colcon.colcon_core.environment:checking '/home/david/repos/EOH-Robot-1/ros2_ws/install/mycobot_ros2/lib/python3.12/site-packages'
[0.764s] Level 1:colcon.colcon_core.environment:checking '/home/david/repos/EOH-Robot-1/ros2_ws/install/mycobot_ros2/bin'
[0.764s] INFO:colcon.colcon_core.shell:Creating package script '/home/david/repos/EOH-Robot-1/ros2_ws/install/mycobot_ros2/share/mycobot_ros2/package.ps1'
[0.765s] INFO:colcon.colcon_core.shell:Creating package descriptor '/home/david/repos/EOH-Robot-1/ros2_ws/install/mycobot_ros2/share/mycobot_ros2/package.dsv'
[0.765s] INFO:colcon.colcon_core.shell:Creating package script '/home/david/repos/EOH-Robot-1/ros2_ws/install/mycobot_ros2/share/mycobot_ros2/package.sh'
[0.765s] INFO:colcon.colcon_core.shell:Creating package script '/home/david/repos/EOH-Robot-1/ros2_ws/install/mycobot_ros2/share/mycobot_ros2/package.bash'
[0.765s] INFO:colcon.colcon_core.shell:Creating package script '/home/david/repos/EOH-Robot-1/ros2_ws/install/mycobot_ros2/share/mycobot_ros2/package.zsh'
[0.765s] Level 1:colcon.colcon_core.environment:create_file_with_runtime_dependencies(/home/david/repos/EOH-Robot-1/ros2_ws/install/mycobot_ros2/share/colcon-core/packages/mycobot_ros2)
[0.766s] DEBUG:colcon.colcon_parallel_executor.executor.parallel:closing loop
[0.766s] DEBUG:colcon.colcon_parallel_executor.executor.parallel:loop closed
[0.766s] DEBUG:colcon.colcon_parallel_executor.executor.parallel:run_until_complete finished with '0'
[0.766s] DEBUG:colcon.colcon_core.event_reactor:joining thread
[0.770s] INFO:colcon.colcon_core.plugin_system:Skipping extension 'colcon_notification.desktop_notification.terminal_notifier': Not used on non-Darwin systems
[0.770s] INFO:colcon.colcon_core.plugin_system:Skipping extension 'colcon_notification.desktop_notification.win32': Not used on non-Windows systems
[0.770s] INFO:colcon.colcon_notification.desktop_notification:Sending desktop notification using 'notify2'
[0.787s] DEBUG:colcon.colcon_core.event_reactor:joined thread
[0.788s] INFO:colcon.colcon_core.shell:Creating prefix script '/home/david/repos/EOH-Robot-1/ros2_ws/install/local_setup.ps1'
[0.788s] INFO:colcon.colcon_core.shell:Creating prefix util module '/home/david/repos/EOH-Robot-1/ros2_ws/install/_local_setup_util_ps1.py'
[0.798s] INFO:colcon.colcon_core.shell:Creating prefix chain script '/home/david/repos/EOH-Robot-1/ros2_ws/install/setup.ps1'
[0.799s] INFO:colcon.colcon_core.shell:Creating prefix script '/home/david/repos/EOH-Robot-1/ros2_ws/install/local_setup.sh'
[0.799s] INFO:colcon.colcon_core.shell:Creating prefix util module '/home/david/repos/EOH-Robot-1/ros2_ws/install/_local_setup_util_sh.py'
[0.800s] INFO:colcon.colcon_core.shell:Creating prefix chain script '/home/david/repos/EOH-Robot-1/ros2_ws/install/setup.sh'
[0.809s] INFO:colcon.colcon_core.shell:Creating prefix script '/home/david/repos/EOH-Robot-1/ros2_ws/install/local_setup.bash'
[0.811s] INFO:colcon.colcon_core.shell:Creating prefix chain script '/home/david/repos/EOH-Robot-1/ros2_ws/install/setup.bash'
[0.814s] INFO:colcon.colcon_core.shell:Creating prefix script '/home/david/repos/EOH-Robot-1/ros2_ws/install/local_setup.zsh'
[0.816s] INFO:colcon.colcon_core.shell:Creating prefix chain script '/home/david/repos/EOH-Robot-1/ros2_ws/install/setup.zsh'
