[0.019s] Invoking command in '/home/david/repos/EOH-Robot-1/ros2_ws/build/mycobot_ros2': CMAKE_PREFIX_PATH=${CMAKE_PREFIX_PATH}:/opt/ros/jazzy DEBUGINFOD_URLS=https://debuginfod.ubuntu.com /usr/bin/cmake --build /home/david/repos/EOH-Robot-1/ros2_ws/build/mycobot_ros2 -- -j2 -l2
[0.085s] -- Found ament_cmake: 2.5.2 (/opt/ros/jazzy/share/ament_cmake/cmake)
[0.348s] -- Found ament_lint_auto: 0.17.1 (/opt/ros/jazzy/share/ament_lint_auto/cmake)
[0.436s] -- Added test 'lint_cmake' to check CMake code style
[0.436s] -- Added test 'xmllint' to check XML markup files
[0.436s] -- Configuring done (0.4s)
[0.451s] -- Generating done (0.0s)
[0.455s] -- Build files have been written to: /home/david/ros2_ws/build/mycobot_ros2
[0.476s] Invoked command in '/home/david/repos/EOH-Robot-1/ros2_ws/build/mycobot_ros2' returned '0': CMAKE_PREFIX_PATH=${CMAKE_PREFIX_PATH}:/opt/ros/jazzy DEBUGINFOD_URLS=https://debuginfod.ubuntu.com /usr/bin/cmake --build /home/david/repos/EOH-Robot-1/ros2_ws/build/mycobot_ros2 -- -j2 -l2
[0.493s] Invoking command in '/home/david/repos/EOH-Robot-1/ros2_ws/build/mycobot_ros2': CMAKE_PREFIX_PATH=${CMAKE_PREFIX_PATH}:/opt/ros/jazzy DEBUGINFOD_URLS=https://debuginfod.ubuntu.com /usr/bin/cmake --install /home/david/repos/EOH-Robot-1/ros2_ws/build/mycobot_ros2
[0.509s] -- Install configuration: ""
[0.509s] -- Up-to-date: /home/david/ros2_ws/install/mycobot_ros2/share/ament_index/resource_index/package_run_dependencies/mycobot_ros2
[0.511s] -- Up-to-date: /home/david/ros2_ws/install/mycobot_ros2/share/ament_index/resource_index/parent_prefix_path/mycobot_ros2
[0.511s] -- Up-to-date: /home/david/ros2_ws/install/mycobot_ros2/share/mycobot_ros2/environment/ament_prefix_path.sh
[0.512s] -- Up-to-date: /home/david/ros2_ws/install/mycobot_ros2/share/mycobot_ros2/environment/ament_prefix_path.dsv
[0.512s] -- Up-to-date: /home/david/ros2_ws/install/mycobot_ros2/share/mycobot_ros2/environment/path.sh
[0.512s] -- Up-to-date: /home/david/ros2_ws/install/mycobot_ros2/share/mycobot_ros2/environment/path.dsv
[0.512s] -- Up-to-date: /home/david/ros2_ws/install/mycobot_ros2/share/mycobot_ros2/local_setup.bash
[0.512s] -- Up-to-date: /home/david/ros2_ws/install/mycobot_ros2/share/mycobot_ros2/local_setup.sh
[0.512s] -- Up-to-date: /home/david/ros2_ws/install/mycobot_ros2/share/mycobot_ros2/local_setup.zsh
[0.512s] -- Up-to-date: /home/david/ros2_ws/install/mycobot_ros2/share/mycobot_ros2/local_setup.dsv
[0.512s] -- Up-to-date: /home/david/ros2_ws/install/mycobot_ros2/share/mycobot_ros2/package.dsv
[0.512s] -- Up-to-date: /home/david/ros2_ws/install/mycobot_ros2/share/ament_index/resource_index/packages/mycobot_ros2
[0.512s] -- Up-to-date: /home/david/ros2_ws/install/mycobot_ros2/share/mycobot_ros2/cmake/mycobot_ros2Config.cmake
[0.512s] -- Up-to-date: /home/david/ros2_ws/install/mycobot_ros2/share/mycobot_ros2/cmake/mycobot_ros2Config-version.cmake
[0.512s] -- Up-to-date: /home/david/ros2_ws/install/mycobot_ros2/share/mycobot_ros2/package.xml
[0.519s] Invoked command in '/home/david/repos/EOH-Robot-1/ros2_ws/build/mycobot_ros2' returned '0': CMAKE_PREFIX_PATH=${CMAKE_PREFIX_PATH}:/opt/ros/jazzy DEBUGINFOD_URLS=https://debuginfod.ubuntu.com /usr/bin/cmake --install /home/david/repos/EOH-Robot-1/ros2_ws/build/mycobot_ros2
