[0.118s] DEBUG:colcon:Command line arguments: ['/usr/bin/colcon', 'build']
[0.118s] DEBUG:colcon:Parsed command line arguments: Namespace(log_base=None, log_level=None, verb_name='build', build_base='build', install_base='install', merge_install=False, symlink_install=False, test_result_base=None, continue_on_error=False, executor='parallel', parallel_workers=2, event_handlers=None, ignore_user_meta=False, metas=['./colcon.meta'], base_paths=['.'], packages_ignore=None, packages_ignore_regex=None, paths=None, packages_up_to=None, packages_up_to_regex=None, packages_above=None, packages_above_and_dependencies=None, packages_above_depth=None, packages_select_by_dep=None, packages_skip_by_dep=None, packages_skip_up_to=None, packages_select_build_failed=False, packages_skip_build_finished=False, packages_select_test_failures=False, packages_skip_test_passed=False, packages_select=None, packages_skip=None, packages_select_regex=None, packages_skip_regex=None, packages_start=None, packages_end=None, allow_overriding=[], cmake_args=None, cmake_target=None, cmake_target_skip_unavailable=False, cmake_clean_cache=False, cmake_clean_first=False, cmake_force_configure=False, ament_cmake_args=None, catkin_cmake_args=None, catkin_skip_building_tests=False, mixin_files=None, mixin=None, verb_parser=<colcon_mixin.mixin.mixin_argument.MixinArgumentDecorator object at 0xe630429690a0>, verb_extension=<colcon_core.verb.build.BuildVerb object at 0xe630428e6fc0>, main=<bound method BuildVerb.main of <colcon_core.verb.build.BuildVerb object at 0xe630428e6fc0>>, mixin_verb=('build',))
[0.154s] Level 1:colcon.colcon_core.package_discovery:discover_packages(colcon_meta) check parameters
[0.155s] Level 1:colcon.colcon_core.package_discovery:discover_packages(recursive) check parameters
[0.155s] Level 1:colcon.colcon_core.package_discovery:discover_packages(ignore) check parameters
[0.155s] Level 1:colcon.colcon_core.package_discovery:discover_packages(path) check parameters
[0.155s] Level 1:colcon.colcon_core.package_discovery:discover_packages(colcon_meta) discover
[0.155s] Level 1:colcon.colcon_core.package_discovery:discover_packages(recursive) discover
[0.155s] INFO:colcon.colcon_core.package_discovery:Crawling recursively for packages in '/home/david/repos/EOH-Robot-1/ros2_ws'
[0.155s] Level 1:colcon.colcon_core.package_identification:_identify(.) by extensions ['ignore', 'ignore_ament_install']
[0.155s] Level 1:colcon.colcon_core.package_identification:_identify(.) by extension 'ignore'
[0.155s] Level 1:colcon.colcon_core.package_identification:_identify(.) by extension 'ignore_ament_install'
[0.155s] Level 1:colcon.colcon_core.package_identification:_identify(.) by extensions ['colcon_pkg']
[0.155s] Level 1:colcon.colcon_core.package_identification:_identify(.) by extension 'colcon_pkg'
[0.155s] Level 1:colcon.colcon_core.package_identification:_identify(.) by extensions ['colcon_meta']
[0.155s] Level 1:colcon.colcon_core.package_identification:_identify(.) by extension 'colcon_meta'
[0.155s] Level 1:colcon.colcon_core.package_identification:_identify(.) by extensions ['ros']
[0.155s] Level 1:colcon.colcon_core.package_identification:_identify(.) by extension 'ros'
[0.182s] Level 1:colcon.colcon_core.package_identification:_identify(.) by extensions ['cmake', 'python']
[0.182s] Level 1:colcon.colcon_core.package_identification:_identify(.) by extension 'cmake'
[0.182s] Level 1:colcon.colcon_core.package_identification:_identify(.) by extension 'python'
[0.182s] Level 1:colcon.colcon_core.package_identification:_identify(.) by extensions ['python_setup_py']
[0.182s] Level 1:colcon.colcon_core.package_identification:_identify(.) by extension 'python_setup_py'
[0.182s] Level 1:colcon.colcon_core.package_identification:_identify(build) by extensions ['ignore', 'ignore_ament_install']
[0.182s] Level 1:colcon.colcon_core.package_identification:_identify(build) by extension 'ignore'
[0.182s] Level 1:colcon.colcon_core.package_identification:_identify(build) ignored
[0.182s] Level 1:colcon.colcon_core.package_identification:_identify(install) by extensions ['ignore', 'ignore_ament_install']
[0.182s] Level 1:colcon.colcon_core.package_identification:_identify(install) by extension 'ignore'
[0.182s] Level 1:colcon.colcon_core.package_identification:_identify(install) ignored
[0.183s] Level 1:colcon.colcon_core.package_identification:_identify(log) by extensions ['ignore', 'ignore_ament_install']
[0.183s] Level 1:colcon.colcon_core.package_identification:_identify(log) by extension 'ignore'
[0.183s] Level 1:colcon.colcon_core.package_identification:_identify(log) ignored
[0.183s] Level 1:colcon.colcon_core.package_identification:_identify(src) by extensions ['ignore', 'ignore_ament_install']
[0.183s] Level 1:colcon.colcon_core.package_identification:_identify(src) by extension 'ignore'
[0.183s] Level 1:colcon.colcon_core.package_identification:_identify(src) by extension 'ignore_ament_install'
[0.183s] Level 1:colcon.colcon_core.package_identification:_identify(src) by extensions ['colcon_pkg']
[0.183s] Level 1:colcon.colcon_core.package_identification:_identify(src) by extension 'colcon_pkg'
[0.183s] Level 1:colcon.colcon_core.package_identification:_identify(src) by extensions ['colcon_meta']
[0.183s] Level 1:colcon.colcon_core.package_identification:_identify(src) by extension 'colcon_meta'
[0.183s] Level 1:colcon.colcon_core.package_identification:_identify(src) by extensions ['ros']
[0.183s] Level 1:colcon.colcon_core.package_identification:_identify(src) by extension 'ros'
[0.183s] Level 1:colcon.colcon_core.package_identification:_identify(src) by extensions ['cmake', 'python']
[0.183s] Level 1:colcon.colcon_core.package_identification:_identify(src) by extension 'cmake'
[0.183s] Level 1:colcon.colcon_core.package_identification:_identify(src) by extension 'python'
[0.183s] Level 1:colcon.colcon_core.package_identification:_identify(src) by extensions ['python_setup_py']
[0.183s] Level 1:colcon.colcon_core.package_identification:_identify(src) by extension 'python_setup_py'
[0.183s] Level 1:colcon.colcon_core.package_identification:_identify(src/mycobot_ros2) by extensions ['ignore', 'ignore_ament_install']
[0.183s] Level 1:colcon.colcon_core.package_identification:_identify(src/mycobot_ros2) by extension 'ignore'
[0.183s] Level 1:colcon.colcon_core.package_identification:_identify(src/mycobot_ros2) by extension 'ignore_ament_install'
[0.183s] Level 1:colcon.colcon_core.package_identification:_identify(src/mycobot_ros2) by extensions ['colcon_pkg']
[0.183s] Level 1:colcon.colcon_core.package_identification:_identify(src/mycobot_ros2) by extension 'colcon_pkg'
[0.183s] Level 1:colcon.colcon_core.package_identification:_identify(src/mycobot_ros2) by extensions ['colcon_meta']
[0.183s] Level 1:colcon.colcon_core.package_identification:_identify(src/mycobot_ros2) by extension 'colcon_meta'
[0.183s] Level 1:colcon.colcon_core.package_identification:_identify(src/mycobot_ros2) by extensions ['ros']
[0.183s] Level 1:colcon.colcon_core.package_identification:_identify(src/mycobot_ros2) by extension 'ros'
[0.183s] Level 1:colcon.colcon_core.package_identification:_identify(src/mycobot_ros2) by extensions ['cmake', 'python']
[0.183s] Level 1:colcon.colcon_core.package_identification:_identify(src/mycobot_ros2) by extension 'cmake'
[0.183s] Level 1:colcon.colcon_core.package_identification:_identify(src/mycobot_ros2) by extension 'python'
[0.183s] Level 1:colcon.colcon_core.package_identification:_identify(src/mycobot_ros2) by extensions ['python_setup_py']
[0.183s] Level 1:colcon.colcon_core.package_identification:_identify(src/mycobot_ros2) by extension 'python_setup_py'
[0.183s] Level 1:colcon.colcon_core.package_identification:_identify(src/mycobot_ros2/mycobot_bringup) by extensions ['ignore', 'ignore_ament_install']
[0.184s] Level 1:colcon.colcon_core.package_identification:_identify(src/mycobot_ros2/mycobot_bringup) by extension 'ignore'
[0.184s] Level 1:colcon.colcon_core.package_identification:_identify(src/mycobot_ros2/mycobot_bringup) by extension 'ignore_ament_install'
[0.184s] Level 1:colcon.colcon_core.package_identification:_identify(src/mycobot_ros2/mycobot_bringup) by extensions ['colcon_pkg']
[0.184s] Level 1:colcon.colcon_core.package_identification:_identify(src/mycobot_ros2/mycobot_bringup) by extension 'colcon_pkg'
[0.184s] Level 1:colcon.colcon_core.package_identification:_identify(src/mycobot_ros2/mycobot_bringup) by extensions ['colcon_meta']
[0.184s] Level 1:colcon.colcon_core.package_identification:_identify(src/mycobot_ros2/mycobot_bringup) by extension 'colcon_meta'
[0.184s] Level 1:colcon.colcon_core.package_identification:_identify(src/mycobot_ros2/mycobot_bringup) by extensions ['ros']
[0.184s] Level 1:colcon.colcon_core.package_identification:_identify(src/mycobot_ros2/mycobot_bringup) by extension 'ros'
[0.186s] DEBUG:colcon.colcon_core.package_identification:Package 'src/mycobot_ros2/mycobot_bringup' with type 'ros.ament_cmake' and name 'mycobot_bringup'
[0.186s] Level 1:colcon.colcon_core.package_identification:_identify(src/mycobot_ros2/mycobot_description) by extensions ['ignore', 'ignore_ament_install']
[0.186s] Level 1:colcon.colcon_core.package_identification:_identify(src/mycobot_ros2/mycobot_description) by extension 'ignore'
[0.186s] Level 1:colcon.colcon_core.package_identification:_identify(src/mycobot_ros2/mycobot_description) by extension 'ignore_ament_install'
[0.186s] Level 1:colcon.colcon_core.package_identification:_identify(src/mycobot_ros2/mycobot_description) by extensions ['colcon_pkg']
[0.186s] Level 1:colcon.colcon_core.package_identification:_identify(src/mycobot_ros2/mycobot_description) by extension 'colcon_pkg'
[0.186s] Level 1:colcon.colcon_core.package_identification:_identify(src/mycobot_ros2/mycobot_description) by extensions ['colcon_meta']
[0.186s] Level 1:colcon.colcon_core.package_identification:_identify(src/mycobot_ros2/mycobot_description) by extension 'colcon_meta'
[0.186s] Level 1:colcon.colcon_core.package_identification:_identify(src/mycobot_ros2/mycobot_description) by extensions ['ros']
[0.186s] Level 1:colcon.colcon_core.package_identification:_identify(src/mycobot_ros2/mycobot_description) by extension 'ros'
[0.187s] DEBUG:colcon.colcon_core.package_identification:Package 'src/mycobot_ros2/mycobot_description' with type 'ros.ament_cmake' and name 'mycobot_description'
[0.187s] Level 1:colcon.colcon_core.package_identification:_identify(src/mycobot_ros2/mycobot_gazebo) by extensions ['ignore', 'ignore_ament_install']
[0.187s] Level 1:colcon.colcon_core.package_identification:_identify(src/mycobot_ros2/mycobot_gazebo) by extension 'ignore'
[0.187s] Level 1:colcon.colcon_core.package_identification:_identify(src/mycobot_ros2/mycobot_gazebo) by extension 'ignore_ament_install'
[0.187s] Level 1:colcon.colcon_core.package_identification:_identify(src/mycobot_ros2/mycobot_gazebo) by extensions ['colcon_pkg']
[0.187s] Level 1:colcon.colcon_core.package_identification:_identify(src/mycobot_ros2/mycobot_gazebo) by extension 'colcon_pkg'
[0.187s] Level 1:colcon.colcon_core.package_identification:_identify(src/mycobot_ros2/mycobot_gazebo) by extensions ['colcon_meta']
[0.187s] Level 1:colcon.colcon_core.package_identification:_identify(src/mycobot_ros2/mycobot_gazebo) by extension 'colcon_meta'
[0.187s] Level 1:colcon.colcon_core.package_identification:_identify(src/mycobot_ros2/mycobot_gazebo) by extensions ['ros']
[0.187s] Level 1:colcon.colcon_core.package_identification:_identify(src/mycobot_ros2/mycobot_gazebo) by extension 'ros'
[0.188s] DEBUG:colcon.colcon_core.package_identification:Package 'src/mycobot_ros2/mycobot_gazebo' with type 'ros.ament_cmake' and name 'mycobot_gazebo'
[0.188s] Level 1:colcon.colcon_core.package_identification:_identify(src/mycobot_ros2/mycobot_moveit_config) by extensions ['ignore', 'ignore_ament_install']
[0.188s] Level 1:colcon.colcon_core.package_identification:_identify(src/mycobot_ros2/mycobot_moveit_config) by extension 'ignore'
[0.188s] Level 1:colcon.colcon_core.package_identification:_identify(src/mycobot_ros2/mycobot_moveit_config) by extension 'ignore_ament_install'
[0.188s] Level 1:colcon.colcon_core.package_identification:_identify(src/mycobot_ros2/mycobot_moveit_config) by extensions ['colcon_pkg']
[0.188s] Level 1:colcon.colcon_core.package_identification:_identify(src/mycobot_ros2/mycobot_moveit_config) by extension 'colcon_pkg'
[0.188s] Level 1:colcon.colcon_core.package_identification:_identify(src/mycobot_ros2/mycobot_moveit_config) by extensions ['colcon_meta']
[0.188s] Level 1:colcon.colcon_core.package_identification:_identify(src/mycobot_ros2/mycobot_moveit_config) by extension 'colcon_meta'
[0.188s] Level 1:colcon.colcon_core.package_identification:_identify(src/mycobot_ros2/mycobot_moveit_config) by extensions ['ros']
[0.188s] Level 1:colcon.colcon_core.package_identification:_identify(src/mycobot_ros2/mycobot_moveit_config) by extension 'ros'
[0.189s] DEBUG:colcon.colcon_core.package_identification:Package 'src/mycobot_ros2/mycobot_moveit_config' with type 'ros.ament_cmake' and name 'mycobot_moveit_config'
[0.189s] Level 1:colcon.colcon_core.package_identification:_identify(src/mycobot_ros2/mycobot_ros2) by extensions ['ignore', 'ignore_ament_install']
[0.189s] Level 1:colcon.colcon_core.package_identification:_identify(src/mycobot_ros2/mycobot_ros2) by extension 'ignore'
[0.189s] Level 1:colcon.colcon_core.package_identification:_identify(src/mycobot_ros2/mycobot_ros2) by extension 'ignore_ament_install'
[0.189s] Level 1:colcon.colcon_core.package_identification:_identify(src/mycobot_ros2/mycobot_ros2) by extensions ['colcon_pkg']
[0.189s] Level 1:colcon.colcon_core.package_identification:_identify(src/mycobot_ros2/mycobot_ros2) by extension 'colcon_pkg'
[0.189s] Level 1:colcon.colcon_core.package_identification:_identify(src/mycobot_ros2/mycobot_ros2) by extensions ['colcon_meta']
[0.189s] Level 1:colcon.colcon_core.package_identification:_identify(src/mycobot_ros2/mycobot_ros2) by extension 'colcon_meta'
[0.189s] Level 1:colcon.colcon_core.package_identification:_identify(src/mycobot_ros2/mycobot_ros2) by extensions ['ros']
[0.189s] Level 1:colcon.colcon_core.package_identification:_identify(src/mycobot_ros2/mycobot_ros2) by extension 'ros'
[0.189s] DEBUG:colcon.colcon_core.package_identification:Package 'src/mycobot_ros2/mycobot_ros2' with type 'ros.ament_cmake' and name 'mycobot_ros2'
[0.189s] Level 1:colcon.colcon_core.package_identification:_identify(src/mycobot_ros2/mycobot_system_tests) by extensions ['ignore', 'ignore_ament_install']
[0.189s] Level 1:colcon.colcon_core.package_identification:_identify(src/mycobot_ros2/mycobot_system_tests) by extension 'ignore'
[0.189s] Level 1:colcon.colcon_core.package_identification:_identify(src/mycobot_ros2/mycobot_system_tests) by extension 'ignore_ament_install'
[0.189s] Level 1:colcon.colcon_core.package_identification:_identify(src/mycobot_ros2/mycobot_system_tests) by extensions ['colcon_pkg']
[0.189s] Level 1:colcon.colcon_core.package_identification:_identify(src/mycobot_ros2/mycobot_system_tests) by extension 'colcon_pkg'
[0.189s] Level 1:colcon.colcon_core.package_identification:_identify(src/mycobot_ros2/mycobot_system_tests) by extensions ['colcon_meta']
[0.189s] Level 1:colcon.colcon_core.package_identification:_identify(src/mycobot_ros2/mycobot_system_tests) by extension 'colcon_meta'
[0.189s] Level 1:colcon.colcon_core.package_identification:_identify(src/mycobot_ros2/mycobot_system_tests) by extensions ['ros']
[0.189s] Level 1:colcon.colcon_core.package_identification:_identify(src/mycobot_ros2/mycobot_system_tests) by extension 'ros'
[0.190s] DEBUG:colcon.colcon_core.package_identification:Package 'src/mycobot_ros2/mycobot_system_tests' with type 'ros.ament_cmake' and name 'mycobot_system_tests'
[0.190s] Level 1:colcon.colcon_core.package_discovery:discover_packages(recursive) using defaults
[0.190s] Level 1:colcon.colcon_core.package_discovery:discover_packages(ignore) discover
[0.190s] Level 1:colcon.colcon_core.package_discovery:discover_packages(ignore) using defaults
[0.190s] Level 1:colcon.colcon_core.package_discovery:discover_packages(path) discover
[0.190s] Level 1:colcon.colcon_core.package_discovery:discover_packages(path) using defaults
[0.218s] Level 1:colcon.colcon_core.package_discovery:discover_packages(prefix_path) check parameters
[0.218s] Level 1:colcon.colcon_core.package_discovery:discover_packages(prefix_path) discover
[0.219s] DEBUG:colcon.colcon_installed_package_information.package_discovery:Found 6 installed packages in /home/david/repos/EOH-Robot-1/ros2_ws/install
[0.221s] DEBUG:colcon.colcon_installed_package_information.package_discovery:Found 383 installed packages in /opt/ros/jazzy
[0.222s] Level 1:colcon.colcon_core.package_discovery:discover_packages(prefix_path) using defaults
[0.267s] Level 5:colcon.colcon_core.verb:set package 'mycobot_bringup' build argument 'cmake_args' from command line to 'None'
[0.267s] Level 5:colcon.colcon_core.verb:set package 'mycobot_bringup' build argument 'cmake_target' from command line to 'None'
[0.267s] Level 5:colcon.colcon_core.verb:set package 'mycobot_bringup' build argument 'cmake_target_skip_unavailable' from command line to 'False'
[0.267s] Level 5:colcon.colcon_core.verb:set package 'mycobot_bringup' build argument 'cmake_clean_cache' from command line to 'False'
[0.267s] Level 5:colcon.colcon_core.verb:set package 'mycobot_bringup' build argument 'cmake_clean_first' from command line to 'False'
[0.267s] Level 5:colcon.colcon_core.verb:set package 'mycobot_bringup' build argument 'cmake_force_configure' from command line to 'False'
[0.267s] Level 5:colcon.colcon_core.verb:set package 'mycobot_bringup' build argument 'ament_cmake_args' from command line to 'None'
[0.267s] Level 5:colcon.colcon_core.verb:set package 'mycobot_bringup' build argument 'catkin_cmake_args' from command line to 'None'
[0.267s] Level 5:colcon.colcon_core.verb:set package 'mycobot_bringup' build argument 'catkin_skip_building_tests' from command line to 'False'
[0.267s] DEBUG:colcon.colcon_core.verb:Building package 'mycobot_bringup' with the following arguments: {'ament_cmake_args': None, 'build_base': '/home/david/repos/EOH-Robot-1/ros2_ws/build/mycobot_bringup', 'catkin_cmake_args': None, 'catkin_skip_building_tests': False, 'cmake_args': None, 'cmake_clean_cache': False, 'cmake_clean_first': False, 'cmake_force_configure': False, 'cmake_target': None, 'cmake_target_skip_unavailable': False, 'install_base': '/home/david/repos/EOH-Robot-1/ros2_ws/install/mycobot_bringup', 'merge_install': False, 'path': '/home/david/repos/EOH-Robot-1/ros2_ws/src/mycobot_ros2/mycobot_bringup', 'symlink_install': False, 'test_result_base': None}
[0.267s] Level 5:colcon.colcon_core.verb:set package 'mycobot_description' build argument 'cmake_args' from command line to 'None'
[0.267s] Level 5:colcon.colcon_core.verb:set package 'mycobot_description' build argument 'cmake_target' from command line to 'None'
[0.267s] Level 5:colcon.colcon_core.verb:set package 'mycobot_description' build argument 'cmake_target_skip_unavailable' from command line to 'False'
[0.267s] Level 5:colcon.colcon_core.verb:set package 'mycobot_description' build argument 'cmake_clean_cache' from command line to 'False'
[0.267s] Level 5:colcon.colcon_core.verb:set package 'mycobot_description' build argument 'cmake_clean_first' from command line to 'False'
[0.267s] Level 5:colcon.colcon_core.verb:set package 'mycobot_description' build argument 'cmake_force_configure' from command line to 'False'
[0.267s] Level 5:colcon.colcon_core.verb:set package 'mycobot_description' build argument 'ament_cmake_args' from command line to 'None'
[0.267s] Level 5:colcon.colcon_core.verb:set package 'mycobot_description' build argument 'catkin_cmake_args' from command line to 'None'
[0.267s] Level 5:colcon.colcon_core.verb:set package 'mycobot_description' build argument 'catkin_skip_building_tests' from command line to 'False'
[0.267s] DEBUG:colcon.colcon_core.verb:Building package 'mycobot_description' with the following arguments: {'ament_cmake_args': None, 'build_base': '/home/david/repos/EOH-Robot-1/ros2_ws/build/mycobot_description', 'catkin_cmake_args': None, 'catkin_skip_building_tests': False, 'cmake_args': None, 'cmake_clean_cache': False, 'cmake_clean_first': False, 'cmake_force_configure': False, 'cmake_target': None, 'cmake_target_skip_unavailable': False, 'install_base': '/home/david/repos/EOH-Robot-1/ros2_ws/install/mycobot_description', 'merge_install': False, 'path': '/home/david/repos/EOH-Robot-1/ros2_ws/src/mycobot_ros2/mycobot_description', 'symlink_install': False, 'test_result_base': None}
[0.267s] Level 5:colcon.colcon_core.verb:set package 'mycobot_gazebo' build argument 'cmake_args' from command line to 'None'
[0.267s] Level 5:colcon.colcon_core.verb:set package 'mycobot_gazebo' build argument 'cmake_target' from command line to 'None'
[0.267s] Level 5:colcon.colcon_core.verb:set package 'mycobot_gazebo' build argument 'cmake_target_skip_unavailable' from command line to 'False'
[0.267s] Level 5:colcon.colcon_core.verb:set package 'mycobot_gazebo' build argument 'cmake_clean_cache' from command line to 'False'
[0.267s] Level 5:colcon.colcon_core.verb:set package 'mycobot_gazebo' build argument 'cmake_clean_first' from command line to 'False'
[0.267s] Level 5:colcon.colcon_core.verb:set package 'mycobot_gazebo' build argument 'cmake_force_configure' from command line to 'False'
[0.267s] Level 5:colcon.colcon_core.verb:set package 'mycobot_gazebo' build argument 'ament_cmake_args' from command line to 'None'
[0.267s] Level 5:colcon.colcon_core.verb:set package 'mycobot_gazebo' build argument 'catkin_cmake_args' from command line to 'None'
[0.268s] Level 5:colcon.colcon_core.verb:set package 'mycobot_gazebo' build argument 'catkin_skip_building_tests' from command line to 'False'
[0.268s] DEBUG:colcon.colcon_core.verb:Building package 'mycobot_gazebo' with the following arguments: {'ament_cmake_args': None, 'build_base': '/home/david/repos/EOH-Robot-1/ros2_ws/build/mycobot_gazebo', 'catkin_cmake_args': None, 'catkin_skip_building_tests': False, 'cmake_args': None, 'cmake_clean_cache': False, 'cmake_clean_first': False, 'cmake_force_configure': False, 'cmake_target': None, 'cmake_target_skip_unavailable': False, 'install_base': '/home/david/repos/EOH-Robot-1/ros2_ws/install/mycobot_gazebo', 'merge_install': False, 'path': '/home/david/repos/EOH-Robot-1/ros2_ws/src/mycobot_ros2/mycobot_gazebo', 'symlink_install': False, 'test_result_base': None}
[0.268s] Level 5:colcon.colcon_core.verb:set package 'mycobot_moveit_config' build argument 'cmake_args' from command line to 'None'
[0.268s] Level 5:colcon.colcon_core.verb:set package 'mycobot_moveit_config' build argument 'cmake_target' from command line to 'None'
[0.268s] Level 5:colcon.colcon_core.verb:set package 'mycobot_moveit_config' build argument 'cmake_target_skip_unavailable' from command line to 'False'
[0.268s] Level 5:colcon.colcon_core.verb:set package 'mycobot_moveit_config' build argument 'cmake_clean_cache' from command line to 'False'
[0.268s] Level 5:colcon.colcon_core.verb:set package 'mycobot_moveit_config' build argument 'cmake_clean_first' from command line to 'False'
[0.268s] Level 5:colcon.colcon_core.verb:set package 'mycobot_moveit_config' build argument 'cmake_force_configure' from command line to 'False'
[0.268s] Level 5:colcon.colcon_core.verb:set package 'mycobot_moveit_config' build argument 'ament_cmake_args' from command line to 'None'
[0.268s] Level 5:colcon.colcon_core.verb:set package 'mycobot_moveit_config' build argument 'catkin_cmake_args' from command line to 'None'
[0.268s] Level 5:colcon.colcon_core.verb:set package 'mycobot_moveit_config' build argument 'catkin_skip_building_tests' from command line to 'False'
[0.268s] DEBUG:colcon.colcon_core.verb:Building package 'mycobot_moveit_config' with the following arguments: {'ament_cmake_args': None, 'build_base': '/home/david/repos/EOH-Robot-1/ros2_ws/build/mycobot_moveit_config', 'catkin_cmake_args': None, 'catkin_skip_building_tests': False, 'cmake_args': None, 'cmake_clean_cache': False, 'cmake_clean_first': False, 'cmake_force_configure': False, 'cmake_target': None, 'cmake_target_skip_unavailable': False, 'install_base': '/home/david/repos/EOH-Robot-1/ros2_ws/install/mycobot_moveit_config', 'merge_install': False, 'path': '/home/david/repos/EOH-Robot-1/ros2_ws/src/mycobot_ros2/mycobot_moveit_config', 'symlink_install': False, 'test_result_base': None}
[0.268s] Level 5:colcon.colcon_core.verb:set package 'mycobot_system_tests' build argument 'cmake_args' from command line to 'None'
[0.268s] Level 5:colcon.colcon_core.verb:set package 'mycobot_system_tests' build argument 'cmake_target' from command line to 'None'
[0.268s] Level 5:colcon.colcon_core.verb:set package 'mycobot_system_tests' build argument 'cmake_target_skip_unavailable' from command line to 'False'
[0.268s] Level 5:colcon.colcon_core.verb:set package 'mycobot_system_tests' build argument 'cmake_clean_cache' from command line to 'False'
[0.268s] Level 5:colcon.colcon_core.verb:set package 'mycobot_system_tests' build argument 'cmake_clean_first' from command line to 'False'
[0.268s] Level 5:colcon.colcon_core.verb:set package 'mycobot_system_tests' build argument 'cmake_force_configure' from command line to 'False'
[0.268s] Level 5:colcon.colcon_core.verb:set package 'mycobot_system_tests' build argument 'ament_cmake_args' from command line to 'None'
[0.268s] Level 5:colcon.colcon_core.verb:set package 'mycobot_system_tests' build argument 'catkin_cmake_args' from command line to 'None'
[0.268s] Level 5:colcon.colcon_core.verb:set package 'mycobot_system_tests' build argument 'catkin_skip_building_tests' from command line to 'False'
[0.268s] DEBUG:colcon.colcon_core.verb:Building package 'mycobot_system_tests' with the following arguments: {'ament_cmake_args': None, 'build_base': '/home/david/repos/EOH-Robot-1/ros2_ws/build/mycobot_system_tests', 'catkin_cmake_args': None, 'catkin_skip_building_tests': False, 'cmake_args': None, 'cmake_clean_cache': False, 'cmake_clean_first': False, 'cmake_force_configure': False, 'cmake_target': None, 'cmake_target_skip_unavailable': False, 'install_base': '/home/david/repos/EOH-Robot-1/ros2_ws/install/mycobot_system_tests', 'merge_install': False, 'path': '/home/david/repos/EOH-Robot-1/ros2_ws/src/mycobot_ros2/mycobot_system_tests', 'symlink_install': False, 'test_result_base': None}
[0.268s] Level 5:colcon.colcon_core.verb:set package 'mycobot_ros2' build argument 'cmake_args' from command line to 'None'
[0.268s] Level 5:colcon.colcon_core.verb:set package 'mycobot_ros2' build argument 'cmake_target' from command line to 'None'
[0.268s] Level 5:colcon.colcon_core.verb:set package 'mycobot_ros2' build argument 'cmake_target_skip_unavailable' from command line to 'False'
[0.268s] Level 5:colcon.colcon_core.verb:set package 'mycobot_ros2' build argument 'cmake_clean_cache' from command line to 'False'
[0.268s] Level 5:colcon.colcon_core.verb:set package 'mycobot_ros2' build argument 'cmake_clean_first' from command line to 'False'
[0.268s] Level 5:colcon.colcon_core.verb:set package 'mycobot_ros2' build argument 'cmake_force_configure' from command line to 'False'
[0.268s] Level 5:colcon.colcon_core.verb:set package 'mycobot_ros2' build argument 'ament_cmake_args' from command line to 'None'
[0.268s] Level 5:colcon.colcon_core.verb:set package 'mycobot_ros2' build argument 'catkin_cmake_args' from command line to 'None'
[0.268s] Level 5:colcon.colcon_core.verb:set package 'mycobot_ros2' build argument 'catkin_skip_building_tests' from command line to 'False'
[0.268s] DEBUG:colcon.colcon_core.verb:Building package 'mycobot_ros2' with the following arguments: {'ament_cmake_args': None, 'build_base': '/home/david/repos/EOH-Robot-1/ros2_ws/build/mycobot_ros2', 'catkin_cmake_args': None, 'catkin_skip_building_tests': False, 'cmake_args': None, 'cmake_clean_cache': False, 'cmake_clean_first': False, 'cmake_force_configure': False, 'cmake_target': None, 'cmake_target_skip_unavailable': False, 'install_base': '/home/david/repos/EOH-Robot-1/ros2_ws/install/mycobot_ros2', 'merge_install': False, 'path': '/home/david/repos/EOH-Robot-1/ros2_ws/src/mycobot_ros2/mycobot_ros2', 'symlink_install': False, 'test_result_base': None}
[0.268s] INFO:colcon.colcon_core.executor:Executing jobs using 'parallel' executor
[0.269s] DEBUG:colcon.colcon_parallel_executor.executor.parallel:run_until_complete
[0.269s] INFO:colcon.colcon_ros.task.ament_cmake.build:Building ROS package in '/home/david/repos/EOH-Robot-1/ros2_ws/src/mycobot_ros2/mycobot_bringup' with build type 'ament_cmake'
[0.269s] INFO:colcon.colcon_cmake.task.cmake.build:Building CMake package in '/home/david/repos/EOH-Robot-1/ros2_ws/src/mycobot_ros2/mycobot_bringup'
[0.271s] INFO:colcon.colcon_core.plugin_system:Skipping extension 'colcon_core.shell.bat': Not used on non-Windows systems
[0.271s] INFO:colcon.colcon_core.shell:Skip shell extension 'powershell' for command environment: Not usable outside of PowerShell
[0.271s] DEBUG:colcon.colcon_core.shell:Skip shell extension 'dsv' for command environment
[0.274s] INFO:colcon.colcon_ros.task.ament_cmake.build:Building ROS package in '/home/david/repos/EOH-Robot-1/ros2_ws/src/mycobot_ros2/mycobot_description' with build type 'ament_cmake'
[0.274s] INFO:colcon.colcon_cmake.task.cmake.build:Building CMake package in '/home/david/repos/EOH-Robot-1/ros2_ws/src/mycobot_ros2/mycobot_description'
[0.275s] INFO:colcon.colcon_core.shell:Skip shell extension 'powershell' for command environment: Not usable outside of PowerShell
[0.275s] DEBUG:colcon.colcon_core.shell:Skip shell extension 'dsv' for command environment
[0.284s] DEBUG:colcon.colcon_core.event_handler.log_command:Invoking command in '/home/david/repos/EOH-Robot-1/ros2_ws/build/mycobot_bringup': CMAKE_PREFIX_PATH=${CMAKE_PREFIX_PATH}:/opt/ros/jazzy DEBUGINFOD_URLS=https://debuginfod.ubuntu.com /usr/bin/cmake --build /home/david/repos/EOH-Robot-1/ros2_ws/build/mycobot_bringup -- -j2 -l2
[0.292s] DEBUG:colcon.colcon_core.event_handler.log_command:Invoking command in '/home/david/repos/EOH-Robot-1/ros2_ws/build/mycobot_description': CMAKE_PREFIX_PATH=${CMAKE_PREFIX_PATH}:/opt/ros/jazzy DEBUGINFOD_URLS=https://debuginfod.ubuntu.com /usr/bin/cmake --build /home/david/repos/EOH-Robot-1/ros2_ws/build/mycobot_description -- -j2 -l2
[0.348s] DEBUG:colcon.colcon_core.event_handler.log_command:Invoked command in '/home/david/repos/EOH-Robot-1/ros2_ws/build/mycobot_bringup' returned '0': CMAKE_PREFIX_PATH=${CMAKE_PREFIX_PATH}:/opt/ros/jazzy DEBUGINFOD_URLS=https://debuginfod.ubuntu.com /usr/bin/cmake --build /home/david/repos/EOH-Robot-1/ros2_ws/build/mycobot_bringup -- -j2 -l2
[0.355s] DEBUG:colcon.colcon_core.event_handler.log_command:Invoking command in '/home/david/repos/EOH-Robot-1/ros2_ws/build/mycobot_bringup': CMAKE_PREFIX_PATH=${CMAKE_PREFIX_PATH}:/opt/ros/jazzy DEBUGINFOD_URLS=https://debuginfod.ubuntu.com /usr/bin/cmake --install /home/david/repos/EOH-Robot-1/ros2_ws/build/mycobot_bringup
[0.358s] DEBUG:colcon.colcon_core.event_handler.log_command:Invoked command in '/home/david/repos/EOH-Robot-1/ros2_ws/build/mycobot_description' returned '0': CMAKE_PREFIX_PATH=${CMAKE_PREFIX_PATH}:/opt/ros/jazzy DEBUGINFOD_URLS=https://debuginfod.ubuntu.com /usr/bin/cmake --build /home/david/repos/EOH-Robot-1/ros2_ws/build/mycobot_description -- -j2 -l2
[0.358s] DEBUG:colcon.colcon_core.event_handler.log_command:Invoking command in '/home/david/repos/EOH-Robot-1/ros2_ws/build/mycobot_description': CMAKE_PREFIX_PATH=${CMAKE_PREFIX_PATH}:/opt/ros/jazzy DEBUGINFOD_URLS=https://debuginfod.ubuntu.com /usr/bin/cmake --install /home/david/repos/EOH-Robot-1/ros2_ws/build/mycobot_description
[0.366s] Level 1:colcon.colcon_core.environment:create_environment_scripts_only(mycobot_bringup)
[0.367s] DEBUG:colcon.colcon_core.event_handler.log_command:Invoked command in '/home/david/repos/EOH-Robot-1/ros2_ws/build/mycobot_bringup' returned '0': CMAKE_PREFIX_PATH=${CMAKE_PREFIX_PATH}:/opt/ros/jazzy DEBUGINFOD_URLS=https://debuginfod.ubuntu.com /usr/bin/cmake --install /home/david/repos/EOH-Robot-1/ros2_ws/build/mycobot_bringup
[0.368s] Level 1:colcon.colcon_core.environment:checking '/home/david/repos/EOH-Robot-1/ros2_ws/install/mycobot_bringup' for CMake module files
[0.368s] Level 1:colcon.colcon_core.environment:checking '/home/david/repos/EOH-Robot-1/ros2_ws/install/mycobot_bringup' for CMake config files
[0.369s] Level 1:colcon.colcon_core.shell:create_environment_hook('mycobot_bringup', 'cmake_prefix_path')
[0.369s] INFO:colcon.colcon_core.shell:Creating environment hook '/home/david/repos/EOH-Robot-1/ros2_ws/install/mycobot_bringup/share/mycobot_bringup/hook/cmake_prefix_path.ps1'
[0.374s] INFO:colcon.colcon_core.shell:Creating environment descriptor '/home/david/repos/EOH-Robot-1/ros2_ws/install/mycobot_bringup/share/mycobot_bringup/hook/cmake_prefix_path.dsv'
[0.374s] INFO:colcon.colcon_core.shell:Creating environment hook '/home/david/repos/EOH-Robot-1/ros2_ws/install/mycobot_bringup/share/mycobot_bringup/hook/cmake_prefix_path.sh'
[0.375s] Level 1:colcon.colcon_core.environment:checking '/home/david/repos/EOH-Robot-1/ros2_ws/install/mycobot_bringup/bin'
[0.375s] Level 1:colcon.colcon_core.environment:checking '/home/david/repos/EOH-Robot-1/ros2_ws/install/mycobot_bringup/lib/pkgconfig/mycobot_bringup.pc'
[0.376s] Level 1:colcon.colcon_core.environment:checking '/home/david/repos/EOH-Robot-1/ros2_ws/install/mycobot_bringup/lib/python3.12/site-packages'
[0.376s] Level 1:colcon.colcon_core.environment:checking '/home/david/repos/EOH-Robot-1/ros2_ws/install/mycobot_bringup/bin'
[0.376s] INFO:colcon.colcon_core.shell:Creating package script '/home/david/repos/EOH-Robot-1/ros2_ws/install/mycobot_bringup/share/mycobot_bringup/package.ps1'
[0.377s] INFO:colcon.colcon_core.shell:Creating package descriptor '/home/david/repos/EOH-Robot-1/ros2_ws/install/mycobot_bringup/share/mycobot_bringup/package.dsv'
[0.378s] INFO:colcon.colcon_core.shell:Creating package script '/home/david/repos/EOH-Robot-1/ros2_ws/install/mycobot_bringup/share/mycobot_bringup/package.sh'
[0.379s] INFO:colcon.colcon_core.shell:Creating package script '/home/david/repos/EOH-Robot-1/ros2_ws/install/mycobot_bringup/share/mycobot_bringup/package.bash'
[0.379s] INFO:colcon.colcon_core.shell:Creating package script '/home/david/repos/EOH-Robot-1/ros2_ws/install/mycobot_bringup/share/mycobot_bringup/package.zsh'
[0.381s] Level 1:colcon.colcon_core.environment:create_file_with_runtime_dependencies(/home/david/repos/EOH-Robot-1/ros2_ws/install/mycobot_bringup/share/colcon-core/packages/mycobot_bringup)
[0.382s] Level 1:colcon.colcon_core.environment:create_environment_scripts_only(mycobot_bringup)
[0.382s] Level 1:colcon.colcon_core.environment:checking '/home/david/repos/EOH-Robot-1/ros2_ws/install/mycobot_bringup' for CMake module files
[0.382s] Level 1:colcon.colcon_core.environment:checking '/home/david/repos/EOH-Robot-1/ros2_ws/install/mycobot_bringup' for CMake config files
[0.382s] Level 1:colcon.colcon_core.shell:create_environment_hook('mycobot_bringup', 'cmake_prefix_path')
[0.382s] INFO:colcon.colcon_core.shell:Creating environment hook '/home/david/repos/EOH-Robot-1/ros2_ws/install/mycobot_bringup/share/mycobot_bringup/hook/cmake_prefix_path.ps1'
[0.382s] INFO:colcon.colcon_core.shell:Creating environment descriptor '/home/david/repos/EOH-Robot-1/ros2_ws/install/mycobot_bringup/share/mycobot_bringup/hook/cmake_prefix_path.dsv'
[0.383s] INFO:colcon.colcon_core.shell:Creating environment hook '/home/david/repos/EOH-Robot-1/ros2_ws/install/mycobot_bringup/share/mycobot_bringup/hook/cmake_prefix_path.sh'
[0.383s] Level 1:colcon.colcon_core.environment:checking '/home/david/repos/EOH-Robot-1/ros2_ws/install/mycobot_bringup/bin'
[0.383s] Level 1:colcon.colcon_core.environment:checking '/home/david/repos/EOH-Robot-1/ros2_ws/install/mycobot_bringup/lib/pkgconfig/mycobot_bringup.pc'
[0.383s] Level 1:colcon.colcon_core.environment:checking '/home/david/repos/EOH-Robot-1/ros2_ws/install/mycobot_bringup/lib/python3.12/site-packages'
[0.384s] Level 1:colcon.colcon_core.environment:checking '/home/david/repos/EOH-Robot-1/ros2_ws/install/mycobot_bringup/bin'
[0.384s] INFO:colcon.colcon_core.shell:Creating package script '/home/david/repos/EOH-Robot-1/ros2_ws/install/mycobot_bringup/share/mycobot_bringup/package.ps1'
[0.384s] INFO:colcon.colcon_core.shell:Creating package descriptor '/home/david/repos/EOH-Robot-1/ros2_ws/install/mycobot_bringup/share/mycobot_bringup/package.dsv'
[0.384s] INFO:colcon.colcon_core.shell:Creating package script '/home/david/repos/EOH-Robot-1/ros2_ws/install/mycobot_bringup/share/mycobot_bringup/package.sh'
[0.385s] INFO:colcon.colcon_core.shell:Creating package script '/home/david/repos/EOH-Robot-1/ros2_ws/install/mycobot_bringup/share/mycobot_bringup/package.bash'
[0.385s] INFO:colcon.colcon_core.shell:Creating package script '/home/david/repos/EOH-Robot-1/ros2_ws/install/mycobot_bringup/share/mycobot_bringup/package.zsh'
[0.386s] Level 1:colcon.colcon_core.environment:create_file_with_runtime_dependencies(/home/david/repos/EOH-Robot-1/ros2_ws/install/mycobot_bringup/share/colcon-core/packages/mycobot_bringup)
[0.386s] INFO:colcon.colcon_ros.task.ament_cmake.build:Building ROS package in '/home/david/repos/EOH-Robot-1/ros2_ws/src/mycobot_ros2/mycobot_gazebo' with build type 'ament_cmake'
[0.386s] INFO:colcon.colcon_cmake.task.cmake.build:Building CMake package in '/home/david/repos/EOH-Robot-1/ros2_ws/src/mycobot_ros2/mycobot_gazebo'
[0.386s] INFO:colcon.colcon_core.shell:Skip shell extension 'powershell' for command environment: Not usable outside of PowerShell
[0.386s] DEBUG:colcon.colcon_core.shell:Skip shell extension 'dsv' for command environment
[0.391s] Level 1:colcon.colcon_core.environment:create_environment_scripts_only(mycobot_description)
[0.392s] DEBUG:colcon.colcon_core.event_handler.log_command:Invoked command in '/home/david/repos/EOH-Robot-1/ros2_ws/build/mycobot_description' returned '0': CMAKE_PREFIX_PATH=${CMAKE_PREFIX_PATH}:/opt/ros/jazzy DEBUGINFOD_URLS=https://debuginfod.ubuntu.com /usr/bin/cmake --install /home/david/repos/EOH-Robot-1/ros2_ws/build/mycobot_description
[0.392s] Level 1:colcon.colcon_core.environment:checking '/home/david/repos/EOH-Robot-1/ros2_ws/install/mycobot_description' for CMake module files
[0.392s] Level 1:colcon.colcon_core.environment:checking '/home/david/repos/EOH-Robot-1/ros2_ws/install/mycobot_description' for CMake config files
[0.393s] Level 1:colcon.colcon_core.shell:create_environment_hook('mycobot_description', 'cmake_prefix_path')
[0.393s] INFO:colcon.colcon_core.shell:Creating environment hook '/home/david/repos/EOH-Robot-1/ros2_ws/install/mycobot_description/share/mycobot_description/hook/cmake_prefix_path.ps1'
[0.393s] INFO:colcon.colcon_core.shell:Creating environment descriptor '/home/david/repos/EOH-Robot-1/ros2_ws/install/mycobot_description/share/mycobot_description/hook/cmake_prefix_path.dsv'
[0.394s] INFO:colcon.colcon_core.shell:Creating environment hook '/home/david/repos/EOH-Robot-1/ros2_ws/install/mycobot_description/share/mycobot_description/hook/cmake_prefix_path.sh'
[0.394s] Level 1:colcon.colcon_core.environment:checking '/home/david/repos/EOH-Robot-1/ros2_ws/install/mycobot_description/bin'
[0.394s] Level 1:colcon.colcon_core.environment:checking '/home/david/repos/EOH-Robot-1/ros2_ws/install/mycobot_description/lib/pkgconfig/mycobot_description.pc'
[0.396s] Level 1:colcon.colcon_core.environment:checking '/home/david/repos/EOH-Robot-1/ros2_ws/install/mycobot_description/lib/python3.12/site-packages'
[0.396s] Level 1:colcon.colcon_core.environment:checking '/home/david/repos/EOH-Robot-1/ros2_ws/install/mycobot_description/bin'
[0.396s] INFO:colcon.colcon_core.shell:Creating package script '/home/david/repos/EOH-Robot-1/ros2_ws/install/mycobot_description/share/mycobot_description/package.ps1'
[0.396s] INFO:colcon.colcon_core.shell:Creating package descriptor '/home/david/repos/EOH-Robot-1/ros2_ws/install/mycobot_description/share/mycobot_description/package.dsv'
[0.396s] INFO:colcon.colcon_core.shell:Creating package script '/home/david/repos/EOH-Robot-1/ros2_ws/install/mycobot_description/share/mycobot_description/package.sh'
[0.399s] INFO:colcon.colcon_core.shell:Creating package script '/home/david/repos/EOH-Robot-1/ros2_ws/install/mycobot_description/share/mycobot_description/package.bash'
[0.399s] INFO:colcon.colcon_core.shell:Creating package script '/home/david/repos/EOH-Robot-1/ros2_ws/install/mycobot_description/share/mycobot_description/package.zsh'
[0.399s] Level 1:colcon.colcon_core.environment:create_file_with_runtime_dependencies(/home/david/repos/EOH-Robot-1/ros2_ws/install/mycobot_description/share/colcon-core/packages/mycobot_description)
[0.401s] Level 1:colcon.colcon_core.environment:create_environment_scripts_only(mycobot_description)
[0.401s] Level 1:colcon.colcon_core.environment:checking '/home/david/repos/EOH-Robot-1/ros2_ws/install/mycobot_description' for CMake module files
[0.401s] Level 1:colcon.colcon_core.environment:checking '/home/david/repos/EOH-Robot-1/ros2_ws/install/mycobot_description' for CMake config files
[0.402s] Level 1:colcon.colcon_core.shell:create_environment_hook('mycobot_description', 'cmake_prefix_path')
[0.402s] INFO:colcon.colcon_core.shell:Creating environment hook '/home/david/repos/EOH-Robot-1/ros2_ws/install/mycobot_description/share/mycobot_description/hook/cmake_prefix_path.ps1'
[0.402s] INFO:colcon.colcon_core.shell:Creating environment descriptor '/home/david/repos/EOH-Robot-1/ros2_ws/install/mycobot_description/share/mycobot_description/hook/cmake_prefix_path.dsv'
[0.402s] INFO:colcon.colcon_core.shell:Creating environment hook '/home/david/repos/EOH-Robot-1/ros2_ws/install/mycobot_description/share/mycobot_description/hook/cmake_prefix_path.sh'
[0.402s] Level 1:colcon.colcon_core.environment:checking '/home/david/repos/EOH-Robot-1/ros2_ws/install/mycobot_description/bin'
[0.402s] Level 1:colcon.colcon_core.environment:checking '/home/david/repos/EOH-Robot-1/ros2_ws/install/mycobot_description/lib/pkgconfig/mycobot_description.pc'
[0.402s] Level 1:colcon.colcon_core.environment:checking '/home/david/repos/EOH-Robot-1/ros2_ws/install/mycobot_description/lib/python3.12/site-packages'
[0.404s] Level 1:colcon.colcon_core.environment:checking '/home/david/repos/EOH-Robot-1/ros2_ws/install/mycobot_description/bin'
[0.404s] INFO:colcon.colcon_core.shell:Creating package script '/home/david/repos/EOH-Robot-1/ros2_ws/install/mycobot_description/share/mycobot_description/package.ps1'
[0.404s] INFO:colcon.colcon_core.shell:Creating package descriptor '/home/david/repos/EOH-Robot-1/ros2_ws/install/mycobot_description/share/mycobot_description/package.dsv'
[0.405s] INFO:colcon.colcon_core.shell:Creating package script '/home/david/repos/EOH-Robot-1/ros2_ws/install/mycobot_description/share/mycobot_description/package.sh'
[0.405s] INFO:colcon.colcon_core.shell:Creating package script '/home/david/repos/EOH-Robot-1/ros2_ws/install/mycobot_description/share/mycobot_description/package.bash'
[0.405s] INFO:colcon.colcon_core.shell:Creating package script '/home/david/repos/EOH-Robot-1/ros2_ws/install/mycobot_description/share/mycobot_description/package.zsh'
[0.405s] Level 1:colcon.colcon_core.environment:create_file_with_runtime_dependencies(/home/david/repos/EOH-Robot-1/ros2_ws/install/mycobot_description/share/colcon-core/packages/mycobot_description)
[0.406s] INFO:colcon.colcon_ros.task.ament_cmake.build:Building ROS package in '/home/david/repos/EOH-Robot-1/ros2_ws/src/mycobot_ros2/mycobot_moveit_config' with build type 'ament_cmake'
[0.406s] INFO:colcon.colcon_cmake.task.cmake.build:Building CMake package in '/home/david/repos/EOH-Robot-1/ros2_ws/src/mycobot_ros2/mycobot_moveit_config'
[0.406s] INFO:colcon.colcon_core.shell:Skip shell extension 'powershell' for command environment: Not usable outside of PowerShell
[0.406s] DEBUG:colcon.colcon_core.shell:Skip shell extension 'dsv' for command environment
[0.419s] DEBUG:colcon.colcon_core.event_handler.log_command:Invoking command in '/home/david/repos/EOH-Robot-1/ros2_ws/build/mycobot_gazebo': CMAKE_PREFIX_PATH=${CMAKE_PREFIX_PATH}:/opt/ros/jazzy DEBUGINFOD_URLS=https://debuginfod.ubuntu.com /usr/bin/cmake --build /home/david/repos/EOH-Robot-1/ros2_ws/build/mycobot_gazebo -- -j2 -l2
[0.424s] DEBUG:colcon.colcon_core.event_handler.log_command:Invoking command in '/home/david/repos/EOH-Robot-1/ros2_ws/build/mycobot_moveit_config': CMAKE_PREFIX_PATH=${CMAKE_PREFIX_PATH}:/opt/ros/jazzy DEBUGINFOD_URLS=https://debuginfod.ubuntu.com /usr/bin/cmake --build /home/david/repos/EOH-Robot-1/ros2_ws/build/mycobot_moveit_config -- -j2 -l2
[0.498s] DEBUG:colcon.colcon_core.event_handler.log_command:Invoked command in '/home/david/repos/EOH-Robot-1/ros2_ws/build/mycobot_moveit_config' returned '0': CMAKE_PREFIX_PATH=${CMAKE_PREFIX_PATH}:/opt/ros/jazzy DEBUGINFOD_URLS=https://debuginfod.ubuntu.com /usr/bin/cmake --build /home/david/repos/EOH-Robot-1/ros2_ws/build/mycobot_moveit_config -- -j2 -l2
[0.502s] DEBUG:colcon.colcon_core.event_handler.log_command:Invoking command in '/home/david/repos/EOH-Robot-1/ros2_ws/build/mycobot_moveit_config': CMAKE_PREFIX_PATH=${CMAKE_PREFIX_PATH}:/opt/ros/jazzy DEBUGINFOD_URLS=https://debuginfod.ubuntu.com /usr/bin/cmake --install /home/david/repos/EOH-Robot-1/ros2_ws/build/mycobot_moveit_config
[0.509s] DEBUG:colcon.colcon_core.event_handler.log_command:Invoked command in '/home/david/repos/EOH-Robot-1/ros2_ws/build/mycobot_gazebo' returned '0': CMAKE_PREFIX_PATH=${CMAKE_PREFIX_PATH}:/opt/ros/jazzy DEBUGINFOD_URLS=https://debuginfod.ubuntu.com /usr/bin/cmake --build /home/david/repos/EOH-Robot-1/ros2_ws/build/mycobot_gazebo -- -j2 -l2
[0.510s] DEBUG:colcon.colcon_core.event_handler.log_command:Invoking command in '/home/david/repos/EOH-Robot-1/ros2_ws/build/mycobot_gazebo': CMAKE_PREFIX_PATH=${CMAKE_PREFIX_PATH}:/opt/ros/jazzy DEBUGINFOD_URLS=https://debuginfod.ubuntu.com /usr/bin/cmake --install /home/david/repos/EOH-Robot-1/ros2_ws/build/mycobot_gazebo
[0.531s] Level 1:colcon.colcon_core.environment:create_environment_scripts_only(mycobot_moveit_config)
[0.531s] Level 1:colcon.colcon_core.environment:checking '/home/david/repos/EOH-Robot-1/ros2_ws/install/mycobot_moveit_config' for CMake module files
[0.533s] DEBUG:colcon.colcon_core.event_handler.log_command:Invoked command in '/home/david/repos/EOH-Robot-1/ros2_ws/build/mycobot_moveit_config' returned '0': CMAKE_PREFIX_PATH=${CMAKE_PREFIX_PATH}:/opt/ros/jazzy DEBUGINFOD_URLS=https://debuginfod.ubuntu.com /usr/bin/cmake --install /home/david/repos/EOH-Robot-1/ros2_ws/build/mycobot_moveit_config
[0.535s] Level 1:colcon.colcon_core.environment:checking '/home/david/repos/EOH-Robot-1/ros2_ws/install/mycobot_moveit_config' for CMake config files
[0.535s] Level 1:colcon.colcon_core.shell:create_environment_hook('mycobot_moveit_config', 'cmake_prefix_path')
[0.535s] INFO:colcon.colcon_core.shell:Creating environment hook '/home/david/repos/EOH-Robot-1/ros2_ws/install/mycobot_moveit_config/share/mycobot_moveit_config/hook/cmake_prefix_path.ps1'
[0.535s] INFO:colcon.colcon_core.shell:Creating environment descriptor '/home/david/repos/EOH-Robot-1/ros2_ws/install/mycobot_moveit_config/share/mycobot_moveit_config/hook/cmake_prefix_path.dsv'
[0.539s] INFO:colcon.colcon_core.shell:Creating environment hook '/home/david/repos/EOH-Robot-1/ros2_ws/install/mycobot_moveit_config/share/mycobot_moveit_config/hook/cmake_prefix_path.sh'
[0.540s] Level 1:colcon.colcon_core.environment:checking '/home/david/repos/EOH-Robot-1/ros2_ws/install/mycobot_moveit_config/bin'
[0.540s] Level 1:colcon.colcon_core.environment:checking '/home/david/repos/EOH-Robot-1/ros2_ws/install/mycobot_moveit_config/lib/pkgconfig/mycobot_moveit_config.pc'
[0.543s] Level 1:colcon.colcon_core.environment:checking '/home/david/repos/EOH-Robot-1/ros2_ws/install/mycobot_moveit_config/lib/python3.12/site-packages'
[0.543s] Level 1:colcon.colcon_core.environment:checking '/home/david/repos/EOH-Robot-1/ros2_ws/install/mycobot_moveit_config/bin'
[0.544s] INFO:colcon.colcon_core.shell:Creating package script '/home/david/repos/EOH-Robot-1/ros2_ws/install/mycobot_moveit_config/share/mycobot_moveit_config/package.ps1'
[0.544s] INFO:colcon.colcon_core.shell:Creating package descriptor '/home/david/repos/EOH-Robot-1/ros2_ws/install/mycobot_moveit_config/share/mycobot_moveit_config/package.dsv'
[0.546s] INFO:colcon.colcon_core.shell:Creating package script '/home/david/repos/EOH-Robot-1/ros2_ws/install/mycobot_moveit_config/share/mycobot_moveit_config/package.sh'
[0.547s] INFO:colcon.colcon_core.shell:Creating package script '/home/david/repos/EOH-Robot-1/ros2_ws/install/mycobot_moveit_config/share/mycobot_moveit_config/package.bash'
[0.550s] INFO:colcon.colcon_core.shell:Creating package script '/home/david/repos/EOH-Robot-1/ros2_ws/install/mycobot_moveit_config/share/mycobot_moveit_config/package.zsh'
[0.550s] Level 1:colcon.colcon_core.environment:create_file_with_runtime_dependencies(/home/david/repos/EOH-Robot-1/ros2_ws/install/mycobot_moveit_config/share/colcon-core/packages/mycobot_moveit_config)
[0.550s] Level 1:colcon.colcon_core.environment:create_environment_scripts_only(mycobot_moveit_config)
[0.550s] Level 1:colcon.colcon_core.environment:checking '/home/david/repos/EOH-Robot-1/ros2_ws/install/mycobot_moveit_config' for CMake module files
[0.551s] Level 1:colcon.colcon_core.environment:checking '/home/david/repos/EOH-Robot-1/ros2_ws/install/mycobot_moveit_config' for CMake config files
[0.551s] Level 1:colcon.colcon_core.shell:create_environment_hook('mycobot_moveit_config', 'cmake_prefix_path')
[0.551s] INFO:colcon.colcon_core.shell:Creating environment hook '/home/david/repos/EOH-Robot-1/ros2_ws/install/mycobot_moveit_config/share/mycobot_moveit_config/hook/cmake_prefix_path.ps1'
[0.551s] INFO:colcon.colcon_core.shell:Creating environment descriptor '/home/david/repos/EOH-Robot-1/ros2_ws/install/mycobot_moveit_config/share/mycobot_moveit_config/hook/cmake_prefix_path.dsv'
[0.551s] INFO:colcon.colcon_core.shell:Creating environment hook '/home/david/repos/EOH-Robot-1/ros2_ws/install/mycobot_moveit_config/share/mycobot_moveit_config/hook/cmake_prefix_path.sh'
[0.554s] Level 1:colcon.colcon_core.environment:checking '/home/david/repos/EOH-Robot-1/ros2_ws/install/mycobot_moveit_config/bin'
[0.554s] Level 1:colcon.colcon_core.environment:checking '/home/david/repos/EOH-Robot-1/ros2_ws/install/mycobot_moveit_config/lib/pkgconfig/mycobot_moveit_config.pc'
[0.554s] Level 1:colcon.colcon_core.environment:checking '/home/david/repos/EOH-Robot-1/ros2_ws/install/mycobot_moveit_config/lib/python3.12/site-packages'
[0.554s] Level 1:colcon.colcon_core.environment:checking '/home/david/repos/EOH-Robot-1/ros2_ws/install/mycobot_moveit_config/bin'
[0.554s] INFO:colcon.colcon_core.shell:Creating package script '/home/david/repos/EOH-Robot-1/ros2_ws/install/mycobot_moveit_config/share/mycobot_moveit_config/package.ps1'
[0.555s] INFO:colcon.colcon_core.shell:Creating package descriptor '/home/david/repos/EOH-Robot-1/ros2_ws/install/mycobot_moveit_config/share/mycobot_moveit_config/package.dsv'
[0.555s] INFO:colcon.colcon_core.shell:Creating package script '/home/david/repos/EOH-Robot-1/ros2_ws/install/mycobot_moveit_config/share/mycobot_moveit_config/package.sh'
[0.559s] INFO:colcon.colcon_core.shell:Creating package script '/home/david/repos/EOH-Robot-1/ros2_ws/install/mycobot_moveit_config/share/mycobot_moveit_config/package.bash'
[0.566s] INFO:colcon.colcon_core.shell:Creating package script '/home/david/repos/EOH-Robot-1/ros2_ws/install/mycobot_moveit_config/share/mycobot_moveit_config/package.zsh'
[0.567s] Level 1:colcon.colcon_core.environment:create_file_with_runtime_dependencies(/home/david/repos/EOH-Robot-1/ros2_ws/install/mycobot_moveit_config/share/colcon-core/packages/mycobot_moveit_config)
[0.567s] INFO:colcon.colcon_ros.task.ament_cmake.build:Building ROS package in '/home/david/repos/EOH-Robot-1/ros2_ws/src/mycobot_ros2/mycobot_system_tests' with build type 'ament_cmake'
[0.567s] INFO:colcon.colcon_cmake.task.cmake.build:Building CMake package in '/home/david/repos/EOH-Robot-1/ros2_ws/src/mycobot_ros2/mycobot_system_tests'
[0.567s] INFO:colcon.colcon_core.shell:Skip shell extension 'powershell' for command environment: Not usable outside of PowerShell
[0.567s] DEBUG:colcon.colcon_core.shell:Skip shell extension 'dsv' for command environment
[0.601s] Level 1:colcon.colcon_core.environment:create_environment_scripts_only(mycobot_gazebo)
[0.601s] Level 1:colcon.colcon_core.environment:checking '/home/david/repos/EOH-Robot-1/ros2_ws/install/mycobot_gazebo' for CMake module files
[0.610s] Level 1:colcon.colcon_core.environment:checking '/home/david/repos/EOH-Robot-1/ros2_ws/install/mycobot_gazebo' for CMake config files
[0.610s] Level 1:colcon.colcon_core.shell:create_environment_hook('mycobot_gazebo', 'cmake_prefix_path')
[0.610s] INFO:colcon.colcon_core.shell:Creating environment hook '/home/david/repos/EOH-Robot-1/ros2_ws/install/mycobot_gazebo/share/mycobot_gazebo/hook/cmake_prefix_path.ps1'
[0.610s] INFO:colcon.colcon_core.shell:Creating environment descriptor '/home/david/repos/EOH-Robot-1/ros2_ws/install/mycobot_gazebo/share/mycobot_gazebo/hook/cmake_prefix_path.dsv'
[0.611s] INFO:colcon.colcon_core.shell:Creating environment hook '/home/david/repos/EOH-Robot-1/ros2_ws/install/mycobot_gazebo/share/mycobot_gazebo/hook/cmake_prefix_path.sh'
[0.614s] Level 1:colcon.colcon_core.environment:checking '/home/david/repos/EOH-Robot-1/ros2_ws/install/mycobot_gazebo/bin'
[0.614s] Level 1:colcon.colcon_core.environment:checking '/home/david/repos/EOH-Robot-1/ros2_ws/install/mycobot_gazebo/lib/pkgconfig/mycobot_gazebo.pc'
[0.614s] Level 1:colcon.colcon_core.environment:checking '/home/david/repos/EOH-Robot-1/ros2_ws/install/mycobot_gazebo/lib/python3.12/site-packages'
[0.614s] Level 1:colcon.colcon_core.environment:checking '/home/david/repos/EOH-Robot-1/ros2_ws/install/mycobot_gazebo/bin'
[0.614s] INFO:colcon.colcon_core.shell:Creating package script '/home/david/repos/EOH-Robot-1/ros2_ws/install/mycobot_gazebo/share/mycobot_gazebo/package.ps1'
[0.615s] INFO:colcon.colcon_core.shell:Creating package descriptor '/home/david/repos/EOH-Robot-1/ros2_ws/install/mycobot_gazebo/share/mycobot_gazebo/package.dsv'
[0.616s] INFO:colcon.colcon_core.shell:Creating package script '/home/david/repos/EOH-Robot-1/ros2_ws/install/mycobot_gazebo/share/mycobot_gazebo/package.sh'
[0.619s] INFO:colcon.colcon_core.shell:Creating package script '/home/david/repos/EOH-Robot-1/ros2_ws/install/mycobot_gazebo/share/mycobot_gazebo/package.bash'
[0.620s] INFO:colcon.colcon_core.shell:Creating package script '/home/david/repos/EOH-Robot-1/ros2_ws/install/mycobot_gazebo/share/mycobot_gazebo/package.zsh'
[0.622s] Level 1:colcon.colcon_core.environment:create_file_with_runtime_dependencies(/home/david/repos/EOH-Robot-1/ros2_ws/install/mycobot_gazebo/share/colcon-core/packages/mycobot_gazebo)
[0.625s] Level 1:colcon.colcon_core.environment:create_environment_scripts_only(mycobot_gazebo)
[0.625s] Level 1:colcon.colcon_core.environment:checking '/home/david/repos/EOH-Robot-1/ros2_ws/install/mycobot_gazebo' for CMake module files
[0.626s] Level 1:colcon.colcon_core.environment:checking '/home/david/repos/EOH-Robot-1/ros2_ws/install/mycobot_gazebo' for CMake config files
[0.626s] Level 1:colcon.colcon_core.shell:create_environment_hook('mycobot_gazebo', 'cmake_prefix_path')
[0.626s] INFO:colcon.colcon_core.shell:Creating environment hook '/home/david/repos/EOH-Robot-1/ros2_ws/install/mycobot_gazebo/share/mycobot_gazebo/hook/cmake_prefix_path.ps1'
[0.626s] INFO:colcon.colcon_core.shell:Creating environment descriptor '/home/david/repos/EOH-Robot-1/ros2_ws/install/mycobot_gazebo/share/mycobot_gazebo/hook/cmake_prefix_path.dsv'
[0.629s] INFO:colcon.colcon_core.shell:Creating environment hook '/home/david/repos/EOH-Robot-1/ros2_ws/install/mycobot_gazebo/share/mycobot_gazebo/hook/cmake_prefix_path.sh'
[0.629s] Level 1:colcon.colcon_core.environment:checking '/home/david/repos/EOH-Robot-1/ros2_ws/install/mycobot_gazebo/bin'
[0.629s] Level 1:colcon.colcon_core.environment:checking '/home/david/repos/EOH-Robot-1/ros2_ws/install/mycobot_gazebo/lib/pkgconfig/mycobot_gazebo.pc'
[0.629s] Level 1:colcon.colcon_core.environment:checking '/home/david/repos/EOH-Robot-1/ros2_ws/install/mycobot_gazebo/lib/python3.12/site-packages'
[0.630s] Level 1:colcon.colcon_core.environment:checking '/home/david/repos/EOH-Robot-1/ros2_ws/install/mycobot_gazebo/bin'
[0.630s] INFO:colcon.colcon_core.shell:Creating package script '/home/david/repos/EOH-Robot-1/ros2_ws/install/mycobot_gazebo/share/mycobot_gazebo/package.ps1'
[0.630s] INFO:colcon.colcon_core.shell:Creating package descriptor '/home/david/repos/EOH-Robot-1/ros2_ws/install/mycobot_gazebo/share/mycobot_gazebo/package.dsv'
[0.630s] INFO:colcon.colcon_core.shell:Creating package script '/home/david/repos/EOH-Robot-1/ros2_ws/install/mycobot_gazebo/share/mycobot_gazebo/package.sh'
[0.631s] INFO:colcon.colcon_core.shell:Creating package script '/home/david/repos/EOH-Robot-1/ros2_ws/install/mycobot_gazebo/share/mycobot_gazebo/package.bash'
[0.633s] INFO:colcon.colcon_core.shell:Creating package script '/home/david/repos/EOH-Robot-1/ros2_ws/install/mycobot_gazebo/share/mycobot_gazebo/package.zsh'
[0.633s] Level 1:colcon.colcon_core.environment:create_file_with_runtime_dependencies(/home/david/repos/EOH-Robot-1/ros2_ws/install/mycobot_gazebo/share/colcon-core/packages/mycobot_gazebo)
[0.667s] DEBUG:colcon.colcon_core.event_handler.log_command:Invoking command in '/home/david/repos/EOH-Robot-1/ros2_ws/build/mycobot_system_tests': CMAKE_PREFIX_PATH=${CMAKE_PREFIX_PATH}:/opt/ros/jazzy DEBUGINFOD_URLS=https://debuginfod.ubuntu.com /usr/bin/cmake --build /home/david/repos/EOH-Robot-1/ros2_ws/build/mycobot_system_tests -- -j2 -l2
[0.667s] DEBUG:colcon.colcon_core.event_handler.log_command:Invoked command in '/home/david/repos/EOH-Robot-1/ros2_ws/build/mycobot_gazebo' returned '0': CMAKE_PREFIX_PATH=${CMAKE_PREFIX_PATH}:/opt/ros/jazzy DEBUGINFOD_URLS=https://debuginfod.ubuntu.com /usr/bin/cmake --install /home/david/repos/EOH-Robot-1/ros2_ws/build/mycobot_gazebo
[1.684s] DEBUG:colcon.colcon_core.event_handler.log_command:Invoked command in '/home/david/repos/EOH-Robot-1/ros2_ws/build/mycobot_system_tests' returned '2': CMAKE_PREFIX_PATH=${CMAKE_PREFIX_PATH}:/opt/ros/jazzy DEBUGINFOD_URLS=https://debuginfod.ubuntu.com /usr/bin/cmake --build /home/david/repos/EOH-Robot-1/ros2_ws/build/mycobot_system_tests -- -j2 -l2
[1.685s] Level 1:colcon.colcon_core.environment:create_environment_scripts_only(mycobot_system_tests)
[1.685s] Level 1:colcon.colcon_core.environment:checking '/home/david/repos/EOH-Robot-1/ros2_ws/install/mycobot_system_tests' for CMake module files
[1.686s] Level 1:colcon.colcon_core.environment:checking '/home/david/repos/EOH-Robot-1/ros2_ws/install/mycobot_system_tests' for CMake config files
[1.686s] Level 1:colcon.colcon_core.shell:create_environment_hook('mycobot_system_tests', 'cmake_prefix_path')
[1.686s] INFO:colcon.colcon_core.shell:Creating environment hook '/home/david/repos/EOH-Robot-1/ros2_ws/install/mycobot_system_tests/share/mycobot_system_tests/hook/cmake_prefix_path.ps1'
[1.687s] INFO:colcon.colcon_core.shell:Creating environment descriptor '/home/david/repos/EOH-Robot-1/ros2_ws/install/mycobot_system_tests/share/mycobot_system_tests/hook/cmake_prefix_path.dsv'
[1.688s] INFO:colcon.colcon_core.shell:Creating environment hook '/home/david/repos/EOH-Robot-1/ros2_ws/install/mycobot_system_tests/share/mycobot_system_tests/hook/cmake_prefix_path.sh'
[1.688s] Level 1:colcon.colcon_core.environment:checking '/home/david/repos/EOH-Robot-1/ros2_ws/install/mycobot_system_tests/bin'
[1.688s] Level 1:colcon.colcon_core.environment:checking '/home/david/repos/EOH-Robot-1/ros2_ws/install/mycobot_system_tests/lib/pkgconfig/mycobot_system_tests.pc'
[1.689s] Level 1:colcon.colcon_core.environment:checking '/home/david/repos/EOH-Robot-1/ros2_ws/install/mycobot_system_tests/lib/python3.12/site-packages'
[1.689s] Level 1:colcon.colcon_core.environment:checking '/home/david/repos/EOH-Robot-1/ros2_ws/install/mycobot_system_tests/bin'
[1.689s] INFO:colcon.colcon_core.shell:Creating package script '/home/david/repos/EOH-Robot-1/ros2_ws/install/mycobot_system_tests/share/mycobot_system_tests/package.ps1'
[1.690s] INFO:colcon.colcon_core.shell:Creating package descriptor '/home/david/repos/EOH-Robot-1/ros2_ws/install/mycobot_system_tests/share/mycobot_system_tests/package.dsv'
[1.690s] INFO:colcon.colcon_core.shell:Creating package script '/home/david/repos/EOH-Robot-1/ros2_ws/install/mycobot_system_tests/share/mycobot_system_tests/package.sh'
[1.691s] INFO:colcon.colcon_core.shell:Creating package script '/home/david/repos/EOH-Robot-1/ros2_ws/install/mycobot_system_tests/share/mycobot_system_tests/package.bash'
[1.691s] INFO:colcon.colcon_core.shell:Creating package script '/home/david/repos/EOH-Robot-1/ros2_ws/install/mycobot_system_tests/share/mycobot_system_tests/package.zsh'
[1.692s] Level 1:colcon.colcon_core.environment:create_file_with_runtime_dependencies(/home/david/repos/EOH-Robot-1/ros2_ws/install/mycobot_system_tests/share/colcon-core/packages/mycobot_system_tests)
[1.702s] DEBUG:colcon.colcon_parallel_executor.executor.parallel:closing loop
[1.702s] DEBUG:colcon.colcon_parallel_executor.executor.parallel:loop closed
[1.702s] DEBUG:colcon.colcon_parallel_executor.executor.parallel:run_until_complete finished with '2'
[1.703s] DEBUG:colcon.colcon_core.event_reactor:joining thread
[1.716s] INFO:colcon.colcon_core.plugin_system:Skipping extension 'colcon_notification.desktop_notification.terminal_notifier': Not used on non-Darwin systems
[1.717s] INFO:colcon.colcon_core.plugin_system:Skipping extension 'colcon_notification.desktop_notification.win32': Not used on non-Windows systems
[1.717s] INFO:colcon.colcon_notification.desktop_notification:Sending desktop notification using 'notify2'
[1.760s] DEBUG:colcon.colcon_core.event_reactor:joined thread
[1.760s] INFO:colcon.colcon_core.shell:Creating prefix script '/home/david/repos/EOH-Robot-1/ros2_ws/install/local_setup.ps1'
[1.764s] INFO:colcon.colcon_core.shell:Creating prefix util module '/home/david/repos/EOH-Robot-1/ros2_ws/install/_local_setup_util_ps1.py'
[1.765s] INFO:colcon.colcon_core.shell:Creating prefix chain script '/home/david/repos/EOH-Robot-1/ros2_ws/install/setup.ps1'
[1.766s] INFO:colcon.colcon_core.shell:Creating prefix script '/home/david/repos/EOH-Robot-1/ros2_ws/install/local_setup.sh'
[1.767s] INFO:colcon.colcon_core.shell:Creating prefix util module '/home/david/repos/EOH-Robot-1/ros2_ws/install/_local_setup_util_sh.py'
[1.767s] INFO:colcon.colcon_core.shell:Creating prefix chain script '/home/david/repos/EOH-Robot-1/ros2_ws/install/setup.sh'
[1.768s] INFO:colcon.colcon_core.shell:Creating prefix script '/home/david/repos/EOH-Robot-1/ros2_ws/install/local_setup.bash'
[1.769s] INFO:colcon.colcon_core.shell:Creating prefix chain script '/home/david/repos/EOH-Robot-1/ros2_ws/install/setup.bash'
[1.770s] INFO:colcon.colcon_core.shell:Creating prefix script '/home/david/repos/EOH-Robot-1/ros2_ws/install/local_setup.zsh'
[1.771s] INFO:colcon.colcon_core.shell:Creating prefix chain script '/home/david/repos/EOH-Robot-1/ros2_ws/install/setup.zsh'
