[0.020s] Invoking command in '/home/david/ros2_ws/build/mycobot_description': CMAKE_PREFIX_PATH=${CMAKE_PREFIX_PATH}:/opt/ros/jazzy DEBUGINFOD_URLS=https://debuginfod.ubuntu.com /usr/bin/cmake --build /home/david/ros2_ws/build/mycobot_description -- -j2 -l2
[0.072s] -- Found ament_cmake: 2.5.2 (/opt/ros/jazzy/share/ament_cmake/cmake)
[0.274s] -- Found urdf_tutorial: 1.1.0 (/opt/ros/jazzy/share/urdf_tutorial/cmake)
[0.275s] -- Found ament_lint_auto: 0.17.1 (/opt/ros/jazzy/share/ament_lint_auto/cmake)
[0.367s] -- Added test 'lint_cmake' to check CMake code style
[0.368s] -- Added test 'xmllint' to check XML markup files
[0.370s] -- Configuring done (0.3s)
[0.374s] -- Generating done (0.0s)
[0.376s] -- Build files have been written to: /home/david/ros2_ws/build/mycobot_description
[0.396s] Invoked command in '/home/david/ros2_ws/build/mycobot_description' returned '0': CMAKE_PREFIX_PATH=${CMAKE_PREFIX_PATH}:/opt/ros/jazzy DEBUGINFOD_URLS=https://debuginfod.ubuntu.com /usr/bin/cmake --build /home/david/ros2_ws/build/mycobot_description -- -j2 -l2
[0.396s] Invoking command in '/home/david/ros2_ws/build/mycobot_description': CMAKE_PREFIX_PATH=${CMAKE_PREFIX_PATH}:/opt/ros/jazzy DEBUGINFOD_URLS=https://debuginfod.ubuntu.com /usr/bin/cmake --install /home/david/ros2_ws/build/mycobot_description
[0.402s] -- Install configuration: ""
[0.402s] -- Installing: /home/david/ros2_ws/install/mycobot_description/share/mycobot_description/meshes
[0.402s] -- Installing: /home/david/ros2_ws/install/mycobot_description/share/mycobot_description/meshes/mycobot_280
[0.402s] -- Installing: /home/david/ros2_ws/install/mycobot_description/share/mycobot_description/meshes/mycobot_280/visual
[0.402s] -- Installing: /home/david/ros2_ws/install/mycobot_description/share/mycobot_description/meshes/mycobot_280/visual/link6.png
[0.404s] -- Installing: /home/david/ros2_ws/install/mycobot_description/share/mycobot_description/meshes/mycobot_280/visual/link7.png
[0.405s] -- Installing: /home/david/ros2_ws/install/mycobot_description/share/mycobot_description/meshes/mycobot_280/visual/link5.png
[0.405s] -- Installing: /home/david/ros2_ws/install/mycobot_description/share/mycobot_description/meshes/mycobot_280/visual/link1.dae
[0.426s] -- Installing: /home/david/ros2_ws/install/mycobot_description/share/mycobot_description/meshes/mycobot_280/visual/link2.png
[0.426s] -- Installing: /home/david/ros2_ws/install/mycobot_description/share/mycobot_description/meshes/mycobot_280/visual/link4.dae
[0.428s] -- Installing: /home/david/ros2_ws/install/mycobot_description/share/mycobot_description/meshes/mycobot_280/visual/link3.dae
[0.437s] -- Installing: /home/david/ros2_ws/install/mycobot_description/share/mycobot_description/meshes/mycobot_280/visual/link1.png
[0.438s] -- Installing: /home/david/ros2_ws/install/mycobot_description/share/mycobot_description/meshes/mycobot_280/visual/suit_env.dae
[0.481s] -- Installing: /home/david/ros2_ws/install/mycobot_description/share/mycobot_description/meshes/mycobot_280/visual/link3.png
[0.482s] -- Installing: /home/david/ros2_ws/install/mycobot_description/share/mycobot_description/meshes/mycobot_280/visual/link7.dae
[0.485s] -- Installing: /home/david/ros2_ws/install/mycobot_description/share/mycobot_description/meshes/mycobot_280/visual/link5.dae
[0.490s] -- Installing: /home/david/ros2_ws/install/mycobot_description/share/mycobot_description/meshes/mycobot_280/visual/link2.dae
[0.494s] -- Installing: /home/david/ros2_ws/install/mycobot_description/share/mycobot_description/meshes/mycobot_280/visual/link6.dae
[0.498s] -- Installing: /home/david/ros2_ws/install/mycobot_description/share/mycobot_description/meshes/mycobot_280/visual/link4.png
[0.498s] -- Installing: /home/david/ros2_ws/install/mycobot_description/share/mycobot_description/urdf
[0.498s] -- Installing: /home/david/ros2_ws/install/mycobot_description/share/mycobot_description/urdf/robots
[0.499s] -- Installing: /home/david/ros2_ws/install/mycobot_description/share/mycobot_description/urdf/sensors
[0.499s] -- Installing: /home/david/ros2_ws/install/mycobot_description/share/mycobot_description/urdf/mech
[0.499s] -- Installing: /home/david/ros2_ws/install/mycobot_description/share/mycobot_description/urdf/control
[0.501s] -- Installing: /home/david/ros2_ws/install/mycobot_description/share/ament_index/resource_index/package_run_dependencies/mycobot_description
[0.501s] -- Up-to-date: /home/david/ros2_ws/install/mycobot_description/share/ament_index/resource_index/parent_prefix_path/mycobot_description
[0.501s] -- Up-to-date: /home/david/ros2_ws/install/mycobot_description/share/mycobot_description/environment/ament_prefix_path.sh
[0.501s] -- Up-to-date: /home/david/ros2_ws/install/mycobot_description/share/mycobot_description/environment/ament_prefix_path.dsv
[0.501s] -- Up-to-date: /home/david/ros2_ws/install/mycobot_description/share/mycobot_description/environment/path.sh
[0.502s] -- Up-to-date: /home/david/ros2_ws/install/mycobot_description/share/mycobot_description/environment/path.dsv
[0.502s] -- Up-to-date: /home/david/ros2_ws/install/mycobot_description/share/mycobot_description/local_setup.bash
[0.502s] -- Up-to-date: /home/david/ros2_ws/install/mycobot_description/share/mycobot_description/local_setup.sh
[0.502s] -- Up-to-date: /home/david/ros2_ws/install/mycobot_description/share/mycobot_description/local_setup.zsh
[0.502s] -- Up-to-date: /home/david/ros2_ws/install/mycobot_description/share/mycobot_description/local_setup.dsv
[0.502s] -- Up-to-date: /home/david/ros2_ws/install/mycobot_description/share/mycobot_description/package.dsv
[0.502s] -- Up-to-date: /home/david/ros2_ws/install/mycobot_description/share/ament_index/resource_index/packages/mycobot_description
[0.502s] -- Up-to-date: /home/david/ros2_ws/install/mycobot_description/share/mycobot_description/cmake/mycobot_descriptionConfig.cmake
[0.502s] -- Up-to-date: /home/david/ros2_ws/install/mycobot_description/share/mycobot_description/cmake/mycobot_descriptionConfig-version.cmake
[0.502s] -- Installing: /home/david/ros2_ws/install/mycobot_description/share/mycobot_description/package.xml
[0.505s] Invoked command in '/home/david/ros2_ws/build/mycobot_description' returned '0': CMAKE_PREFIX_PATH=${CMAKE_PREFIX_PATH}:/opt/ros/jazzy DEBUGINFOD_URLS=https://debuginfod.ubuntu.com /usr/bin/cmake --install /home/david/ros2_ws/build/mycobot_description
