-- The C compiler identification is GNU 13.3.0
-- The CXX compiler identification is GNU 13.3.0
-- Detecting C compiler ABI info
-- Detecting C compiler ABI info - done
-- Check for working C compiler: /usr/bin/cc - skipped
-- Detecting C compile features
-- Detecting C compile features - done
-- Detecting CXX compiler ABI info
-- Detecting CXX compiler ABI info - done
-- Check for working CXX compiler: /usr/bin/c++ - skipped
-- Detecting CXX compile features
-- Detecting CXX compile features - done
-- Found ament_cmake: 2.5.2 (/opt/ros/jazzy/share/ament_cmake/cmake)
-- Found Python3: /usr/bin/python3 (found version "3.12.3") found components: Interpreter 
-- Found ament_lint_auto: 0.17.1 (/opt/ros/jazzy/share/ament_lint_auto/cmake)
-- Added test 'lint_cmake' to check CMake code style
-- Added test 'xmllint' to check XML markup files
-- Configuring done (0.8s)
-- Generating done (0.0s)
-- Build files have been written to: /home/david/ros2_ws/build/mycobot_ros2
-- Install configuration: ""
-- Installing: /home/david/ros2_ws/install/mycobot_ros2/share/ament_index/resource_index/package_run_dependencies/mycobot_ros2
-- Installing: /home/david/ros2_ws/install/mycobot_ros2/share/ament_index/resource_index/parent_prefix_path/mycobot_ros2
-- Installing: /home/david/ros2_ws/install/mycobot_ros2/share/mycobot_ros2/environment/ament_prefix_path.sh
-- Installing: /home/david/ros2_ws/install/mycobot_ros2/share/mycobot_ros2/environment/ament_prefix_path.dsv
-- Installing: /home/david/ros2_ws/install/mycobot_ros2/share/mycobot_ros2/environment/path.sh
-- Installing: /home/david/ros2_ws/install/mycobot_ros2/share/mycobot_ros2/environment/path.dsv
-- Installing: /home/david/ros2_ws/install/mycobot_ros2/share/mycobot_ros2/local_setup.bash
-- Installing: /home/david/ros2_ws/install/mycobot_ros2/share/mycobot_ros2/local_setup.sh
-- Installing: /home/david/ros2_ws/install/mycobot_ros2/share/mycobot_ros2/local_setup.zsh
-- Installing: /home/david/ros2_ws/install/mycobot_ros2/share/mycobot_ros2/local_setup.dsv
-- Installing: /home/david/ros2_ws/install/mycobot_ros2/share/mycobot_ros2/package.dsv
-- Installing: /home/david/ros2_ws/install/mycobot_ros2/share/ament_index/resource_index/packages/mycobot_ros2
-- Installing: /home/david/ros2_ws/install/mycobot_ros2/share/mycobot_ros2/cmake/mycobot_ros2Config.cmake
-- Installing: /home/david/ros2_ws/install/mycobot_ros2/share/mycobot_ros2/cmake/mycobot_ros2Config-version.cmake
-- Installing: /home/david/ros2_ws/install/mycobot_ros2/share/mycobot_ros2/package.xml
