[0.009s] Invoking command in '/home/david/ros2_ws/build/mycobot_ros2': CMAKE_PREFIX_PATH=${CMAKE_PREFIX_PATH}:/opt/ros/jazzy DEBUGINFOD_URLS=https://debuginfod.ubuntu.com /usr/bin/cmake /home/david/ros2_ws/src/mycobot_ros2/mycobot_ros2 -DCMAKE_INSTALL_PREFIX=/home/david/ros2_ws/install/mycobot_ros2
[0.157s] -- The C compiler identification is GNU 13.3.0
[0.254s] -- The CXX compiler identification is GNU 13.3.0
[0.270s] -- Detecting C compiler ABI info
[0.352s] -- Detecting C compiler ABI info - done
[0.361s] -- Check for working C compiler: /usr/bin/cc - skipped
[0.363s] -- Detecting C compile features
[0.364s] -- Detecting C compile features - done
[0.370s] -- Detecting CXX compiler ABI info
[0.502s] -- Detecting CXX compiler ABI info - done
[0.514s] -- Check for working CXX compiler: /usr/bin/c++ - skipped
[0.515s] -- Detecting CXX compile features
[0.515s] -- Detecting CXX compile features - done
[0.524s] -- Found ament_cmake: 2.5.2 (/opt/ros/jazzy/share/ament_cmake/cmake)
[0.652s] -- Found Python3: /usr/bin/python3 (found version "3.12.3") found components: Interpreter 
[0.759s] -- Found ament_lint_auto: 0.17.1 (/opt/ros/jazzy/share/ament_lint_auto/cmake)
[0.857s] -- Added test 'lint_cmake' to check CMake code style
[0.859s] -- Added test 'xmllint' to check XML markup files
[0.863s] -- Configuring done (0.8s)
[0.868s] -- Generating done (0.0s)
[0.871s] -- Build files have been written to: /home/david/ros2_ws/build/mycobot_ros2
[0.877s] Invoked command in '/home/david/ros2_ws/build/mycobot_ros2' returned '0': CMAKE_PREFIX_PATH=${CMAKE_PREFIX_PATH}:/opt/ros/jazzy DEBUGINFOD_URLS=https://debuginfod.ubuntu.com /usr/bin/cmake /home/david/ros2_ws/src/mycobot_ros2/mycobot_ros2 -DCMAKE_INSTALL_PREFIX=/home/david/ros2_ws/install/mycobot_ros2
[0.878s] Invoking command in '/home/david/ros2_ws/build/mycobot_ros2': CMAKE_PREFIX_PATH=${CMAKE_PREFIX_PATH}:/opt/ros/jazzy DEBUGINFOD_URLS=https://debuginfod.ubuntu.com /usr/bin/cmake --build /home/david/ros2_ws/build/mycobot_ros2 -- -j2 -l2
[0.926s] Invoked command in '/home/david/ros2_ws/build/mycobot_ros2' returned '0': CMAKE_PREFIX_PATH=${CMAKE_PREFIX_PATH}:/opt/ros/jazzy DEBUGINFOD_URLS=https://debuginfod.ubuntu.com /usr/bin/cmake --build /home/david/ros2_ws/build/mycobot_ros2 -- -j2 -l2
[0.935s] Invoking command in '/home/david/ros2_ws/build/mycobot_ros2': CMAKE_PREFIX_PATH=${CMAKE_PREFIX_PATH}:/opt/ros/jazzy DEBUGINFOD_URLS=https://debuginfod.ubuntu.com /usr/bin/cmake --install /home/david/ros2_ws/build/mycobot_ros2
[0.941s] -- Install configuration: ""
[0.942s] -- Installing: /home/david/ros2_ws/install/mycobot_ros2/share/ament_index/resource_index/package_run_dependencies/mycobot_ros2
[0.942s] -- Installing: /home/david/ros2_ws/install/mycobot_ros2/share/ament_index/resource_index/parent_prefix_path/mycobot_ros2
[0.943s] -- Installing: /home/david/ros2_ws/install/mycobot_ros2/share/mycobot_ros2/environment/ament_prefix_path.sh
[0.943s] -- Installing: /home/david/ros2_ws/install/mycobot_ros2/share/mycobot_ros2/environment/ament_prefix_path.dsv
[0.944s] -- Installing: /home/david/ros2_ws/install/mycobot_ros2/share/mycobot_ros2/environment/path.sh
[0.944s] -- Installing: /home/david/ros2_ws/install/mycobot_ros2/share/mycobot_ros2/environment/path.dsv
[0.945s] -- Installing: /home/david/ros2_ws/install/mycobot_ros2/share/mycobot_ros2/local_setup.bash
[0.945s] -- Installing: /home/david/ros2_ws/install/mycobot_ros2/share/mycobot_ros2/local_setup.sh
[0.946s] -- Installing: /home/david/ros2_ws/install/mycobot_ros2/share/mycobot_ros2/local_setup.zsh
[0.946s] -- Installing: /home/david/ros2_ws/install/mycobot_ros2/share/mycobot_ros2/local_setup.dsv
[0.946s] -- Installing: /home/david/ros2_ws/install/mycobot_ros2/share/mycobot_ros2/package.dsv
[0.947s] -- Installing: /home/david/ros2_ws/install/mycobot_ros2/share/ament_index/resource_index/packages/mycobot_ros2
[0.947s] -- Installing: /home/david/ros2_ws/install/mycobot_ros2/share/mycobot_ros2/cmake/mycobot_ros2Config.cmake
[0.947s] -- Installing: /home/david/ros2_ws/install/mycobot_ros2/share/mycobot_ros2/cmake/mycobot_ros2Config-version.cmake
[0.948s] -- Installing: /home/david/ros2_ws/install/mycobot_ros2/share/mycobot_ros2/package.xml
[0.950s] Invoked command in '/home/david/ros2_ws/build/mycobot_ros2' returned '0': CMAKE_PREFIX_PATH=${CMAKE_PREFIX_PATH}:/opt/ros/jazzy DEBUGINFOD_URLS=https://debuginfod.ubuntu.com /usr/bin/cmake --install /home/david/ros2_ws/build/mycobot_ros2
