[0.011s] Invoking command in '/home/david/ros2_ws/build/mycobot_description': CMAKE_PREFIX_PATH=${CMAKE_PREFIX_PATH}:/opt/ros/jazzy DEBUGINFOD_URLS=https://debuginfod.ubuntu.com /usr/bin/cmake --build /home/david/ros2_ws/build/mycobot_description -- -j2 -l2
[0.071s] Invoked command in '/home/david/ros2_ws/build/mycobot_description' returned '0': CMAKE_PREFIX_PATH=${CMAKE_PREFIX_PATH}:/opt/ros/jazzy DEBUGINFOD_URLS=https://debuginfod.ubuntu.com /usr/bin/cmake --build /home/david/ros2_ws/build/mycobot_description -- -j2 -l2
[0.078s] Invoking command in '/home/david/ros2_ws/build/mycobot_description': CMAKE_PREFIX_PATH=${CMAKE_PREFIX_PATH}:/opt/ros/jazzy DEBUGINFOD_URLS=https://debuginfod.ubuntu.com /usr/bin/cmake --install /home/david/ros2_ws/build/mycobot_description
[0.087s] -- Install configuration: ""
[0.087s] -- Up-to-date: /home/david/ros2_ws/install/mycobot_description/share/mycobot_description/meshes
[0.087s] -- Up-to-date: /home/david/ros2_ws/install/mycobot_description/share/mycobot_description/meshes/mycobot_280
[0.087s] -- Up-to-date: /home/david/ros2_ws/install/mycobot_description/share/mycobot_description/meshes/mycobot_280/visual
[0.087s] -- Up-to-date: /home/david/ros2_ws/install/mycobot_description/share/mycobot_description/meshes/mycobot_280/visual/link6.png
[0.087s] -- Up-to-date: /home/david/ros2_ws/install/mycobot_description/share/mycobot_description/meshes/mycobot_280/visual/link7.png
[0.087s] -- Up-to-date: /home/david/ros2_ws/install/mycobot_description/share/mycobot_description/meshes/mycobot_280/visual/link5.png
[0.087s] -- Up-to-date: /home/david/ros2_ws/install/mycobot_description/share/mycobot_description/meshes/mycobot_280/visual/link1.dae
[0.087s] -- Up-to-date: /home/david/ros2_ws/install/mycobot_description/share/mycobot_description/meshes/mycobot_280/visual/link2.png
[0.087s] -- Up-to-date: /home/david/ros2_ws/install/mycobot_description/share/mycobot_description/meshes/mycobot_280/visual/link4.dae
[0.087s] -- Up-to-date: /home/david/ros2_ws/install/mycobot_description/share/mycobot_description/meshes/mycobot_280/visual/link3.dae
[0.087s] -- Up-to-date: /home/david/ros2_ws/install/mycobot_description/share/mycobot_description/meshes/mycobot_280/visual/link1.png
[0.087s] -- Up-to-date: /home/david/ros2_ws/install/mycobot_description/share/mycobot_description/meshes/mycobot_280/visual/suit_env.dae
[0.087s] -- Up-to-date: /home/david/ros2_ws/install/mycobot_description/share/mycobot_description/meshes/mycobot_280/visual/link3.png
[0.087s] -- Up-to-date: /home/david/ros2_ws/install/mycobot_description/share/mycobot_description/meshes/mycobot_280/visual/link7.dae
[0.087s] -- Up-to-date: /home/david/ros2_ws/install/mycobot_description/share/mycobot_description/meshes/mycobot_280/visual/link5.dae
[0.087s] -- Up-to-date: /home/david/ros2_ws/install/mycobot_description/share/mycobot_description/meshes/mycobot_280/visual/link2.dae
[0.088s] -- Up-to-date: /home/david/ros2_ws/install/mycobot_description/share/mycobot_description/meshes/mycobot_280/visual/link6.dae
[0.088s] -- Up-to-date: /home/david/ros2_ws/install/mycobot_description/share/mycobot_description/meshes/mycobot_280/visual/link4.png
[0.088s] -- Up-to-date: /home/david/ros2_ws/install/mycobot_description/share/mycobot_description/urdf
[0.088s] -- Up-to-date: /home/david/ros2_ws/install/mycobot_description/share/mycobot_description/urdf/robots
[0.088s] -- Installing: /home/david/ros2_ws/install/mycobot_description/share/mycobot_description/urdf/robots/mycobot_280.urdf.xacro
[0.088s] -- Up-to-date: /home/david/ros2_ws/install/mycobot_description/share/mycobot_description/urdf/sensors
[0.088s] -- Up-to-date: /home/david/ros2_ws/install/mycobot_description/share/mycobot_description/urdf/mech
[0.088s] -- Up-to-date: /home/david/ros2_ws/install/mycobot_description/share/mycobot_description/urdf/mech/mycobot_280_arm.urdf.xacro
[0.088s] -- Up-to-date: /home/david/ros2_ws/install/mycobot_description/share/mycobot_description/urdf/mech/adaptive_gripper.urdf.xacro
[0.088s] -- Up-to-date: /home/david/ros2_ws/install/mycobot_description/share/mycobot_description/urdf/mech/g_shape_base_v2_0.urdf.xacro
[0.088s] -- Up-to-date: /home/david/ros2_ws/install/mycobot_description/share/mycobot_description/urdf/control
[0.088s] -- Up-to-date: /home/david/ros2_ws/install/mycobot_description/share/ament_index/resource_index/package_run_dependencies/mycobot_description
[0.088s] -- Up-to-date: /home/david/ros2_ws/install/mycobot_description/share/ament_index/resource_index/parent_prefix_path/mycobot_description
[0.088s] -- Up-to-date: /home/david/ros2_ws/install/mycobot_description/share/mycobot_description/environment/ament_prefix_path.sh
[0.088s] -- Up-to-date: /home/david/ros2_ws/install/mycobot_description/share/mycobot_description/environment/ament_prefix_path.dsv
[0.088s] -- Up-to-date: /home/david/ros2_ws/install/mycobot_description/share/mycobot_description/environment/path.sh
[0.088s] -- Up-to-date: /home/david/ros2_ws/install/mycobot_description/share/mycobot_description/environment/path.dsv
[0.088s] -- Up-to-date: /home/david/ros2_ws/install/mycobot_description/share/mycobot_description/local_setup.bash
[0.088s] -- Up-to-date: /home/david/ros2_ws/install/mycobot_description/share/mycobot_description/local_setup.sh
[0.088s] -- Up-to-date: /home/david/ros2_ws/install/mycobot_description/share/mycobot_description/local_setup.zsh
[0.088s] -- Up-to-date: /home/david/ros2_ws/install/mycobot_description/share/mycobot_description/local_setup.dsv
[0.088s] -- Installing: /home/david/ros2_ws/install/mycobot_description/share/mycobot_description/package.dsv
[0.088s] -- Up-to-date: /home/david/ros2_ws/install/mycobot_description/share/ament_index/resource_index/packages/mycobot_description
[0.090s] -- Up-to-date: /home/david/ros2_ws/install/mycobot_description/share/mycobot_description/cmake/mycobot_descriptionConfig.cmake
[0.091s] -- Up-to-date: /home/david/ros2_ws/install/mycobot_description/share/mycobot_description/cmake/mycobot_descriptionConfig-version.cmake
[0.091s] -- Up-to-date: /home/david/ros2_ws/install/mycobot_description/share/mycobot_description/package.xml
[0.091s] Invoked command in '/home/david/ros2_ws/build/mycobot_description' returned '0': CMAKE_PREFIX_PATH=${CMAKE_PREFIX_PATH}:/opt/ros/jazzy DEBUGINFOD_URLS=https://debuginfod.ubuntu.com /usr/bin/cmake --install /home/david/ros2_ws/build/mycobot_description
