[0.011s] Invoking command in '/home/david/repos/EOH-Robot-1/ros2_ws/build/mycobot_description': CMAKE_PREFIX_PATH=${CMAKE_PREFIX_PATH}:/opt/ros/jazzy DEBUGINFOD_URLS=https://debuginfod.ubuntu.com /usr/bin/cmake --build /home/david/repos/EOH-Robot-1/ros2_ws/build/mycobot_description -- -j2 -l2
[0.042s] Invoked command in '/home/david/repos/EOH-Robot-1/ros2_ws/build/mycobot_description' returned '0': CMAKE_PREFIX_PATH=${CMAKE_PREFIX_PATH}:/opt/ros/jazzy DEBUGINFOD_URLS=https://debuginfod.ubuntu.com /usr/bin/cmake --build /home/david/repos/EOH-Robot-1/ros2_ws/build/mycobot_description -- -j2 -l2
[0.047s] Invoking command in '/home/david/repos/EOH-Robot-1/ros2_ws/build/mycobot_description': CMAKE_PREFIX_PATH=${CMAKE_PREFIX_PATH}:/opt/ros/jazzy DEBUGINFOD_URLS=https://debuginfod.ubuntu.com /usr/bin/cmake --install /home/david/repos/EOH-Robot-1/ros2_ws/build/mycobot_description
[0.054s] -- Install configuration: ""
[0.054s] -- Up-to-date: /home/david/repos/EOH-Robot-1/ros2_ws/install/mycobot_description/share/mycobot_description/launch
[0.054s] -- Up-to-date: /home/david/repos/EOH-Robot-1/ros2_ws/install/mycobot_description/share/mycobot_description/launch/robot_state_publisher.launch.py
[0.054s] -- Up-to-date: /home/david/repos/EOH-Robot-1/ros2_ws/install/mycobot_description/share/mycobot_description/meshes
[0.054s] -- Up-to-date: /home/david/repos/EOH-Robot-1/ros2_ws/install/mycobot_description/share/mycobot_description/meshes/mycobot_280
[0.054s] -- Up-to-date: /home/david/repos/EOH-Robot-1/ros2_ws/install/mycobot_description/share/mycobot_description/meshes/mycobot_280/visual
[0.054s] -- Up-to-date: /home/david/repos/EOH-Robot-1/ros2_ws/install/mycobot_description/share/mycobot_description/meshes/mycobot_280/visual/link6.png
[0.054s] -- Up-to-date: /home/david/repos/EOH-Robot-1/ros2_ws/install/mycobot_description/share/mycobot_description/meshes/mycobot_280/visual/link7.png
[0.054s] -- Up-to-date: /home/david/repos/EOH-Robot-1/ros2_ws/install/mycobot_description/share/mycobot_description/meshes/mycobot_280/visual/link5.png
[0.054s] -- Up-to-date: /home/david/repos/EOH-Robot-1/ros2_ws/install/mycobot_description/share/mycobot_description/meshes/mycobot_280/visual/link1.dae
[0.054s] -- Up-to-date: /home/david/repos/EOH-Robot-1/ros2_ws/install/mycobot_description/share/mycobot_description/meshes/mycobot_280/visual/link2.png
[0.055s] -- Up-to-date: /home/david/repos/EOH-Robot-1/ros2_ws/install/mycobot_description/share/mycobot_description/meshes/mycobot_280/visual/link4.dae
[0.055s] -- Up-to-date: /home/david/repos/EOH-Robot-1/ros2_ws/install/mycobot_description/share/mycobot_description/meshes/mycobot_280/visual/link3.dae
[0.055s] -- Up-to-date: /home/david/repos/EOH-Robot-1/ros2_ws/install/mycobot_description/share/mycobot_description/meshes/mycobot_280/visual/link1.png
[0.055s] -- Up-to-date: /home/david/repos/EOH-Robot-1/ros2_ws/install/mycobot_description/share/mycobot_description/meshes/mycobot_280/visual/suit_env.dae
[0.055s] -- Up-to-date: /home/david/repos/EOH-Robot-1/ros2_ws/install/mycobot_description/share/mycobot_description/meshes/mycobot_280/visual/link3.png
[0.055s] -- Up-to-date: /home/david/repos/EOH-Robot-1/ros2_ws/install/mycobot_description/share/mycobot_description/meshes/mycobot_280/visual/link7.dae
[0.055s] -- Up-to-date: /home/david/repos/EOH-Robot-1/ros2_ws/install/mycobot_description/share/mycobot_description/meshes/mycobot_280/visual/link5.dae
[0.055s] -- Up-to-date: /home/david/repos/EOH-Robot-1/ros2_ws/install/mycobot_description/share/mycobot_description/meshes/mycobot_280/visual/link2.dae
[0.055s] -- Up-to-date: /home/david/repos/EOH-Robot-1/ros2_ws/install/mycobot_description/share/mycobot_description/meshes/mycobot_280/visual/link6.dae
[0.055s] -- Up-to-date: /home/david/repos/EOH-Robot-1/ros2_ws/install/mycobot_description/share/mycobot_description/meshes/mycobot_280/visual/link4.png
[0.055s] -- Up-to-date: /home/david/repos/EOH-Robot-1/ros2_ws/install/mycobot_description/share/mycobot_description/meshes/adaptive_gripper
[0.055s] -- Up-to-date: /home/david/repos/EOH-Robot-1/ros2_ws/install/mycobot_description/share/mycobot_description/meshes/adaptive_gripper/visual
[0.055s] -- Installing: /home/david/repos/EOH-Robot-1/ros2_ws/install/mycobot_description/share/mycobot_description/meshes/adaptive_gripper/visual/gripper_left1.dae
[0.055s] -- Installing: /home/david/repos/EOH-Robot-1/ros2_ws/install/mycobot_description/share/mycobot_description/meshes/adaptive_gripper/visual/gripper_left3.dae
[0.055s] -- Installing: /home/david/repos/EOH-Robot-1/ros2_ws/install/mycobot_description/share/mycobot_description/meshes/adaptive_gripper/visual/gripper_right3.dae
[0.056s] -- Installing: /home/david/repos/EOH-Robot-1/ros2_ws/install/mycobot_description/share/mycobot_description/meshes/adaptive_gripper/visual/gripper_base.dae
[0.060s] -- Installing: /home/david/repos/EOH-Robot-1/ros2_ws/install/mycobot_description/share/mycobot_description/meshes/adaptive_gripper/visual/gripper_right2.dae
[0.060s] -- Installing: /home/david/repos/EOH-Robot-1/ros2_ws/install/mycobot_description/share/mycobot_description/meshes/adaptive_gripper/visual/gripper_right1.dae
[0.072s] -- Installing: /home/david/repos/EOH-Robot-1/ros2_ws/install/mycobot_description/share/mycobot_description/meshes/adaptive_gripper/visual/gripper_left2.dae
[0.072s] -- Up-to-date: /home/david/repos/EOH-Robot-1/ros2_ws/install/mycobot_description/share/mycobot_description/meshes/g_shape_base_v2_0
[0.072s] -- Up-to-date: /home/david/repos/EOH-Robot-1/ros2_ws/install/mycobot_description/share/mycobot_description/meshes/g_shape_base_v2_0/visual
[0.073s] -- Installing: /home/david/repos/EOH-Robot-1/ros2_ws/install/mycobot_description/share/mycobot_description/meshes/g_shape_base_v2_0/visual/base_link.dae
[0.081s] -- Up-to-date: /home/david/repos/EOH-Robot-1/ros2_ws/install/mycobot_description/share/mycobot_description/urdf
[0.081s] -- Up-to-date: /home/david/repos/EOH-Robot-1/ros2_ws/install/mycobot_description/share/mycobot_description/urdf/robots
[0.082s] -- Up-to-date: /home/david/repos/EOH-Robot-1/ros2_ws/install/mycobot_description/share/mycobot_description/urdf/robots/mycobot_280.urdf.xacro
[0.082s] -- Up-to-date: /home/david/repos/EOH-Robot-1/ros2_ws/install/mycobot_description/share/mycobot_description/urdf/sensors
[0.082s] -- Up-to-date: /home/david/repos/EOH-Robot-1/ros2_ws/install/mycobot_description/share/mycobot_description/urdf/mech
[0.082s] -- Up-to-date: /home/david/repos/EOH-Robot-1/ros2_ws/install/mycobot_description/share/mycobot_description/urdf/mech/mycobot_280_arm.urdf.xacro
[0.082s] -- Up-to-date: /home/david/repos/EOH-Robot-1/ros2_ws/install/mycobot_description/share/mycobot_description/urdf/mech/adaptive_gripper.urdf.xacro
[0.082s] -- Up-to-date: /home/david/repos/EOH-Robot-1/ros2_ws/install/mycobot_description/share/mycobot_description/urdf/mech/g_shape_base_v2_0.urdf.xacro
[0.082s] -- Up-to-date: /home/david/repos/EOH-Robot-1/ros2_ws/install/mycobot_description/share/mycobot_description/urdf/control
[0.082s] -- Up-to-date: /home/david/repos/EOH-Robot-1/ros2_ws/install/mycobot_description/share/mycobot_description/urdf/control/mycobot_280_ros2_control.urdf.xacro
[0.082s] -- Up-to-date: /home/david/repos/EOH-Robot-1/ros2_ws/install/mycobot_description/share/mycobot_description/urdf/control/gazebo_sim_ros2_control.urdf.xacro
[0.083s] -- Up-to-date: /home/david/repos/EOH-Robot-1/ros2_ws/install/mycobot_description/share/mycobot_description/rviz
[0.083s] -- Up-to-date: /home/david/repos/EOH-Robot-1/ros2_ws/install/mycobot_description/share/mycobot_description/rviz/mycobot_280_description.rviz
[0.083s] -- Up-to-date: /home/david/repos/EOH-Robot-1/ros2_ws/install/mycobot_description/share/ament_index/resource_index/package_run_dependencies/mycobot_description
[0.083s] -- Up-to-date: /home/david/repos/EOH-Robot-1/ros2_ws/install/mycobot_description/share/ament_index/resource_index/parent_prefix_path/mycobot_description
[0.083s] -- Up-to-date: /home/david/repos/EOH-Robot-1/ros2_ws/install/mycobot_description/share/mycobot_description/environment/ament_prefix_path.sh
[0.083s] -- Up-to-date: /home/david/repos/EOH-Robot-1/ros2_ws/install/mycobot_description/share/mycobot_description/environment/ament_prefix_path.dsv
[0.083s] -- Up-to-date: /home/david/repos/EOH-Robot-1/ros2_ws/install/mycobot_description/share/mycobot_description/environment/path.sh
[0.083s] -- Up-to-date: /home/david/repos/EOH-Robot-1/ros2_ws/install/mycobot_description/share/mycobot_description/environment/path.dsv
[0.083s] -- Up-to-date: /home/david/repos/EOH-Robot-1/ros2_ws/install/mycobot_description/share/mycobot_description/local_setup.bash
[0.083s] -- Up-to-date: /home/david/repos/EOH-Robot-1/ros2_ws/install/mycobot_description/share/mycobot_description/local_setup.sh
[0.083s] -- Up-to-date: /home/david/repos/EOH-Robot-1/ros2_ws/install/mycobot_description/share/mycobot_description/local_setup.zsh
[0.083s] -- Up-to-date: /home/david/repos/EOH-Robot-1/ros2_ws/install/mycobot_description/share/mycobot_description/local_setup.dsv
[0.083s] -- Installing: /home/david/repos/EOH-Robot-1/ros2_ws/install/mycobot_description/share/mycobot_description/package.dsv
[0.083s] -- Up-to-date: /home/david/repos/EOH-Robot-1/ros2_ws/install/mycobot_description/share/ament_index/resource_index/packages/mycobot_description
[0.083s] -- Up-to-date: /home/david/repos/EOH-Robot-1/ros2_ws/install/mycobot_description/share/mycobot_description/cmake/mycobot_descriptionConfig.cmake
[0.083s] -- Up-to-date: /home/david/repos/EOH-Robot-1/ros2_ws/install/mycobot_description/share/mycobot_description/cmake/mycobot_descriptionConfig-version.cmake
[0.083s] -- Up-to-date: /home/david/repos/EOH-Robot-1/ros2_ws/install/mycobot_description/share/mycobot_description/package.xml
[0.083s] Invoked command in '/home/david/repos/EOH-Robot-1/ros2_ws/build/mycobot_description' returned '0': CMAKE_PREFIX_PATH=${CMAKE_PREFIX_PATH}:/opt/ros/jazzy DEBUGINFOD_URLS=https://debuginfod.ubuntu.com /usr/bin/cmake --install /home/david/repos/EOH-Robot-1/ros2_ws/build/mycobot_description
