[0.017s] Invoking command in '/home/david/repos/EOH-Robot-1/ros2_ws/build/mycobot_ros2': AMENT_PREFIX_PATH=/home/david/ros2_ws/install/mycobot_description:${AMENT_PREFIX_PATH} CMAKE_PREFIX_PATH=/home/david/repos/EOH-Robot-1/ros2_ws/install/mycobot_system_tests:/home/david/repos/EOH-Robot-1/ros2_ws/install/mycobot_moveit_config:/home/david/repos/EOH-Robot-1/ros2_ws/install/mycobot_gazebo:/home/david/repos/EOH-Robot-1/ros2_ws/install/mycobot_description:/home/david/repos/EOH-Robot-1/ros2_ws/install/mycobot_bringup:/home/david/repos/EOH-Robot-1/ros2_ws/install/mycobot_ros2:/opt/ros/jazzy/opt/gz_sim_vendor:/opt/ros/jazzy/opt/gz_sensors_vendor:/opt/ros/jazzy/opt/gz_physics_vendor:/opt/ros/jazzy/opt/sdformat_vendor:/opt/ros/jazzy/opt/gz_gui_vendor:/opt/ros/jazzy/opt/gz_transport_vendor:/opt/ros/jazzy/opt/gz_rendering_vendor:/opt/ros/jazzy/opt/gz_plugin_vendor:/opt/ros/jazzy/opt/gz_fuel_tools_vendor:/opt/ros/jazzy/opt/gz_msgs_vendor:/opt/ros/jazzy/opt/gz_common_vendor:/opt/ros/jazzy/opt/gz_math_vendor:/opt/ros/jazzy/opt/gz_utils_vendor:/opt/ros/jazzy/opt/gz_tools_vendor:/opt/ros/jazzy/opt/gz_ogre_next_vendor:/opt/ros/jazzy/opt/gz_dartsim_vendor:/opt/ros/jazzy/opt/gz_cmake_vendor:/opt/ros/jazzy DEBUGINFOD_URLS=https://debuginfod.ubuntu.com /usr/bin/cmake --build /home/david/repos/EOH-Robot-1/ros2_ws/build/mycobot_ros2 -- -j2 -l2
[0.040s] -- Found ament_cmake: 2.5.2 (/opt/ros/jazzy/share/ament_cmake/cmake)
[0.168s] -- Found ament_lint_auto: 0.17.1 (/opt/ros/jazzy/share/ament_lint_auto/cmake)
[0.226s] -- Added test 'lint_cmake' to check CMake code style
[0.227s] -- Added test 'xmllint' to check XML markup files
[0.229s] -- Configuring done (0.2s)
[0.231s] -- Generating done (0.0s)
[0.232s] -- Build files have been written to: /home/david/ros2_ws/build/mycobot_ros2
[0.247s] Invoked command in '/home/david/repos/EOH-Robot-1/ros2_ws/build/mycobot_ros2' returned '0': AMENT_PREFIX_PATH=/home/david/ros2_ws/install/mycobot_description:${AMENT_PREFIX_PATH} CMAKE_PREFIX_PATH=/home/david/repos/EOH-Robot-1/ros2_ws/install/mycobot_system_tests:/home/david/repos/EOH-Robot-1/ros2_ws/install/mycobot_moveit_config:/home/david/repos/EOH-Robot-1/ros2_ws/install/mycobot_gazebo:/home/david/repos/EOH-Robot-1/ros2_ws/install/mycobot_description:/home/david/repos/EOH-Robot-1/ros2_ws/install/mycobot_bringup:/home/david/repos/EOH-Robot-1/ros2_ws/install/mycobot_ros2:/opt/ros/jazzy/opt/gz_sim_vendor:/opt/ros/jazzy/opt/gz_sensors_vendor:/opt/ros/jazzy/opt/gz_physics_vendor:/opt/ros/jazzy/opt/sdformat_vendor:/opt/ros/jazzy/opt/gz_gui_vendor:/opt/ros/jazzy/opt/gz_transport_vendor:/opt/ros/jazzy/opt/gz_rendering_vendor:/opt/ros/jazzy/opt/gz_plugin_vendor:/opt/ros/jazzy/opt/gz_fuel_tools_vendor:/opt/ros/jazzy/opt/gz_msgs_vendor:/opt/ros/jazzy/opt/gz_common_vendor:/opt/ros/jazzy/opt/gz_math_vendor:/opt/ros/jazzy/opt/gz_utils_vendor:/opt/ros/jazzy/opt/gz_tools_vendor:/opt/ros/jazzy/opt/gz_ogre_next_vendor:/opt/ros/jazzy/opt/gz_dartsim_vendor:/opt/ros/jazzy/opt/gz_cmake_vendor:/opt/ros/jazzy DEBUGINFOD_URLS=https://debuginfod.ubuntu.com /usr/bin/cmake --build /home/david/repos/EOH-Robot-1/ros2_ws/build/mycobot_ros2 -- -j2 -l2
[0.247s] Invoking command in '/home/david/repos/EOH-Robot-1/ros2_ws/build/mycobot_ros2': AMENT_PREFIX_PATH=/home/david/ros2_ws/install/mycobot_description:${AMENT_PREFIX_PATH} CMAKE_PREFIX_PATH=/home/david/repos/EOH-Robot-1/ros2_ws/install/mycobot_system_tests:/home/david/repos/EOH-Robot-1/ros2_ws/install/mycobot_moveit_config:/home/david/repos/EOH-Robot-1/ros2_ws/install/mycobot_gazebo:/home/david/repos/EOH-Robot-1/ros2_ws/install/mycobot_description:/home/david/repos/EOH-Robot-1/ros2_ws/install/mycobot_bringup:/home/david/repos/EOH-Robot-1/ros2_ws/install/mycobot_ros2:/opt/ros/jazzy/opt/gz_sim_vendor:/opt/ros/jazzy/opt/gz_sensors_vendor:/opt/ros/jazzy/opt/gz_physics_vendor:/opt/ros/jazzy/opt/sdformat_vendor:/opt/ros/jazzy/opt/gz_gui_vendor:/opt/ros/jazzy/opt/gz_transport_vendor:/opt/ros/jazzy/opt/gz_rendering_vendor:/opt/ros/jazzy/opt/gz_plugin_vendor:/opt/ros/jazzy/opt/gz_fuel_tools_vendor:/opt/ros/jazzy/opt/gz_msgs_vendor:/opt/ros/jazzy/opt/gz_common_vendor:/opt/ros/jazzy/opt/gz_math_vendor:/opt/ros/jazzy/opt/gz_utils_vendor:/opt/ros/jazzy/opt/gz_tools_vendor:/opt/ros/jazzy/opt/gz_ogre_next_vendor:/opt/ros/jazzy/opt/gz_dartsim_vendor:/opt/ros/jazzy/opt/gz_cmake_vendor:/opt/ros/jazzy DEBUGINFOD_URLS=https://debuginfod.ubuntu.com /usr/bin/cmake --install /home/david/repos/EOH-Robot-1/ros2_ws/build/mycobot_ros2
[0.252s] -- Install configuration: ""
[0.252s] -- Up-to-date: /home/david/ros2_ws/install/mycobot_ros2/share/ament_index/resource_index/package_run_dependencies/mycobot_ros2
[0.252s] -- Up-to-date: /home/david/ros2_ws/install/mycobot_ros2/share/ament_index/resource_index/parent_prefix_path/mycobot_ros2
[0.252s] -- Up-to-date: /home/david/ros2_ws/install/mycobot_ros2/share/mycobot_ros2/environment/ament_prefix_path.sh
[0.256s] -- Up-to-date: /home/david/ros2_ws/install/mycobot_ros2/share/mycobot_ros2/environment/ament_prefix_path.dsv
[0.256s] -- Up-to-date: /home/david/ros2_ws/install/mycobot_ros2/share/mycobot_ros2/environment/path.sh
[0.256s] -- Up-to-date: /home/david/ros2_ws/install/mycobot_ros2/share/mycobot_ros2/environment/path.dsv
[0.256s] -- Up-to-date: /home/david/ros2_ws/install/mycobot_ros2/share/mycobot_ros2/local_setup.bash
[0.256s] -- Up-to-date: /home/david/ros2_ws/install/mycobot_ros2/share/mycobot_ros2/local_setup.sh
[0.256s] -- Up-to-date: /home/david/ros2_ws/install/mycobot_ros2/share/mycobot_ros2/local_setup.zsh
[0.256s] -- Up-to-date: /home/david/ros2_ws/install/mycobot_ros2/share/mycobot_ros2/local_setup.dsv
[0.256s] -- Up-to-date: /home/david/ros2_ws/install/mycobot_ros2/share/mycobot_ros2/package.dsv
[0.256s] -- Up-to-date: /home/david/ros2_ws/install/mycobot_ros2/share/ament_index/resource_index/packages/mycobot_ros2
[0.256s] -- Up-to-date: /home/david/ros2_ws/install/mycobot_ros2/share/mycobot_ros2/cmake/mycobot_ros2Config.cmake
[0.256s] -- Up-to-date: /home/david/ros2_ws/install/mycobot_ros2/share/mycobot_ros2/cmake/mycobot_ros2Config-version.cmake
[0.256s] -- Up-to-date: /home/david/ros2_ws/install/mycobot_ros2/share/mycobot_ros2/package.xml
[0.256s] Invoked command in '/home/david/repos/EOH-Robot-1/ros2_ws/build/mycobot_ros2' returned '0': AMENT_PREFIX_PATH=/home/david/ros2_ws/install/mycobot_description:${AMENT_PREFIX_PATH} CMAKE_PREFIX_PATH=/home/david/repos/EOH-Robot-1/ros2_ws/install/mycobot_system_tests:/home/david/repos/EOH-Robot-1/ros2_ws/install/mycobot_moveit_config:/home/david/repos/EOH-Robot-1/ros2_ws/install/mycobot_gazebo:/home/david/repos/EOH-Robot-1/ros2_ws/install/mycobot_description:/home/david/repos/EOH-Robot-1/ros2_ws/install/mycobot_bringup:/home/david/repos/EOH-Robot-1/ros2_ws/install/mycobot_ros2:/opt/ros/jazzy/opt/gz_sim_vendor:/opt/ros/jazzy/opt/gz_sensors_vendor:/opt/ros/jazzy/opt/gz_physics_vendor:/opt/ros/jazzy/opt/sdformat_vendor:/opt/ros/jazzy/opt/gz_gui_vendor:/opt/ros/jazzy/opt/gz_transport_vendor:/opt/ros/jazzy/opt/gz_rendering_vendor:/opt/ros/jazzy/opt/gz_plugin_vendor:/opt/ros/jazzy/opt/gz_fuel_tools_vendor:/opt/ros/jazzy/opt/gz_msgs_vendor:/opt/ros/jazzy/opt/gz_common_vendor:/opt/ros/jazzy/opt/gz_math_vendor:/opt/ros/jazzy/opt/gz_utils_vendor:/opt/ros/jazzy/opt/gz_tools_vendor:/opt/ros/jazzy/opt/gz_ogre_next_vendor:/opt/ros/jazzy/opt/gz_dartsim_vendor:/opt/ros/jazzy/opt/gz_cmake_vendor:/opt/ros/jazzy DEBUGINFOD_URLS=https://debuginfod.ubuntu.com /usr/bin/cmake --install /home/david/repos/EOH-Robot-1/ros2_ws/build/mycobot_ros2
