[0.004s] Invoking command in '/home/david/repos/EOH-Robot-1/ros2_ws/build/mycobot_moveit_config': CMAKE_PREFIX_PATH=${CMAKE_PREFIX_PATH}:/opt/ros/jazzy DEBUGINFOD_URLS=https://debuginfod.ubuntu.com /usr/bin/cmake --build /home/david/repos/EOH-Robot-1/ros2_ws/build/mycobot_moveit_config -- -j2 -l2
[0.029s] -- Found ament_cmake: 2.5.2 (/opt/ros/jazzy/share/ament_cmake/cmake)
[0.177s] -- Found ament_lint_auto: 0.17.1 (/opt/ros/jazzy/share/ament_lint_auto/cmake)
[0.271s] -- Added test 'flake8' to check Python code syntax and style conventions
[0.271s] -- Configured 'flake8' exclude dirs and/or files: 
[0.274s] -- Added test 'lint_cmake' to check CMake code style
[0.275s] -- Added test 'pep257' to check Python code against some of the docstring style conventions in PEP 257
[0.277s] -- Added test 'xmllint' to check XML markup files
[0.277s] -- Configuring done (0.3s)
[0.283s] -- Generating done (0.0s)
[0.294s] -- Build files have been written to: /home/david/repos/EOH-Robot-1/ros2_ws/build/mycobot_moveit_config
[0.318s] Invoked command in '/home/david/repos/EOH-Robot-1/ros2_ws/build/mycobot_moveit_config' returned '0': CMAKE_PREFIX_PATH=${CMAKE_PREFIX_PATH}:/opt/ros/jazzy DEBUGINFOD_URLS=https://debuginfod.ubuntu.com /usr/bin/cmake --build /home/david/repos/EOH-Robot-1/ros2_ws/build/mycobot_moveit_config -- -j2 -l2
[0.318s] Invoking command in '/home/david/repos/EOH-Robot-1/ros2_ws/build/mycobot_moveit_config': CMAKE_PREFIX_PATH=${CMAKE_PREFIX_PATH}:/opt/ros/jazzy DEBUGINFOD_URLS=https://debuginfod.ubuntu.com /usr/bin/cmake --install /home/david/repos/EOH-Robot-1/ros2_ws/build/mycobot_moveit_config
[0.329s] -- Install configuration: ""
[0.329s] -- Installing: /home/david/repos/EOH-Robot-1/ros2_ws/install/mycobot_moveit_config/share/mycobot_moveit_config/config
[0.329s] -- Installing: /home/david/repos/EOH-Robot-1/ros2_ws/install/mycobot_moveit_config/share/mycobot_moveit_config/config/mycobot_280
[0.329s] -- Installing: /home/david/repos/EOH-Robot-1/ros2_ws/install/mycobot_moveit_config/share/mycobot_moveit_config/config/mycobot_280/ros2_controllers_template.yaml
[0.329s] -- Installing: /home/david/repos/EOH-Robot-1/ros2_ws/install/mycobot_moveit_config/share/mycobot_moveit_config/config/mycobot_280/ros2_controllers.yaml
[0.330s] -- Installing: /home/david/repos/EOH-Robot-1/ros2_ws/install/mycobot_moveit_config/share/mycobot_moveit_config/launch
[0.330s] -- Installing: /home/david/repos/EOH-Robot-1/ros2_ws/install/mycobot_moveit_config/share/mycobot_moveit_config/launch/load_ros2_controllers.launch.py
[0.330s] -- Up-to-date: /home/david/repos/EOH-Robot-1/ros2_ws/install/mycobot_moveit_config/share/ament_index/resource_index/package_run_dependencies/mycobot_moveit_config
[0.330s] -- Installing: /home/david/repos/EOH-Robot-1/ros2_ws/install/mycobot_moveit_config/share/ament_index/resource_index/parent_prefix_path/mycobot_moveit_config
[0.330s] -- Up-to-date: /home/david/repos/EOH-Robot-1/ros2_ws/install/mycobot_moveit_config/share/mycobot_moveit_config/environment/ament_prefix_path.sh
[0.330s] -- Up-to-date: /home/david/repos/EOH-Robot-1/ros2_ws/install/mycobot_moveit_config/share/mycobot_moveit_config/environment/ament_prefix_path.dsv
[0.330s] -- Up-to-date: /home/david/repos/EOH-Robot-1/ros2_ws/install/mycobot_moveit_config/share/mycobot_moveit_config/environment/path.sh
[0.330s] -- Up-to-date: /home/david/repos/EOH-Robot-1/ros2_ws/install/mycobot_moveit_config/share/mycobot_moveit_config/environment/path.dsv
[0.336s] -- Up-to-date: /home/david/repos/EOH-Robot-1/ros2_ws/install/mycobot_moveit_config/share/mycobot_moveit_config/local_setup.bash
[0.336s] -- Up-to-date: /home/david/repos/EOH-Robot-1/ros2_ws/install/mycobot_moveit_config/share/mycobot_moveit_config/local_setup.sh
[0.336s] -- Up-to-date: /home/david/repos/EOH-Robot-1/ros2_ws/install/mycobot_moveit_config/share/mycobot_moveit_config/local_setup.zsh
[0.336s] -- Up-to-date: /home/david/repos/EOH-Robot-1/ros2_ws/install/mycobot_moveit_config/share/mycobot_moveit_config/local_setup.dsv
[0.336s] -- Up-to-date: /home/david/repos/EOH-Robot-1/ros2_ws/install/mycobot_moveit_config/share/mycobot_moveit_config/package.dsv
[0.336s] -- Up-to-date: /home/david/repos/EOH-Robot-1/ros2_ws/install/mycobot_moveit_config/share/ament_index/resource_index/packages/mycobot_moveit_config
[0.336s] -- Up-to-date: /home/david/repos/EOH-Robot-1/ros2_ws/install/mycobot_moveit_config/share/mycobot_moveit_config/cmake/mycobot_moveit_configConfig.cmake
[0.337s] -- Up-to-date: /home/david/repos/EOH-Robot-1/ros2_ws/install/mycobot_moveit_config/share/mycobot_moveit_config/cmake/mycobot_moveit_configConfig-version.cmake
[0.337s] -- Up-to-date: /home/david/repos/EOH-Robot-1/ros2_ws/install/mycobot_moveit_config/share/mycobot_moveit_config/package.xml
[0.337s] Invoked command in '/home/david/repos/EOH-Robot-1/ros2_ws/build/mycobot_moveit_config' returned '0': CMAKE_PREFIX_PATH=${CMAKE_PREFIX_PATH}:/opt/ros/jazzy DEBUGINFOD_URLS=https://debuginfod.ubuntu.com /usr/bin/cmake --install /home/david/repos/EOH-Robot-1/ros2_ws/build/mycobot_moveit_config
