[0.014s] Invoking command in '/home/david/ros2_ws/build/mycobot_description': CMAKE_PREFIX_PATH=${CMAKE_PREFIX_PATH}:/opt/ros/jazzy DEBUGINFOD_URLS=https://debuginfod.ubuntu.com /usr/bin/cmake /home/david/ros2_ws/src/mycobot_ros2/mycobot_description -DCMAKE_INSTALL_PREFIX=/home/david/ros2_ws/install/mycobot_description
[0.164s] -- The C compiler identification is GNU 13.3.0
[0.271s] -- The CXX compiler identification is GNU 13.3.0
[0.283s] -- Detecting C compiler ABI info
[0.362s] -- Detecting C compiler ABI info - done
[0.374s] -- Check for working C compiler: /usr/bin/cc - skipped
[0.374s] -- Detecting C compile features
[0.374s] -- Detecting C compile features - done
[0.382s] -- Detecting CXX compiler ABI info
[0.550s] -- Detecting CXX compiler ABI info - done
[0.559s] -- Check for working CXX compiler: /usr/bin/c++ - skipped
[0.559s] -- Detecting CXX compile features
[0.560s] -- Detecting CXX compile features - done
[0.562s] -- Found ament_cmake: 2.5.2 (/opt/ros/jazzy/share/ament_cmake/cmake)
[0.689s] -- Found Python3: /usr/bin/python3 (found version "3.12.3") found components: Interpreter 
[0.803s] -- Found ament_lint_auto: 0.17.1 (/opt/ros/jazzy/share/ament_lint_auto/cmake)
[0.917s] -- Added test 'lint_cmake' to check CMake code style
[0.918s] -- Added test 'xmllint' to check XML markup files
[0.925s] -- Configuring done (0.9s)
[0.928s] -- Generating done (0.0s)
[0.929s] -- Build files have been written to: /home/david/ros2_ws/build/mycobot_description
[0.933s] Invoked command in '/home/david/ros2_ws/build/mycobot_description' returned '0': CMAKE_PREFIX_PATH=${CMAKE_PREFIX_PATH}:/opt/ros/jazzy DEBUGINFOD_URLS=https://debuginfod.ubuntu.com /usr/bin/cmake /home/david/ros2_ws/src/mycobot_ros2/mycobot_description -DCMAKE_INSTALL_PREFIX=/home/david/ros2_ws/install/mycobot_description
[0.933s] Invoking command in '/home/david/ros2_ws/build/mycobot_description': CMAKE_PREFIX_PATH=${CMAKE_PREFIX_PATH}:/opt/ros/jazzy DEBUGINFOD_URLS=https://debuginfod.ubuntu.com /usr/bin/cmake --build /home/david/ros2_ws/build/mycobot_description -- -j2 -l2
[0.975s] Invoked command in '/home/david/ros2_ws/build/mycobot_description' returned '0': CMAKE_PREFIX_PATH=${CMAKE_PREFIX_PATH}:/opt/ros/jazzy DEBUGINFOD_URLS=https://debuginfod.ubuntu.com /usr/bin/cmake --build /home/david/ros2_ws/build/mycobot_description -- -j2 -l2
[0.976s] Invoking command in '/home/david/ros2_ws/build/mycobot_description': CMAKE_PREFIX_PATH=${CMAKE_PREFIX_PATH}:/opt/ros/jazzy DEBUGINFOD_URLS=https://debuginfod.ubuntu.com /usr/bin/cmake --install /home/david/ros2_ws/build/mycobot_description
[0.987s] -- Install configuration: ""
[0.987s] -- Installing: /home/david/ros2_ws/install/mycobot_description/share/ament_index/resource_index/package_run_dependencies/mycobot_description
[0.988s] -- Installing: /home/david/ros2_ws/install/mycobot_description/share/ament_index/resource_index/parent_prefix_path/mycobot_description
[0.988s] -- Installing: /home/david/ros2_ws/install/mycobot_description/share/mycobot_description/environment/ament_prefix_path.sh
[0.989s] -- Installing: /home/david/ros2_ws/install/mycobot_description/share/mycobot_description/environment/ament_prefix_path.dsv
[0.990s] -- Installing: /home/david/ros2_ws/install/mycobot_description/share/mycobot_description/environment/path.sh
[0.990s] -- Installing: /home/david/ros2_ws/install/mycobot_description/share/mycobot_description/environment/path.dsv
[0.991s] -- Installing: /home/david/ros2_ws/install/mycobot_description/share/mycobot_description/local_setup.bash
[0.991s] -- Installing: /home/david/ros2_ws/install/mycobot_description/share/mycobot_description/local_setup.sh
[0.992s] -- Installing: /home/david/ros2_ws/install/mycobot_description/share/mycobot_description/local_setup.zsh
[0.995s] -- Installing: /home/david/ros2_ws/install/mycobot_description/share/mycobot_description/local_setup.dsv
[0.996s] -- Installing: /home/david/ros2_ws/install/mycobot_description/share/mycobot_description/package.dsv
[0.996s] -- Installing: /home/david/ros2_ws/install/mycobot_description/share/ament_index/resource_index/packages/mycobot_description
[0.998s] -- Installing: /home/david/ros2_ws/install/mycobot_description/share/mycobot_description/cmake/mycobot_descriptionConfig.cmake
[0.998s] -- Installing: /home/david/ros2_ws/install/mycobot_description/share/mycobot_description/cmake/mycobot_descriptionConfig-version.cmake
[0.999s] -- Installing: /home/david/ros2_ws/install/mycobot_description/share/mycobot_description/package.xml
[1.004s] Invoked command in '/home/david/ros2_ws/build/mycobot_description' returned '0': CMAKE_PREFIX_PATH=${CMAKE_PREFIX_PATH}:/opt/ros/jazzy DEBUGINFOD_URLS=https://debuginfod.ubuntu.com /usr/bin/cmake --install /home/david/ros2_ws/build/mycobot_description
