[0.014s] Invoking command in '/home/david/ros2_ws/build/mycobot_ros2': CMAKE_PREFIX_PATH=${CMAKE_PREFIX_PATH}:/opt/ros/jazzy DEBUGINFOD_URLS=https://debuginfod.ubuntu.com /usr/bin/cmake --build /home/david/ros2_ws/build/mycobot_ros2 -- -j2 -l2
[0.058s] Invoked command in '/home/david/ros2_ws/build/mycobot_ros2' returned '0': CMAKE_PREFIX_PATH=${CMAKE_PREFIX_PATH}:/opt/ros/jazzy DEBUGINFOD_URLS=https://debuginfod.ubuntu.com /usr/bin/cmake --build /home/david/ros2_ws/build/mycobot_ros2 -- -j2 -l2
[0.066s] Invoking command in '/home/david/ros2_ws/build/mycobot_ros2': CMAKE_PREFIX_PATH=${CMAKE_PREFIX_PATH}:/opt/ros/jazzy DEBUGINFOD_URLS=https://debuginfod.ubuntu.com /usr/bin/cmake --install /home/david/ros2_ws/build/mycobot_ros2
[0.074s] -- Install configuration: ""
[0.074s] -- Up-to-date: /home/david/ros2_ws/install/mycobot_ros2/share/ament_index/resource_index/package_run_dependencies/mycobot_ros2
[0.074s] -- Up-to-date: /home/david/ros2_ws/install/mycobot_ros2/share/ament_index/resource_index/parent_prefix_path/mycobot_ros2
[0.074s] -- Up-to-date: /home/david/ros2_ws/install/mycobot_ros2/share/mycobot_ros2/environment/ament_prefix_path.sh
[0.074s] -- Up-to-date: /home/david/ros2_ws/install/mycobot_ros2/share/mycobot_ros2/environment/ament_prefix_path.dsv
[0.074s] -- Up-to-date: /home/david/ros2_ws/install/mycobot_ros2/share/mycobot_ros2/environment/path.sh
[0.074s] -- Up-to-date: /home/david/ros2_ws/install/mycobot_ros2/share/mycobot_ros2/environment/path.dsv
[0.074s] -- Up-to-date: /home/david/ros2_ws/install/mycobot_ros2/share/mycobot_ros2/local_setup.bash
[0.074s] -- Up-to-date: /home/david/ros2_ws/install/mycobot_ros2/share/mycobot_ros2/local_setup.sh
[0.074s] -- Up-to-date: /home/david/ros2_ws/install/mycobot_ros2/share/mycobot_ros2/local_setup.zsh
[0.074s] -- Up-to-date: /home/david/ros2_ws/install/mycobot_ros2/share/mycobot_ros2/local_setup.dsv
[0.074s] -- Installing: /home/david/ros2_ws/install/mycobot_ros2/share/mycobot_ros2/package.dsv
[0.074s] -- Up-to-date: /home/david/ros2_ws/install/mycobot_ros2/share/ament_index/resource_index/packages/mycobot_ros2
[0.074s] -- Up-to-date: /home/david/ros2_ws/install/mycobot_ros2/share/mycobot_ros2/cmake/mycobot_ros2Config.cmake
[0.074s] -- Up-to-date: /home/david/ros2_ws/install/mycobot_ros2/share/mycobot_ros2/cmake/mycobot_ros2Config-version.cmake
[0.074s] -- Up-to-date: /home/david/ros2_ws/install/mycobot_ros2/share/mycobot_ros2/package.xml
[0.079s] Invoked command in '/home/david/ros2_ws/build/mycobot_ros2' returned '0': CMAKE_PREFIX_PATH=${CMAKE_PREFIX_PATH}:/opt/ros/jazzy DEBUGINFOD_URLS=https://debuginfod.ubuntu.com /usr/bin/cmake --install /home/david/ros2_ws/build/mycobot_ros2
