-- The C compiler identification is GNU 13.3.0
-- The CXX compiler identification is GNU 13.3.0
-- Detecting C compiler ABI info
-- Detecting C compiler ABI info - done
-- Check for working C compiler: /usr/bin/cc - skipped
-- Detecting C compile features
-- Detecting C compile features - done
-- Detecting CXX compiler ABI info
-- Detecting CXX compiler ABI info - done
-- Check for working CXX compiler: /usr/bin/c++ - skipped
-- Detecting CXX compile features
-- Detecting CXX compile features - done
-- Found ament_cmake: 2.5.2 (/opt/ros/jazzy/share/ament_cmake/cmake)
-- Found Python3: /usr/bin/python3 (found version "3.12.3") found components: Interpreter 
-- Found controller_manager: 4.21.0 (/opt/ros/jazzy/share/controller_manager/cmake)
-- Found rosidl_generator_c: 4.6.4 (/opt/ros/jazzy/share/rosidl_generator_c/cmake)
-- Found rosidl_generator_cpp: 4.6.4 (/opt/ros/jazzy/share/rosidl_generator_cpp/cmake)
-- Using all available rosidl_typesupport_c: rosidl_typesupport_fastrtps_c;rosidl_typesupport_introspection_c
-- Using all available rosidl_typesupport_cpp: rosidl_typesupport_fastrtps_cpp;rosidl_typesupport_introspection_cpp
-- Found TinyXML2 via Config file: /usr/lib/aarch64-linux-gnu/cmake/tinyxml2
-- Found rmw_implementation_cmake: 7.3.1 (/opt/ros/jazzy/share/rmw_implementation_cmake/cmake)
-- Found rmw_fastrtps_cpp: 8.4.1 (/opt/ros/jazzy/share/rmw_fastrtps_cpp/cmake)
-- Found TinyXML2 via Config file: /usr/lib/aarch64-linux-gnu/cmake/tinyxml2
-- Found OpenSSL: /usr/lib/aarch64-linux-gnu/libcrypto.so (found version "3.0.13")  
-- Found TinyXML2 via Config file: /usr/lib/aarch64-linux-gnu/cmake/tinyxml2
-- Found FastRTPS: /opt/ros/jazzy/include (Required is at least version "2.13") 
-- Found TinyXML2 via Config file: /usr/lib/aarch64-linux-gnu/cmake/tinyxml2
-- Found TinyXML2 via Config file: /usr/lib/aarch64-linux-gnu/cmake/tinyxml2
-- Using RMW implementation 'rmw_fastrtps_cpp' as default
-- Found parameter_traits: 0.3.9 (/opt/ros/jazzy/share/parameter_traits/cmake)
-- Found gripper_controllers: 4.18.0 (/opt/ros/jazzy/share/gripper_controllers/cmake)
-- Found gz_ros2_control: 1.2.9 (/opt/ros/jazzy/share/gz_ros2_control/cmake)
-- Found ros_gz: 1.0.7 (/opt/ros/jazzy/share/ros_gz/cmake)
-- Found ros_gz_bridge: 1.0.7 (/opt/ros/jazzy/share/ros_gz_bridge/cmake)
-- Looking for gz-msgs10 -- found version 10.3.1
-- Searching for dependencies of gz-msgs10
-- Found Protobuf: /usr/lib/aarch64-linux-gnu/libprotobuf.so (found version "3.21.12") 
-- Looking for gz-utils2 -- found version 2.2.0
-- Searching for dependencies of gz-utils2
-- Looking for gz-math7 -- found version 7.5.1
-- Searching for dependencies of gz-math7
-- Looking for gz-utils2 -- found version 2.2.0
-- Checking for module 'tinyxml2'
--   Found tinyxml2, version 10.0.0
-- Looking for gz-transport13 -- found version 13.4.0
-- Searching for dependencies of gz-transport13
-- Config-file not installed for ZeroMQ -- checking for pkg-config
-- Checking for module 'libzmq >= 4'
--   Found libzmq, version 4.3.5
-- Found ZeroMQ: TRUE (Required is at least version "4") 
-- Checking for module 'uuid'
--   Found uuid, version 2.39.3
-- Found UUID: TRUE  
-- Looking for gz-utils2 -- found version 2.2.0
-- Searching for dependencies of gz-utils2
-- Searching for <gz-utils2> component [cli]
-- Looking for gz-utils2-cli -- found version 2.2.0
-- Searching for dependencies of gz-utils2-cli
-- Looking for gz-msgs10 -- found version 10.3.1
-- Found ros_gz_image: 1.0.7 (/opt/ros/jazzy/share/ros_gz_image/cmake)
-- Found ros_gz_sim: 1.0.7 (/opt/ros/jazzy/share/ros_gz_sim/cmake)
-- Found ros2_control: 4.21.0 (/opt/ros/jazzy/share/ros2_control/cmake)
-- Found ros2_controllers: 4.18.0 (/opt/ros/jazzy/share/ros2_controllers/cmake)
-- Found xacro: 2.0.11 (/opt/ros/jazzy/share/xacro/cmake)
-- Found ament_lint_auto: 0.17.1 (/opt/ros/jazzy/share/ament_lint_auto/cmake)
-- Added test 'lint_cmake' to check CMake code style
-- Added test 'xmllint' to check XML markup files
-- Configuring done (7.3s)
-- Generating done (0.0s)
-- Build files have been written to: /home/david/repos/EOH-Robot-1/ros2_ws/build/mycobot_gazebo
-- Install configuration: ""
-- Installing: /home/david/repos/EOH-Robot-1/ros2_ws/install/mycobot_gazebo/share/ament_index/resource_index/package_run_dependencies/mycobot_gazebo
-- Installing: /home/david/repos/EOH-Robot-1/ros2_ws/install/mycobot_gazebo/share/ament_index/resource_index/parent_prefix_path/mycobot_gazebo
-- Installing: /home/david/repos/EOH-Robot-1/ros2_ws/install/mycobot_gazebo/share/mycobot_gazebo/environment/ament_prefix_path.sh
-- Installing: /home/david/repos/EOH-Robot-1/ros2_ws/install/mycobot_gazebo/share/mycobot_gazebo/environment/ament_prefix_path.dsv
-- Installing: /home/david/repos/EOH-Robot-1/ros2_ws/install/mycobot_gazebo/share/mycobot_gazebo/environment/path.sh
-- Installing: /home/david/repos/EOH-Robot-1/ros2_ws/install/mycobot_gazebo/share/mycobot_gazebo/environment/path.dsv
-- Installing: /home/david/repos/EOH-Robot-1/ros2_ws/install/mycobot_gazebo/share/mycobot_gazebo/local_setup.bash
-- Installing: /home/david/repos/EOH-Robot-1/ros2_ws/install/mycobot_gazebo/share/mycobot_gazebo/local_setup.sh
-- Installing: /home/david/repos/EOH-Robot-1/ros2_ws/install/mycobot_gazebo/share/mycobot_gazebo/local_setup.zsh
-- Installing: /home/david/repos/EOH-Robot-1/ros2_ws/install/mycobot_gazebo/share/mycobot_gazebo/local_setup.dsv
-- Installing: /home/david/repos/EOH-Robot-1/ros2_ws/install/mycobot_gazebo/share/mycobot_gazebo/package.dsv
-- Installing: /home/david/repos/EOH-Robot-1/ros2_ws/install/mycobot_gazebo/share/ament_index/resource_index/packages/mycobot_gazebo
-- Installing: /home/david/repos/EOH-Robot-1/ros2_ws/install/mycobot_gazebo/share/mycobot_gazebo/cmake/mycobot_gazeboConfig.cmake
-- Installing: /home/david/repos/EOH-Robot-1/ros2_ws/install/mycobot_gazebo/share/mycobot_gazebo/cmake/mycobot_gazeboConfig-version.cmake
-- Installing: /home/david/repos/EOH-Robot-1/ros2_ws/install/mycobot_gazebo/share/mycobot_gazebo/package.xml
