[0.055s] DEBUG:colcon:Command line arguments: ['/usr/bin/colcon', 'build']
[0.055s] DEBUG:colcon:Parsed command line arguments: Namespace(log_base=None, log_level=None, verb_name='build', build_base='build', install_base='install', merge_install=False, symlink_install=False, test_result_base=None, continue_on_error=False, executor='parallel', parallel_workers=2, event_handlers=None, ignore_user_meta=False, metas=['./colcon.meta'], base_paths=['.'], packages_ignore=None, packages_ignore_regex=None, paths=None, packages_up_to=None, packages_up_to_regex=None, packages_above=None, packages_above_and_dependencies=None, packages_above_depth=None, packages_select_by_dep=None, packages_skip_by_dep=None, packages_skip_up_to=None, packages_select_build_failed=False, packages_skip_build_finished=False, packages_select_test_failures=False, packages_skip_test_passed=False, packages_select=None, packages_skip=None, packages_select_regex=None, packages_skip_regex=None, packages_start=None, packages_end=None, allow_overriding=[], cmake_args=None, cmake_target=None, cmake_target_skip_unavailable=False, cmake_clean_cache=False, cmake_clean_first=False, cmake_force_configure=False, ament_cmake_args=None, catkin_cmake_args=None, catkin_skip_building_tests=False, mixin_files=None, mixin=None, verb_parser=<colcon_mixin.mixin.mixin_argument.MixinArgumentDecorator object at 0xfcf70a044ad0>, verb_extension=<colcon_core.verb.build.BuildVerb object at 0xfcf70a01f230>, main=<bound method BuildVerb.main of <colcon_core.verb.build.BuildVerb object at 0xfcf70a01f230>>, mixin_verb=('build',))
[0.075s] Level 1:colcon.colcon_core.package_discovery:discover_packages(colcon_meta) check parameters
[0.075s] Level 1:colcon.colcon_core.package_discovery:discover_packages(recursive) check parameters
[0.075s] Level 1:colcon.colcon_core.package_discovery:discover_packages(ignore) check parameters
[0.075s] Level 1:colcon.colcon_core.package_discovery:discover_packages(path) check parameters
[0.075s] Level 1:colcon.colcon_core.package_discovery:discover_packages(colcon_meta) discover
[0.076s] Level 1:colcon.colcon_core.package_discovery:discover_packages(recursive) discover
[0.076s] INFO:colcon.colcon_core.package_discovery:Crawling recursively for packages in '/home/david/repos/EOH-Robot-1/ros2_ws'
[0.076s] Level 1:colcon.colcon_core.package_identification:_identify(.) by extensions ['ignore', 'ignore_ament_install']
[0.076s] Level 1:colcon.colcon_core.package_identification:_identify(.) by extension 'ignore'
[0.076s] Level 1:colcon.colcon_core.package_identification:_identify(.) by extension 'ignore_ament_install'
[0.076s] Level 1:colcon.colcon_core.package_identification:_identify(.) by extensions ['colcon_pkg']
[0.076s] Level 1:colcon.colcon_core.package_identification:_identify(.) by extension 'colcon_pkg'
[0.076s] Level 1:colcon.colcon_core.package_identification:_identify(.) by extensions ['colcon_meta']
[0.076s] Level 1:colcon.colcon_core.package_identification:_identify(.) by extension 'colcon_meta'
[0.076s] Level 1:colcon.colcon_core.package_identification:_identify(.) by extensions ['ros']
[0.076s] Level 1:colcon.colcon_core.package_identification:_identify(.) by extension 'ros'
[0.089s] Level 1:colcon.colcon_core.package_identification:_identify(.) by extensions ['cmake', 'python']
[0.089s] Level 1:colcon.colcon_core.package_identification:_identify(.) by extension 'cmake'
[0.089s] Level 1:colcon.colcon_core.package_identification:_identify(.) by extension 'python'
[0.089s] Level 1:colcon.colcon_core.package_identification:_identify(.) by extensions ['python_setup_py']
[0.089s] Level 1:colcon.colcon_core.package_identification:_identify(.) by extension 'python_setup_py'
[0.089s] Level 1:colcon.colcon_core.package_identification:_identify(build) by extensions ['ignore', 'ignore_ament_install']
[0.089s] Level 1:colcon.colcon_core.package_identification:_identify(build) by extension 'ignore'
[0.089s] Level 1:colcon.colcon_core.package_identification:_identify(build) ignored
[0.089s] Level 1:colcon.colcon_core.package_identification:_identify(install) by extensions ['ignore', 'ignore_ament_install']
[0.089s] Level 1:colcon.colcon_core.package_identification:_identify(install) by extension 'ignore'
[0.089s] Level 1:colcon.colcon_core.package_identification:_identify(install) ignored
[0.089s] Level 1:colcon.colcon_core.package_identification:_identify(log) by extensions ['ignore', 'ignore_ament_install']
[0.089s] Level 1:colcon.colcon_core.package_identification:_identify(log) by extension 'ignore'
[0.090s] Level 1:colcon.colcon_core.package_identification:_identify(log) ignored
[0.090s] Level 1:colcon.colcon_core.package_identification:_identify(src) by extensions ['ignore', 'ignore_ament_install']
[0.090s] Level 1:colcon.colcon_core.package_identification:_identify(src) by extension 'ignore'
[0.090s] Level 1:colcon.colcon_core.package_identification:_identify(src) by extension 'ignore_ament_install'
[0.090s] Level 1:colcon.colcon_core.package_identification:_identify(src) by extensions ['colcon_pkg']
[0.090s] Level 1:colcon.colcon_core.package_identification:_identify(src) by extension 'colcon_pkg'
[0.090s] Level 1:colcon.colcon_core.package_identification:_identify(src) by extensions ['colcon_meta']
[0.090s] Level 1:colcon.colcon_core.package_identification:_identify(src) by extension 'colcon_meta'
[0.090s] Level 1:colcon.colcon_core.package_identification:_identify(src) by extensions ['ros']
[0.090s] Level 1:colcon.colcon_core.package_identification:_identify(src) by extension 'ros'
[0.090s] Level 1:colcon.colcon_core.package_identification:_identify(src) by extensions ['cmake', 'python']
[0.090s] Level 1:colcon.colcon_core.package_identification:_identify(src) by extension 'cmake'
[0.090s] Level 1:colcon.colcon_core.package_identification:_identify(src) by extension 'python'
[0.090s] Level 1:colcon.colcon_core.package_identification:_identify(src) by extensions ['python_setup_py']
[0.090s] Level 1:colcon.colcon_core.package_identification:_identify(src) by extension 'python_setup_py'
[0.090s] Level 1:colcon.colcon_core.package_identification:_identify(src/mycobot_ros2) by extensions ['ignore', 'ignore_ament_install']
[0.090s] Level 1:colcon.colcon_core.package_identification:_identify(src/mycobot_ros2) by extension 'ignore'
[0.090s] Level 1:colcon.colcon_core.package_identification:_identify(src/mycobot_ros2) by extension 'ignore_ament_install'
[0.090s] Level 1:colcon.colcon_core.package_identification:_identify(src/mycobot_ros2) by extensions ['colcon_pkg']
[0.090s] Level 1:colcon.colcon_core.package_identification:_identify(src/mycobot_ros2) by extension 'colcon_pkg'
[0.090s] Level 1:colcon.colcon_core.package_identification:_identify(src/mycobot_ros2) by extensions ['colcon_meta']
[0.090s] Level 1:colcon.colcon_core.package_identification:_identify(src/mycobot_ros2) by extension 'colcon_meta'
[0.090s] Level 1:colcon.colcon_core.package_identification:_identify(src/mycobot_ros2) by extensions ['ros']
[0.090s] Level 1:colcon.colcon_core.package_identification:_identify(src/mycobot_ros2) by extension 'ros'
[0.090s] Level 1:colcon.colcon_core.package_identification:_identify(src/mycobot_ros2) by extensions ['cmake', 'python']
[0.090s] Level 1:colcon.colcon_core.package_identification:_identify(src/mycobot_ros2) by extension 'cmake'
[0.090s] Level 1:colcon.colcon_core.package_identification:_identify(src/mycobot_ros2) by extension 'python'
[0.090s] Level 1:colcon.colcon_core.package_identification:_identify(src/mycobot_ros2) by extensions ['python_setup_py']
[0.090s] Level 1:colcon.colcon_core.package_identification:_identify(src/mycobot_ros2) by extension 'python_setup_py'
[0.090s] Level 1:colcon.colcon_core.package_identification:_identify(src/mycobot_ros2/mycobot_bringup) by extensions ['ignore', 'ignore_ament_install']
[0.090s] Level 1:colcon.colcon_core.package_identification:_identify(src/mycobot_ros2/mycobot_bringup) by extension 'ignore'
[0.090s] Level 1:colcon.colcon_core.package_identification:_identify(src/mycobot_ros2/mycobot_bringup) by extension 'ignore_ament_install'
[0.090s] Level 1:colcon.colcon_core.package_identification:_identify(src/mycobot_ros2/mycobot_bringup) by extensions ['colcon_pkg']
[0.090s] Level 1:colcon.colcon_core.package_identification:_identify(src/mycobot_ros2/mycobot_bringup) by extension 'colcon_pkg'
[0.090s] Level 1:colcon.colcon_core.package_identification:_identify(src/mycobot_ros2/mycobot_bringup) by extensions ['colcon_meta']
[0.090s] Level 1:colcon.colcon_core.package_identification:_identify(src/mycobot_ros2/mycobot_bringup) by extension 'colcon_meta'
[0.090s] Level 1:colcon.colcon_core.package_identification:_identify(src/mycobot_ros2/mycobot_bringup) by extensions ['ros']
[0.090s] Level 1:colcon.colcon_core.package_identification:_identify(src/mycobot_ros2/mycobot_bringup) by extension 'ros'
[0.091s] DEBUG:colcon.colcon_core.package_identification:Package 'src/mycobot_ros2/mycobot_bringup' with type 'ros.ament_cmake' and name 'mycobot_bringup'
[0.091s] Level 1:colcon.colcon_core.package_identification:_identify(src/mycobot_ros2/mycobot_description) by extensions ['ignore', 'ignore_ament_install']
[0.091s] Level 1:colcon.colcon_core.package_identification:_identify(src/mycobot_ros2/mycobot_description) by extension 'ignore'
[0.091s] Level 1:colcon.colcon_core.package_identification:_identify(src/mycobot_ros2/mycobot_description) by extension 'ignore_ament_install'
[0.091s] Level 1:colcon.colcon_core.package_identification:_identify(src/mycobot_ros2/mycobot_description) by extensions ['colcon_pkg']
[0.091s] Level 1:colcon.colcon_core.package_identification:_identify(src/mycobot_ros2/mycobot_description) by extension 'colcon_pkg'
[0.091s] Level 1:colcon.colcon_core.package_identification:_identify(src/mycobot_ros2/mycobot_description) by extensions ['colcon_meta']
[0.091s] Level 1:colcon.colcon_core.package_identification:_identify(src/mycobot_ros2/mycobot_description) by extension 'colcon_meta'
[0.091s] Level 1:colcon.colcon_core.package_identification:_identify(src/mycobot_ros2/mycobot_description) by extensions ['ros']
[0.091s] Level 1:colcon.colcon_core.package_identification:_identify(src/mycobot_ros2/mycobot_description) by extension 'ros'
[0.092s] DEBUG:colcon.colcon_core.package_identification:Package 'src/mycobot_ros2/mycobot_description' with type 'ros.ament_cmake' and name 'mycobot_description'
[0.092s] Level 1:colcon.colcon_core.package_identification:_identify(src/mycobot_ros2/mycobot_gazebo) by extensions ['ignore', 'ignore_ament_install']
[0.092s] Level 1:colcon.colcon_core.package_identification:_identify(src/mycobot_ros2/mycobot_gazebo) by extension 'ignore'
[0.092s] Level 1:colcon.colcon_core.package_identification:_identify(src/mycobot_ros2/mycobot_gazebo) by extension 'ignore_ament_install'
[0.092s] Level 1:colcon.colcon_core.package_identification:_identify(src/mycobot_ros2/mycobot_gazebo) by extensions ['colcon_pkg']
[0.092s] Level 1:colcon.colcon_core.package_identification:_identify(src/mycobot_ros2/mycobot_gazebo) by extension 'colcon_pkg'
[0.092s] Level 1:colcon.colcon_core.package_identification:_identify(src/mycobot_ros2/mycobot_gazebo) by extensions ['colcon_meta']
[0.092s] Level 1:colcon.colcon_core.package_identification:_identify(src/mycobot_ros2/mycobot_gazebo) by extension 'colcon_meta'
[0.092s] Level 1:colcon.colcon_core.package_identification:_identify(src/mycobot_ros2/mycobot_gazebo) by extensions ['ros']
[0.092s] Level 1:colcon.colcon_core.package_identification:_identify(src/mycobot_ros2/mycobot_gazebo) by extension 'ros'
[0.092s] DEBUG:colcon.colcon_core.package_identification:Package 'src/mycobot_ros2/mycobot_gazebo' with type 'ros.ament_cmake' and name 'mycobot_gazebo'
[0.092s] Level 1:colcon.colcon_core.package_identification:_identify(src/mycobot_ros2/mycobot_moveit_config) by extensions ['ignore', 'ignore_ament_install']
[0.092s] Level 1:colcon.colcon_core.package_identification:_identify(src/mycobot_ros2/mycobot_moveit_config) by extension 'ignore'
[0.092s] Level 1:colcon.colcon_core.package_identification:_identify(src/mycobot_ros2/mycobot_moveit_config) by extension 'ignore_ament_install'
[0.092s] Level 1:colcon.colcon_core.package_identification:_identify(src/mycobot_ros2/mycobot_moveit_config) by extensions ['colcon_pkg']
[0.092s] Level 1:colcon.colcon_core.package_identification:_identify(src/mycobot_ros2/mycobot_moveit_config) by extension 'colcon_pkg'
[0.092s] Level 1:colcon.colcon_core.package_identification:_identify(src/mycobot_ros2/mycobot_moveit_config) by extensions ['colcon_meta']
[0.092s] Level 1:colcon.colcon_core.package_identification:_identify(src/mycobot_ros2/mycobot_moveit_config) by extension 'colcon_meta'
[0.092s] Level 1:colcon.colcon_core.package_identification:_identify(src/mycobot_ros2/mycobot_moveit_config) by extensions ['ros']
[0.092s] Level 1:colcon.colcon_core.package_identification:_identify(src/mycobot_ros2/mycobot_moveit_config) by extension 'ros'
[0.093s] DEBUG:colcon.colcon_core.package_identification:Package 'src/mycobot_ros2/mycobot_moveit_config' with type 'ros.ament_cmake' and name 'mycobot_moveit_config'
[0.093s] Level 1:colcon.colcon_core.package_identification:_identify(src/mycobot_ros2/mycobot_ros2) by extensions ['ignore', 'ignore_ament_install']
[0.093s] Level 1:colcon.colcon_core.package_identification:_identify(src/mycobot_ros2/mycobot_ros2) by extension 'ignore'
[0.093s] Level 1:colcon.colcon_core.package_identification:_identify(src/mycobot_ros2/mycobot_ros2) by extension 'ignore_ament_install'
[0.093s] Level 1:colcon.colcon_core.package_identification:_identify(src/mycobot_ros2/mycobot_ros2) by extensions ['colcon_pkg']
[0.093s] Level 1:colcon.colcon_core.package_identification:_identify(src/mycobot_ros2/mycobot_ros2) by extension 'colcon_pkg'
[0.093s] Level 1:colcon.colcon_core.package_identification:_identify(src/mycobot_ros2/mycobot_ros2) by extensions ['colcon_meta']
[0.093s] Level 1:colcon.colcon_core.package_identification:_identify(src/mycobot_ros2/mycobot_ros2) by extension 'colcon_meta'
[0.093s] Level 1:colcon.colcon_core.package_identification:_identify(src/mycobot_ros2/mycobot_ros2) by extensions ['ros']
[0.093s] Level 1:colcon.colcon_core.package_identification:_identify(src/mycobot_ros2/mycobot_ros2) by extension 'ros'
[0.093s] DEBUG:colcon.colcon_core.package_identification:Package 'src/mycobot_ros2/mycobot_ros2' with type 'ros.ament_cmake' and name 'mycobot_ros2'
[0.093s] Level 1:colcon.colcon_core.package_identification:_identify(src/mycobot_ros2/mycobot_system_tests) by extensions ['ignore', 'ignore_ament_install']
[0.093s] Level 1:colcon.colcon_core.package_identification:_identify(src/mycobot_ros2/mycobot_system_tests) by extension 'ignore'
[0.093s] Level 1:colcon.colcon_core.package_identification:_identify(src/mycobot_ros2/mycobot_system_tests) by extension 'ignore_ament_install'
[0.093s] Level 1:colcon.colcon_core.package_identification:_identify(src/mycobot_ros2/mycobot_system_tests) by extensions ['colcon_pkg']
[0.093s] Level 1:colcon.colcon_core.package_identification:_identify(src/mycobot_ros2/mycobot_system_tests) by extension 'colcon_pkg'
[0.093s] Level 1:colcon.colcon_core.package_identification:_identify(src/mycobot_ros2/mycobot_system_tests) by extensions ['colcon_meta']
[0.093s] Level 1:colcon.colcon_core.package_identification:_identify(src/mycobot_ros2/mycobot_system_tests) by extension 'colcon_meta'
[0.093s] Level 1:colcon.colcon_core.package_identification:_identify(src/mycobot_ros2/mycobot_system_tests) by extensions ['ros']
[0.093s] Level 1:colcon.colcon_core.package_identification:_identify(src/mycobot_ros2/mycobot_system_tests) by extension 'ros'
[0.093s] DEBUG:colcon.colcon_core.package_identification:Package 'src/mycobot_ros2/mycobot_system_tests' with type 'ros.ament_cmake' and name 'mycobot_system_tests'
[0.093s] Level 1:colcon.colcon_core.package_discovery:discover_packages(recursive) using defaults
[0.093s] Level 1:colcon.colcon_core.package_discovery:discover_packages(ignore) discover
[0.093s] Level 1:colcon.colcon_core.package_discovery:discover_packages(ignore) using defaults
[0.093s] Level 1:colcon.colcon_core.package_discovery:discover_packages(path) discover
[0.093s] Level 1:colcon.colcon_core.package_discovery:discover_packages(path) using defaults
[0.103s] Level 1:colcon.colcon_core.package_discovery:discover_packages(prefix_path) check parameters
[0.103s] Level 1:colcon.colcon_core.package_discovery:discover_packages(prefix_path) discover
[0.104s] DEBUG:colcon.colcon_installed_package_information.package_discovery:Found 6 installed packages in /home/david/repos/EOH-Robot-1/ros2_ws/install
[0.105s] DEBUG:colcon.colcon_installed_package_information.package_discovery:Found 383 installed packages in /opt/ros/jazzy
[0.106s] Level 1:colcon.colcon_core.package_discovery:discover_packages(prefix_path) using defaults
[0.135s] Level 5:colcon.colcon_core.verb:set package 'mycobot_bringup' build argument 'cmake_args' from command line to 'None'
[0.135s] Level 5:colcon.colcon_core.verb:set package 'mycobot_bringup' build argument 'cmake_target' from command line to 'None'
[0.135s] Level 5:colcon.colcon_core.verb:set package 'mycobot_bringup' build argument 'cmake_target_skip_unavailable' from command line to 'False'
[0.135s] Level 5:colcon.colcon_core.verb:set package 'mycobot_bringup' build argument 'cmake_clean_cache' from command line to 'False'
[0.135s] Level 5:colcon.colcon_core.verb:set package 'mycobot_bringup' build argument 'cmake_clean_first' from command line to 'False'
[0.135s] Level 5:colcon.colcon_core.verb:set package 'mycobot_bringup' build argument 'cmake_force_configure' from command line to 'False'
[0.135s] Level 5:colcon.colcon_core.verb:set package 'mycobot_bringup' build argument 'ament_cmake_args' from command line to 'None'
[0.135s] Level 5:colcon.colcon_core.verb:set package 'mycobot_bringup' build argument 'catkin_cmake_args' from command line to 'None'
[0.135s] Level 5:colcon.colcon_core.verb:set package 'mycobot_bringup' build argument 'catkin_skip_building_tests' from command line to 'False'
[0.135s] DEBUG:colcon.colcon_core.verb:Building package 'mycobot_bringup' with the following arguments: {'ament_cmake_args': None, 'build_base': '/home/david/repos/EOH-Robot-1/ros2_ws/build/mycobot_bringup', 'catkin_cmake_args': None, 'catkin_skip_building_tests': False, 'cmake_args': None, 'cmake_clean_cache': False, 'cmake_clean_first': False, 'cmake_force_configure': False, 'cmake_target': None, 'cmake_target_skip_unavailable': False, 'install_base': '/home/david/repos/EOH-Robot-1/ros2_ws/install/mycobot_bringup', 'merge_install': False, 'path': '/home/david/repos/EOH-Robot-1/ros2_ws/src/mycobot_ros2/mycobot_bringup', 'symlink_install': False, 'test_result_base': None}
[0.135s] Level 5:colcon.colcon_core.verb:set package 'mycobot_description' build argument 'cmake_args' from command line to 'None'
[0.135s] Level 5:colcon.colcon_core.verb:set package 'mycobot_description' build argument 'cmake_target' from command line to 'None'
[0.135s] Level 5:colcon.colcon_core.verb:set package 'mycobot_description' build argument 'cmake_target_skip_unavailable' from command line to 'False'
[0.135s] Level 5:colcon.colcon_core.verb:set package 'mycobot_description' build argument 'cmake_clean_cache' from command line to 'False'
[0.135s] Level 5:colcon.colcon_core.verb:set package 'mycobot_description' build argument 'cmake_clean_first' from command line to 'False'
[0.135s] Level 5:colcon.colcon_core.verb:set package 'mycobot_description' build argument 'cmake_force_configure' from command line to 'False'
[0.135s] Level 5:colcon.colcon_core.verb:set package 'mycobot_description' build argument 'ament_cmake_args' from command line to 'None'
[0.135s] Level 5:colcon.colcon_core.verb:set package 'mycobot_description' build argument 'catkin_cmake_args' from command line to 'None'
[0.135s] Level 5:colcon.colcon_core.verb:set package 'mycobot_description' build argument 'catkin_skip_building_tests' from command line to 'False'
[0.135s] DEBUG:colcon.colcon_core.verb:Building package 'mycobot_description' with the following arguments: {'ament_cmake_args': None, 'build_base': '/home/david/repos/EOH-Robot-1/ros2_ws/build/mycobot_description', 'catkin_cmake_args': None, 'catkin_skip_building_tests': False, 'cmake_args': None, 'cmake_clean_cache': False, 'cmake_clean_first': False, 'cmake_force_configure': False, 'cmake_target': None, 'cmake_target_skip_unavailable': False, 'install_base': '/home/david/repos/EOH-Robot-1/ros2_ws/install/mycobot_description', 'merge_install': False, 'path': '/home/david/repos/EOH-Robot-1/ros2_ws/src/mycobot_ros2/mycobot_description', 'symlink_install': False, 'test_result_base': None}
[0.135s] Level 5:colcon.colcon_core.verb:set package 'mycobot_gazebo' build argument 'cmake_args' from command line to 'None'
[0.135s] Level 5:colcon.colcon_core.verb:set package 'mycobot_gazebo' build argument 'cmake_target' from command line to 'None'
[0.135s] Level 5:colcon.colcon_core.verb:set package 'mycobot_gazebo' build argument 'cmake_target_skip_unavailable' from command line to 'False'
[0.135s] Level 5:colcon.colcon_core.verb:set package 'mycobot_gazebo' build argument 'cmake_clean_cache' from command line to 'False'
[0.135s] Level 5:colcon.colcon_core.verb:set package 'mycobot_gazebo' build argument 'cmake_clean_first' from command line to 'False'
[0.135s] Level 5:colcon.colcon_core.verb:set package 'mycobot_gazebo' build argument 'cmake_force_configure' from command line to 'False'
[0.135s] Level 5:colcon.colcon_core.verb:set package 'mycobot_gazebo' build argument 'ament_cmake_args' from command line to 'None'
[0.135s] Level 5:colcon.colcon_core.verb:set package 'mycobot_gazebo' build argument 'catkin_cmake_args' from command line to 'None'
[0.135s] Level 5:colcon.colcon_core.verb:set package 'mycobot_gazebo' build argument 'catkin_skip_building_tests' from command line to 'False'
[0.135s] DEBUG:colcon.colcon_core.verb:Building package 'mycobot_gazebo' with the following arguments: {'ament_cmake_args': None, 'build_base': '/home/david/repos/EOH-Robot-1/ros2_ws/build/mycobot_gazebo', 'catkin_cmake_args': None, 'catkin_skip_building_tests': False, 'cmake_args': None, 'cmake_clean_cache': False, 'cmake_clean_first': False, 'cmake_force_configure': False, 'cmake_target': None, 'cmake_target_skip_unavailable': False, 'install_base': '/home/david/repos/EOH-Robot-1/ros2_ws/install/mycobot_gazebo', 'merge_install': False, 'path': '/home/david/repos/EOH-Robot-1/ros2_ws/src/mycobot_ros2/mycobot_gazebo', 'symlink_install': False, 'test_result_base': None}
[0.135s] Level 5:colcon.colcon_core.verb:set package 'mycobot_moveit_config' build argument 'cmake_args' from command line to 'None'
[0.135s] Level 5:colcon.colcon_core.verb:set package 'mycobot_moveit_config' build argument 'cmake_target' from command line to 'None'
[0.135s] Level 5:colcon.colcon_core.verb:set package 'mycobot_moveit_config' build argument 'cmake_target_skip_unavailable' from command line to 'False'
[0.135s] Level 5:colcon.colcon_core.verb:set package 'mycobot_moveit_config' build argument 'cmake_clean_cache' from command line to 'False'
[0.135s] Level 5:colcon.colcon_core.verb:set package 'mycobot_moveit_config' build argument 'cmake_clean_first' from command line to 'False'
[0.135s] Level 5:colcon.colcon_core.verb:set package 'mycobot_moveit_config' build argument 'cmake_force_configure' from command line to 'False'
[0.135s] Level 5:colcon.colcon_core.verb:set package 'mycobot_moveit_config' build argument 'ament_cmake_args' from command line to 'None'
[0.135s] Level 5:colcon.colcon_core.verb:set package 'mycobot_moveit_config' build argument 'catkin_cmake_args' from command line to 'None'
[0.135s] Level 5:colcon.colcon_core.verb:set package 'mycobot_moveit_config' build argument 'catkin_skip_building_tests' from command line to 'False'
[0.135s] DEBUG:colcon.colcon_core.verb:Building package 'mycobot_moveit_config' with the following arguments: {'ament_cmake_args': None, 'build_base': '/home/david/repos/EOH-Robot-1/ros2_ws/build/mycobot_moveit_config', 'catkin_cmake_args': None, 'catkin_skip_building_tests': False, 'cmake_args': None, 'cmake_clean_cache': False, 'cmake_clean_first': False, 'cmake_force_configure': False, 'cmake_target': None, 'cmake_target_skip_unavailable': False, 'install_base': '/home/david/repos/EOH-Robot-1/ros2_ws/install/mycobot_moveit_config', 'merge_install': False, 'path': '/home/david/repos/EOH-Robot-1/ros2_ws/src/mycobot_ros2/mycobot_moveit_config', 'symlink_install': False, 'test_result_base': None}
[0.135s] Level 5:colcon.colcon_core.verb:set package 'mycobot_system_tests' build argument 'cmake_args' from command line to 'None'
[0.135s] Level 5:colcon.colcon_core.verb:set package 'mycobot_system_tests' build argument 'cmake_target' from command line to 'None'
[0.135s] Level 5:colcon.colcon_core.verb:set package 'mycobot_system_tests' build argument 'cmake_target_skip_unavailable' from command line to 'False'
[0.135s] Level 5:colcon.colcon_core.verb:set package 'mycobot_system_tests' build argument 'cmake_clean_cache' from command line to 'False'
[0.135s] Level 5:colcon.colcon_core.verb:set package 'mycobot_system_tests' build argument 'cmake_clean_first' from command line to 'False'
[0.135s] Level 5:colcon.colcon_core.verb:set package 'mycobot_system_tests' build argument 'cmake_force_configure' from command line to 'False'
[0.135s] Level 5:colcon.colcon_core.verb:set package 'mycobot_system_tests' build argument 'ament_cmake_args' from command line to 'None'
[0.135s] Level 5:colcon.colcon_core.verb:set package 'mycobot_system_tests' build argument 'catkin_cmake_args' from command line to 'None'
[0.135s] Level 5:colcon.colcon_core.verb:set package 'mycobot_system_tests' build argument 'catkin_skip_building_tests' from command line to 'False'
[0.135s] DEBUG:colcon.colcon_core.verb:Building package 'mycobot_system_tests' with the following arguments: {'ament_cmake_args': None, 'build_base': '/home/david/repos/EOH-Robot-1/ros2_ws/build/mycobot_system_tests', 'catkin_cmake_args': None, 'catkin_skip_building_tests': False, 'cmake_args': None, 'cmake_clean_cache': False, 'cmake_clean_first': False, 'cmake_force_configure': False, 'cmake_target': None, 'cmake_target_skip_unavailable': False, 'install_base': '/home/david/repos/EOH-Robot-1/ros2_ws/install/mycobot_system_tests', 'merge_install': False, 'path': '/home/david/repos/EOH-Robot-1/ros2_ws/src/mycobot_ros2/mycobot_system_tests', 'symlink_install': False, 'test_result_base': None}
[0.135s] Level 5:colcon.colcon_core.verb:set package 'mycobot_ros2' build argument 'cmake_args' from command line to 'None'
[0.136s] Level 5:colcon.colcon_core.verb:set package 'mycobot_ros2' build argument 'cmake_target' from command line to 'None'
[0.136s] Level 5:colcon.colcon_core.verb:set package 'mycobot_ros2' build argument 'cmake_target_skip_unavailable' from command line to 'False'
[0.136s] Level 5:colcon.colcon_core.verb:set package 'mycobot_ros2' build argument 'cmake_clean_cache' from command line to 'False'
[0.136s] Level 5:colcon.colcon_core.verb:set package 'mycobot_ros2' build argument 'cmake_clean_first' from command line to 'False'
[0.136s] Level 5:colcon.colcon_core.verb:set package 'mycobot_ros2' build argument 'cmake_force_configure' from command line to 'False'
[0.136s] Level 5:colcon.colcon_core.verb:set package 'mycobot_ros2' build argument 'ament_cmake_args' from command line to 'None'
[0.136s] Level 5:colcon.colcon_core.verb:set package 'mycobot_ros2' build argument 'catkin_cmake_args' from command line to 'None'
[0.136s] Level 5:colcon.colcon_core.verb:set package 'mycobot_ros2' build argument 'catkin_skip_building_tests' from command line to 'False'
[0.136s] DEBUG:colcon.colcon_core.verb:Building package 'mycobot_ros2' with the following arguments: {'ament_cmake_args': None, 'build_base': '/home/david/repos/EOH-Robot-1/ros2_ws/build/mycobot_ros2', 'catkin_cmake_args': None, 'catkin_skip_building_tests': False, 'cmake_args': None, 'cmake_clean_cache': False, 'cmake_clean_first': False, 'cmake_force_configure': False, 'cmake_target': None, 'cmake_target_skip_unavailable': False, 'install_base': '/home/david/repos/EOH-Robot-1/ros2_ws/install/mycobot_ros2', 'merge_install': False, 'path': '/home/david/repos/EOH-Robot-1/ros2_ws/src/mycobot_ros2/mycobot_ros2', 'symlink_install': False, 'test_result_base': None}
[0.136s] INFO:colcon.colcon_core.executor:Executing jobs using 'parallel' executor
[0.136s] DEBUG:colcon.colcon_parallel_executor.executor.parallel:run_until_complete
[0.136s] INFO:colcon.colcon_ros.task.ament_cmake.build:Building ROS package in '/home/david/repos/EOH-Robot-1/ros2_ws/src/mycobot_ros2/mycobot_bringup' with build type 'ament_cmake'
[0.136s] INFO:colcon.colcon_cmake.task.cmake.build:Building CMake package in '/home/david/repos/EOH-Robot-1/ros2_ws/src/mycobot_ros2/mycobot_bringup'
[0.137s] INFO:colcon.colcon_core.plugin_system:Skipping extension 'colcon_core.shell.bat': Not used on non-Windows systems
[0.137s] INFO:colcon.colcon_core.shell:Skip shell extension 'powershell' for command environment: Not usable outside of PowerShell
[0.137s] DEBUG:colcon.colcon_core.shell:Skip shell extension 'dsv' for command environment
[0.139s] INFO:colcon.colcon_ros.task.ament_cmake.build:Building ROS package in '/home/david/repos/EOH-Robot-1/ros2_ws/src/mycobot_ros2/mycobot_description' with build type 'ament_cmake'
[0.139s] INFO:colcon.colcon_cmake.task.cmake.build:Building CMake package in '/home/david/repos/EOH-Robot-1/ros2_ws/src/mycobot_ros2/mycobot_description'
[0.139s] INFO:colcon.colcon_core.shell:Skip shell extension 'powershell' for command environment: Not usable outside of PowerShell
[0.139s] DEBUG:colcon.colcon_core.shell:Skip shell extension 'dsv' for command environment
[0.144s] DEBUG:colcon.colcon_core.event_handler.log_command:Invoking command in '/home/david/repos/EOH-Robot-1/ros2_ws/build/mycobot_bringup': CMAKE_PREFIX_PATH=${CMAKE_PREFIX_PATH}:/opt/ros/jazzy DEBUGINFOD_URLS=https://debuginfod.ubuntu.com /usr/bin/cmake --build /home/david/repos/EOH-Robot-1/ros2_ws/build/mycobot_bringup -- -j2 -l2
[0.149s] DEBUG:colcon.colcon_core.event_handler.log_command:Invoking command in '/home/david/repos/EOH-Robot-1/ros2_ws/build/mycobot_description': CMAKE_PREFIX_PATH=${CMAKE_PREFIX_PATH}:/opt/ros/jazzy DEBUGINFOD_URLS=https://debuginfod.ubuntu.com /usr/bin/cmake --build /home/david/repos/EOH-Robot-1/ros2_ws/build/mycobot_description -- -j2 -l2
[0.181s] DEBUG:colcon.colcon_core.event_handler.log_command:Invoked command in '/home/david/repos/EOH-Robot-1/ros2_ws/build/mycobot_description' returned '0': CMAKE_PREFIX_PATH=${CMAKE_PREFIX_PATH}:/opt/ros/jazzy DEBUGINFOD_URLS=https://debuginfod.ubuntu.com /usr/bin/cmake --build /home/david/repos/EOH-Robot-1/ros2_ws/build/mycobot_description -- -j2 -l2
[0.186s] DEBUG:colcon.colcon_core.event_handler.log_command:Invoking command in '/home/david/repos/EOH-Robot-1/ros2_ws/build/mycobot_description': CMAKE_PREFIX_PATH=${CMAKE_PREFIX_PATH}:/opt/ros/jazzy DEBUGINFOD_URLS=https://debuginfod.ubuntu.com /usr/bin/cmake --install /home/david/repos/EOH-Robot-1/ros2_ws/build/mycobot_description
[0.187s] DEBUG:colcon.colcon_core.event_handler.log_command:Invoked command in '/home/david/repos/EOH-Robot-1/ros2_ws/build/mycobot_bringup' returned '0': CMAKE_PREFIX_PATH=${CMAKE_PREFIX_PATH}:/opt/ros/jazzy DEBUGINFOD_URLS=https://debuginfod.ubuntu.com /usr/bin/cmake --build /home/david/repos/EOH-Robot-1/ros2_ws/build/mycobot_bringup -- -j2 -l2
[0.188s] DEBUG:colcon.colcon_core.event_handler.log_command:Invoking command in '/home/david/repos/EOH-Robot-1/ros2_ws/build/mycobot_bringup': CMAKE_PREFIX_PATH=${CMAKE_PREFIX_PATH}:/opt/ros/jazzy DEBUGINFOD_URLS=https://debuginfod.ubuntu.com /usr/bin/cmake --install /home/david/repos/EOH-Robot-1/ros2_ws/build/mycobot_bringup
[0.199s] Level 1:colcon.colcon_core.environment:create_environment_scripts_only(mycobot_description)
[0.200s] Level 1:colcon.colcon_core.environment:checking '/home/david/repos/EOH-Robot-1/ros2_ws/install/mycobot_description' for CMake module files
[0.200s] Level 1:colcon.colcon_core.environment:checking '/home/david/repos/EOH-Robot-1/ros2_ws/install/mycobot_description' for CMake config files
[0.200s] Level 1:colcon.colcon_core.shell:create_environment_hook('mycobot_description', 'cmake_prefix_path')
[0.200s] INFO:colcon.colcon_core.shell:Creating environment hook '/home/david/repos/EOH-Robot-1/ros2_ws/install/mycobot_description/share/mycobot_description/hook/cmake_prefix_path.ps1'
[0.200s] INFO:colcon.colcon_core.shell:Creating environment descriptor '/home/david/repos/EOH-Robot-1/ros2_ws/install/mycobot_description/share/mycobot_description/hook/cmake_prefix_path.dsv'
[0.200s] DEBUG:colcon.colcon_core.event_handler.log_command:Invoked command in '/home/david/repos/EOH-Robot-1/ros2_ws/build/mycobot_description' returned '0': CMAKE_PREFIX_PATH=${CMAKE_PREFIX_PATH}:/opt/ros/jazzy DEBUGINFOD_URLS=https://debuginfod.ubuntu.com /usr/bin/cmake --install /home/david/repos/EOH-Robot-1/ros2_ws/build/mycobot_description
[0.201s] INFO:colcon.colcon_core.shell:Creating environment hook '/home/david/repos/EOH-Robot-1/ros2_ws/install/mycobot_description/share/mycobot_description/hook/cmake_prefix_path.sh'
[0.201s] Level 1:colcon.colcon_core.environment:checking '/home/david/repos/EOH-Robot-1/ros2_ws/install/mycobot_description/bin'
[0.201s] Level 1:colcon.colcon_core.environment:checking '/home/david/repos/EOH-Robot-1/ros2_ws/install/mycobot_description/lib/pkgconfig/mycobot_description.pc'
[0.201s] Level 1:colcon.colcon_core.environment:checking '/home/david/repos/EOH-Robot-1/ros2_ws/install/mycobot_description/lib/python3.12/site-packages'
[0.201s] Level 1:colcon.colcon_core.environment:checking '/home/david/repos/EOH-Robot-1/ros2_ws/install/mycobot_description/bin'
[0.201s] INFO:colcon.colcon_core.shell:Creating package script '/home/david/repos/EOH-Robot-1/ros2_ws/install/mycobot_description/share/mycobot_description/package.ps1'
[0.202s] INFO:colcon.colcon_core.shell:Creating package descriptor '/home/david/repos/EOH-Robot-1/ros2_ws/install/mycobot_description/share/mycobot_description/package.dsv'
[0.202s] INFO:colcon.colcon_core.shell:Creating package script '/home/david/repos/EOH-Robot-1/ros2_ws/install/mycobot_description/share/mycobot_description/package.sh'
[0.202s] INFO:colcon.colcon_core.shell:Creating package script '/home/david/repos/EOH-Robot-1/ros2_ws/install/mycobot_description/share/mycobot_description/package.bash'
[0.202s] INFO:colcon.colcon_core.shell:Creating package script '/home/david/repos/EOH-Robot-1/ros2_ws/install/mycobot_description/share/mycobot_description/package.zsh'
[0.202s] Level 1:colcon.colcon_core.environment:create_file_with_runtime_dependencies(/home/david/repos/EOH-Robot-1/ros2_ws/install/mycobot_description/share/colcon-core/packages/mycobot_description)
[0.203s] Level 1:colcon.colcon_core.environment:create_environment_scripts_only(mycobot_description)
[0.203s] Level 1:colcon.colcon_core.environment:checking '/home/david/repos/EOH-Robot-1/ros2_ws/install/mycobot_description' for CMake module files
[0.203s] Level 1:colcon.colcon_core.environment:checking '/home/david/repos/EOH-Robot-1/ros2_ws/install/mycobot_description' for CMake config files
[0.203s] Level 1:colcon.colcon_core.shell:create_environment_hook('mycobot_description', 'cmake_prefix_path')
[0.203s] INFO:colcon.colcon_core.shell:Creating environment hook '/home/david/repos/EOH-Robot-1/ros2_ws/install/mycobot_description/share/mycobot_description/hook/cmake_prefix_path.ps1'
[0.203s] INFO:colcon.colcon_core.shell:Creating environment descriptor '/home/david/repos/EOH-Robot-1/ros2_ws/install/mycobot_description/share/mycobot_description/hook/cmake_prefix_path.dsv'
[0.203s] INFO:colcon.colcon_core.shell:Creating environment hook '/home/david/repos/EOH-Robot-1/ros2_ws/install/mycobot_description/share/mycobot_description/hook/cmake_prefix_path.sh'
[0.203s] Level 1:colcon.colcon_core.environment:checking '/home/david/repos/EOH-Robot-1/ros2_ws/install/mycobot_description/bin'
[0.203s] Level 1:colcon.colcon_core.environment:checking '/home/david/repos/EOH-Robot-1/ros2_ws/install/mycobot_description/lib/pkgconfig/mycobot_description.pc'
[0.204s] Level 1:colcon.colcon_core.environment:checking '/home/david/repos/EOH-Robot-1/ros2_ws/install/mycobot_description/lib/python3.12/site-packages'
[0.204s] Level 1:colcon.colcon_core.environment:checking '/home/david/repos/EOH-Robot-1/ros2_ws/install/mycobot_description/bin'
[0.204s] INFO:colcon.colcon_core.shell:Creating package script '/home/david/repos/EOH-Robot-1/ros2_ws/install/mycobot_description/share/mycobot_description/package.ps1'
[0.204s] INFO:colcon.colcon_core.shell:Creating package descriptor '/home/david/repos/EOH-Robot-1/ros2_ws/install/mycobot_description/share/mycobot_description/package.dsv'
[0.204s] INFO:colcon.colcon_core.shell:Creating package script '/home/david/repos/EOH-Robot-1/ros2_ws/install/mycobot_description/share/mycobot_description/package.sh'
[0.204s] INFO:colcon.colcon_core.shell:Creating package script '/home/david/repos/EOH-Robot-1/ros2_ws/install/mycobot_description/share/mycobot_description/package.bash'
[0.204s] INFO:colcon.colcon_core.shell:Creating package script '/home/david/repos/EOH-Robot-1/ros2_ws/install/mycobot_description/share/mycobot_description/package.zsh'
[0.204s] Level 1:colcon.colcon_core.environment:create_file_with_runtime_dependencies(/home/david/repos/EOH-Robot-1/ros2_ws/install/mycobot_description/share/colcon-core/packages/mycobot_description)
[0.205s] INFO:colcon.colcon_ros.task.ament_cmake.build:Building ROS package in '/home/david/repos/EOH-Robot-1/ros2_ws/src/mycobot_ros2/mycobot_gazebo' with build type 'ament_cmake'
[0.205s] INFO:colcon.colcon_cmake.task.cmake.build:Building CMake package in '/home/david/repos/EOH-Robot-1/ros2_ws/src/mycobot_ros2/mycobot_gazebo'
[0.205s] INFO:colcon.colcon_core.shell:Skip shell extension 'powershell' for command environment: Not usable outside of PowerShell
[0.205s] DEBUG:colcon.colcon_core.shell:Skip shell extension 'dsv' for command environment
[0.208s] Level 1:colcon.colcon_core.environment:create_environment_scripts_only(mycobot_bringup)
[0.208s] DEBUG:colcon.colcon_core.event_handler.log_command:Invoked command in '/home/david/repos/EOH-Robot-1/ros2_ws/build/mycobot_bringup' returned '0': CMAKE_PREFIX_PATH=${CMAKE_PREFIX_PATH}:/opt/ros/jazzy DEBUGINFOD_URLS=https://debuginfod.ubuntu.com /usr/bin/cmake --install /home/david/repos/EOH-Robot-1/ros2_ws/build/mycobot_bringup
[0.208s] Level 1:colcon.colcon_core.environment:checking '/home/david/repos/EOH-Robot-1/ros2_ws/install/mycobot_bringup' for CMake module files
[0.208s] Level 1:colcon.colcon_core.environment:checking '/home/david/repos/EOH-Robot-1/ros2_ws/install/mycobot_bringup' for CMake config files
[0.208s] Level 1:colcon.colcon_core.shell:create_environment_hook('mycobot_bringup', 'cmake_prefix_path')
[0.208s] INFO:colcon.colcon_core.shell:Creating environment hook '/home/david/repos/EOH-Robot-1/ros2_ws/install/mycobot_bringup/share/mycobot_bringup/hook/cmake_prefix_path.ps1'
[0.208s] INFO:colcon.colcon_core.shell:Creating environment descriptor '/home/david/repos/EOH-Robot-1/ros2_ws/install/mycobot_bringup/share/mycobot_bringup/hook/cmake_prefix_path.dsv'
[0.209s] INFO:colcon.colcon_core.shell:Creating environment hook '/home/david/repos/EOH-Robot-1/ros2_ws/install/mycobot_bringup/share/mycobot_bringup/hook/cmake_prefix_path.sh'
[0.209s] Level 1:colcon.colcon_core.environment:checking '/home/david/repos/EOH-Robot-1/ros2_ws/install/mycobot_bringup/bin'
[0.209s] Level 1:colcon.colcon_core.environment:checking '/home/david/repos/EOH-Robot-1/ros2_ws/install/mycobot_bringup/lib/pkgconfig/mycobot_bringup.pc'
[0.209s] Level 1:colcon.colcon_core.environment:checking '/home/david/repos/EOH-Robot-1/ros2_ws/install/mycobot_bringup/lib/python3.12/site-packages'
[0.209s] Level 1:colcon.colcon_core.environment:checking '/home/david/repos/EOH-Robot-1/ros2_ws/install/mycobot_bringup/bin'
[0.209s] INFO:colcon.colcon_core.shell:Creating package script '/home/david/repos/EOH-Robot-1/ros2_ws/install/mycobot_bringup/share/mycobot_bringup/package.ps1'
[0.209s] INFO:colcon.colcon_core.shell:Creating package descriptor '/home/david/repos/EOH-Robot-1/ros2_ws/install/mycobot_bringup/share/mycobot_bringup/package.dsv'
[0.209s] INFO:colcon.colcon_core.shell:Creating package script '/home/david/repos/EOH-Robot-1/ros2_ws/install/mycobot_bringup/share/mycobot_bringup/package.sh'
[0.210s] INFO:colcon.colcon_core.shell:Creating package script '/home/david/repos/EOH-Robot-1/ros2_ws/install/mycobot_bringup/share/mycobot_bringup/package.bash'
[0.210s] INFO:colcon.colcon_core.shell:Creating package script '/home/david/repos/EOH-Robot-1/ros2_ws/install/mycobot_bringup/share/mycobot_bringup/package.zsh'
[0.210s] Level 1:colcon.colcon_core.environment:create_file_with_runtime_dependencies(/home/david/repos/EOH-Robot-1/ros2_ws/install/mycobot_bringup/share/colcon-core/packages/mycobot_bringup)
[0.210s] Level 1:colcon.colcon_core.environment:create_environment_scripts_only(mycobot_bringup)
[0.210s] Level 1:colcon.colcon_core.environment:checking '/home/david/repos/EOH-Robot-1/ros2_ws/install/mycobot_bringup' for CMake module files
[0.210s] Level 1:colcon.colcon_core.environment:checking '/home/david/repos/EOH-Robot-1/ros2_ws/install/mycobot_bringup' for CMake config files
[0.210s] Level 1:colcon.colcon_core.shell:create_environment_hook('mycobot_bringup', 'cmake_prefix_path')
[0.211s] INFO:colcon.colcon_core.shell:Creating environment hook '/home/david/repos/EOH-Robot-1/ros2_ws/install/mycobot_bringup/share/mycobot_bringup/hook/cmake_prefix_path.ps1'
[0.211s] INFO:colcon.colcon_core.shell:Creating environment descriptor '/home/david/repos/EOH-Robot-1/ros2_ws/install/mycobot_bringup/share/mycobot_bringup/hook/cmake_prefix_path.dsv'
[0.211s] INFO:colcon.colcon_core.shell:Creating environment hook '/home/david/repos/EOH-Robot-1/ros2_ws/install/mycobot_bringup/share/mycobot_bringup/hook/cmake_prefix_path.sh'
[0.211s] Level 1:colcon.colcon_core.environment:checking '/home/david/repos/EOH-Robot-1/ros2_ws/install/mycobot_bringup/bin'
[0.212s] Level 1:colcon.colcon_core.environment:checking '/home/david/repos/EOH-Robot-1/ros2_ws/install/mycobot_bringup/lib/pkgconfig/mycobot_bringup.pc'
[0.212s] Level 1:colcon.colcon_core.environment:checking '/home/david/repos/EOH-Robot-1/ros2_ws/install/mycobot_bringup/lib/python3.12/site-packages'
[0.212s] Level 1:colcon.colcon_core.environment:checking '/home/david/repos/EOH-Robot-1/ros2_ws/install/mycobot_bringup/bin'
[0.212s] INFO:colcon.colcon_core.shell:Creating package script '/home/david/repos/EOH-Robot-1/ros2_ws/install/mycobot_bringup/share/mycobot_bringup/package.ps1'
[0.212s] INFO:colcon.colcon_core.shell:Creating package descriptor '/home/david/repos/EOH-Robot-1/ros2_ws/install/mycobot_bringup/share/mycobot_bringup/package.dsv'
[0.212s] INFO:colcon.colcon_core.shell:Creating package script '/home/david/repos/EOH-Robot-1/ros2_ws/install/mycobot_bringup/share/mycobot_bringup/package.sh'
[0.212s] INFO:colcon.colcon_core.shell:Creating package script '/home/david/repos/EOH-Robot-1/ros2_ws/install/mycobot_bringup/share/mycobot_bringup/package.bash'
[0.213s] INFO:colcon.colcon_core.shell:Creating package script '/home/david/repos/EOH-Robot-1/ros2_ws/install/mycobot_bringup/share/mycobot_bringup/package.zsh'
[0.214s] Level 1:colcon.colcon_core.environment:create_file_with_runtime_dependencies(/home/david/repos/EOH-Robot-1/ros2_ws/install/mycobot_bringup/share/colcon-core/packages/mycobot_bringup)
[0.214s] INFO:colcon.colcon_ros.task.ament_cmake.build:Building ROS package in '/home/david/repos/EOH-Robot-1/ros2_ws/src/mycobot_ros2/mycobot_moveit_config' with build type 'ament_cmake'
[0.214s] INFO:colcon.colcon_cmake.task.cmake.build:Building CMake package in '/home/david/repos/EOH-Robot-1/ros2_ws/src/mycobot_ros2/mycobot_moveit_config'
[0.214s] INFO:colcon.colcon_core.shell:Skip shell extension 'powershell' for command environment: Not usable outside of PowerShell
[0.215s] DEBUG:colcon.colcon_core.shell:Skip shell extension 'dsv' for command environment
[0.219s] DEBUG:colcon.colcon_core.event_handler.log_command:Invoking command in '/home/david/repos/EOH-Robot-1/ros2_ws/build/mycobot_gazebo': CMAKE_PREFIX_PATH=${CMAKE_PREFIX_PATH}:/opt/ros/jazzy DEBUGINFOD_URLS=https://debuginfod.ubuntu.com /usr/bin/cmake --build /home/david/repos/EOH-Robot-1/ros2_ws/build/mycobot_gazebo -- -j2 -l2
[0.223s] DEBUG:colcon.colcon_core.event_handler.log_command:Invoking command in '/home/david/repos/EOH-Robot-1/ros2_ws/build/mycobot_moveit_config': CMAKE_PREFIX_PATH=${CMAKE_PREFIX_PATH}:/opt/ros/jazzy DEBUGINFOD_URLS=https://debuginfod.ubuntu.com /usr/bin/cmake --build /home/david/repos/EOH-Robot-1/ros2_ws/build/mycobot_moveit_config -- -j2 -l2
[0.255s] DEBUG:colcon.colcon_core.event_handler.log_command:Invoked command in '/home/david/repos/EOH-Robot-1/ros2_ws/build/mycobot_moveit_config' returned '0': CMAKE_PREFIX_PATH=${CMAKE_PREFIX_PATH}:/opt/ros/jazzy DEBUGINFOD_URLS=https://debuginfod.ubuntu.com /usr/bin/cmake --build /home/david/repos/EOH-Robot-1/ros2_ws/build/mycobot_moveit_config -- -j2 -l2
[0.256s] DEBUG:colcon.colcon_core.event_handler.log_command:Invoking command in '/home/david/repos/EOH-Robot-1/ros2_ws/build/mycobot_moveit_config': CMAKE_PREFIX_PATH=${CMAKE_PREFIX_PATH}:/opt/ros/jazzy DEBUGINFOD_URLS=https://debuginfod.ubuntu.com /usr/bin/cmake --install /home/david/repos/EOH-Robot-1/ros2_ws/build/mycobot_moveit_config
[0.267s] Level 1:colcon.colcon_core.environment:create_environment_scripts_only(mycobot_moveit_config)
[0.268s] Level 1:colcon.colcon_core.environment:checking '/home/david/repos/EOH-Robot-1/ros2_ws/install/mycobot_moveit_config' for CMake module files
[0.268s] Level 1:colcon.colcon_core.environment:checking '/home/david/repos/EOH-Robot-1/ros2_ws/install/mycobot_moveit_config' for CMake config files
[0.268s] Level 1:colcon.colcon_core.shell:create_environment_hook('mycobot_moveit_config', 'cmake_prefix_path')
[0.268s] INFO:colcon.colcon_core.shell:Creating environment hook '/home/david/repos/EOH-Robot-1/ros2_ws/install/mycobot_moveit_config/share/mycobot_moveit_config/hook/cmake_prefix_path.ps1'
[0.268s] INFO:colcon.colcon_core.shell:Creating environment descriptor '/home/david/repos/EOH-Robot-1/ros2_ws/install/mycobot_moveit_config/share/mycobot_moveit_config/hook/cmake_prefix_path.dsv'
[0.268s] INFO:colcon.colcon_core.shell:Creating environment hook '/home/david/repos/EOH-Robot-1/ros2_ws/install/mycobot_moveit_config/share/mycobot_moveit_config/hook/cmake_prefix_path.sh'
[0.270s] Level 1:colcon.colcon_core.environment:checking '/home/david/repos/EOH-Robot-1/ros2_ws/install/mycobot_moveit_config/bin'
[0.270s] Level 1:colcon.colcon_core.environment:checking '/home/david/repos/EOH-Robot-1/ros2_ws/install/mycobot_moveit_config/lib/pkgconfig/mycobot_moveit_config.pc'
[0.270s] Level 1:colcon.colcon_core.environment:checking '/home/david/repos/EOH-Robot-1/ros2_ws/install/mycobot_moveit_config/lib/python3.12/site-packages'
[0.270s] Level 1:colcon.colcon_core.environment:checking '/home/david/repos/EOH-Robot-1/ros2_ws/install/mycobot_moveit_config/bin'
[0.270s] INFO:colcon.colcon_core.shell:Creating package script '/home/david/repos/EOH-Robot-1/ros2_ws/install/mycobot_moveit_config/share/mycobot_moveit_config/package.ps1'
[0.270s] INFO:colcon.colcon_core.shell:Creating package descriptor '/home/david/repos/EOH-Robot-1/ros2_ws/install/mycobot_moveit_config/share/mycobot_moveit_config/package.dsv'
[0.271s] INFO:colcon.colcon_core.shell:Creating package script '/home/david/repos/EOH-Robot-1/ros2_ws/install/mycobot_moveit_config/share/mycobot_moveit_config/package.sh'
[0.272s] INFO:colcon.colcon_core.shell:Creating package script '/home/david/repos/EOH-Robot-1/ros2_ws/install/mycobot_moveit_config/share/mycobot_moveit_config/package.bash'
[0.272s] INFO:colcon.colcon_core.shell:Creating package script '/home/david/repos/EOH-Robot-1/ros2_ws/install/mycobot_moveit_config/share/mycobot_moveit_config/package.zsh'
[0.272s] Level 1:colcon.colcon_core.environment:create_file_with_runtime_dependencies(/home/david/repos/EOH-Robot-1/ros2_ws/install/mycobot_moveit_config/share/colcon-core/packages/mycobot_moveit_config)
[0.272s] Level 1:colcon.colcon_core.environment:create_environment_scripts_only(mycobot_moveit_config)
[0.272s] Level 1:colcon.colcon_core.environment:checking '/home/david/repos/EOH-Robot-1/ros2_ws/install/mycobot_moveit_config' for CMake module files
[0.272s] Level 1:colcon.colcon_core.environment:checking '/home/david/repos/EOH-Robot-1/ros2_ws/install/mycobot_moveit_config' for CMake config files
[0.273s] Level 1:colcon.colcon_core.shell:create_environment_hook('mycobot_moveit_config', 'cmake_prefix_path')
[0.273s] INFO:colcon.colcon_core.shell:Creating environment hook '/home/david/repos/EOH-Robot-1/ros2_ws/install/mycobot_moveit_config/share/mycobot_moveit_config/hook/cmake_prefix_path.ps1'
[0.273s] INFO:colcon.colcon_core.shell:Creating environment descriptor '/home/david/repos/EOH-Robot-1/ros2_ws/install/mycobot_moveit_config/share/mycobot_moveit_config/hook/cmake_prefix_path.dsv'
[0.273s] INFO:colcon.colcon_core.shell:Creating environment hook '/home/david/repos/EOH-Robot-1/ros2_ws/install/mycobot_moveit_config/share/mycobot_moveit_config/hook/cmake_prefix_path.sh'
[0.273s] Level 1:colcon.colcon_core.environment:checking '/home/david/repos/EOH-Robot-1/ros2_ws/install/mycobot_moveit_config/bin'
[0.273s] Level 1:colcon.colcon_core.environment:checking '/home/david/repos/EOH-Robot-1/ros2_ws/install/mycobot_moveit_config/lib/pkgconfig/mycobot_moveit_config.pc'
[0.273s] Level 1:colcon.colcon_core.environment:checking '/home/david/repos/EOH-Robot-1/ros2_ws/install/mycobot_moveit_config/lib/python3.12/site-packages'
[0.273s] Level 1:colcon.colcon_core.environment:checking '/home/david/repos/EOH-Robot-1/ros2_ws/install/mycobot_moveit_config/bin'
[0.273s] INFO:colcon.colcon_core.shell:Creating package script '/home/david/repos/EOH-Robot-1/ros2_ws/install/mycobot_moveit_config/share/mycobot_moveit_config/package.ps1'
[0.275s] DEBUG:colcon.colcon_core.event_handler.log_command:Invoked command in '/home/david/repos/EOH-Robot-1/ros2_ws/build/mycobot_moveit_config' returned '0': CMAKE_PREFIX_PATH=${CMAKE_PREFIX_PATH}:/opt/ros/jazzy DEBUGINFOD_URLS=https://debuginfod.ubuntu.com /usr/bin/cmake --install /home/david/repos/EOH-Robot-1/ros2_ws/build/mycobot_moveit_config
[0.275s] INFO:colcon.colcon_core.shell:Creating package descriptor '/home/david/repos/EOH-Robot-1/ros2_ws/install/mycobot_moveit_config/share/mycobot_moveit_config/package.dsv'
[0.275s] INFO:colcon.colcon_core.shell:Creating package script '/home/david/repos/EOH-Robot-1/ros2_ws/install/mycobot_moveit_config/share/mycobot_moveit_config/package.sh'
[0.275s] INFO:colcon.colcon_core.shell:Creating package script '/home/david/repos/EOH-Robot-1/ros2_ws/install/mycobot_moveit_config/share/mycobot_moveit_config/package.bash'
[0.276s] INFO:colcon.colcon_core.shell:Creating package script '/home/david/repos/EOH-Robot-1/ros2_ws/install/mycobot_moveit_config/share/mycobot_moveit_config/package.zsh'
[0.276s] Level 1:colcon.colcon_core.environment:create_file_with_runtime_dependencies(/home/david/repos/EOH-Robot-1/ros2_ws/install/mycobot_moveit_config/share/colcon-core/packages/mycobot_moveit_config)
[0.276s] INFO:colcon.colcon_ros.task.ament_cmake.build:Building ROS package in '/home/david/repos/EOH-Robot-1/ros2_ws/src/mycobot_ros2/mycobot_system_tests' with build type 'ament_cmake'
[0.276s] INFO:colcon.colcon_cmake.task.cmake.build:Building CMake package in '/home/david/repos/EOH-Robot-1/ros2_ws/src/mycobot_ros2/mycobot_system_tests'
[0.276s] INFO:colcon.colcon_core.shell:Skip shell extension 'powershell' for command environment: Not usable outside of PowerShell
[0.276s] DEBUG:colcon.colcon_core.shell:Skip shell extension 'dsv' for command environment
[0.279s] DEBUG:colcon.colcon_core.event_handler.log_command:Invoked command in '/home/david/repos/EOH-Robot-1/ros2_ws/build/mycobot_gazebo' returned '0': CMAKE_PREFIX_PATH=${CMAKE_PREFIX_PATH}:/opt/ros/jazzy DEBUGINFOD_URLS=https://debuginfod.ubuntu.com /usr/bin/cmake --build /home/david/repos/EOH-Robot-1/ros2_ws/build/mycobot_gazebo -- -j2 -l2
[0.279s] DEBUG:colcon.colcon_core.event_handler.log_command:Invoking command in '/home/david/repos/EOH-Robot-1/ros2_ws/build/mycobot_gazebo': CMAKE_PREFIX_PATH=${CMAKE_PREFIX_PATH}:/opt/ros/jazzy DEBUGINFOD_URLS=https://debuginfod.ubuntu.com /usr/bin/cmake --install /home/david/repos/EOH-Robot-1/ros2_ws/build/mycobot_gazebo
[0.284s] DEBUG:colcon.colcon_core.event_handler.log_command:Invoking command in '/home/david/repos/EOH-Robot-1/ros2_ws/build/mycobot_system_tests': CMAKE_PREFIX_PATH=${CMAKE_PREFIX_PATH}:/opt/ros/jazzy DEBUGINFOD_URLS=https://debuginfod.ubuntu.com /usr/bin/cmake --build /home/david/repos/EOH-Robot-1/ros2_ws/build/mycobot_system_tests -- -j2 -l2
[0.355s] Level 1:colcon.colcon_core.environment:create_environment_scripts_only(mycobot_gazebo)
[0.355s] Level 1:colcon.colcon_core.environment:checking '/home/david/repos/EOH-Robot-1/ros2_ws/install/mycobot_gazebo' for CMake module files
[0.355s] Level 1:colcon.colcon_core.environment:checking '/home/david/repos/EOH-Robot-1/ros2_ws/install/mycobot_gazebo' for CMake config files
[0.355s] Level 1:colcon.colcon_core.shell:create_environment_hook('mycobot_gazebo', 'cmake_prefix_path')
[0.355s] INFO:colcon.colcon_core.shell:Creating environment hook '/home/david/repos/EOH-Robot-1/ros2_ws/install/mycobot_gazebo/share/mycobot_gazebo/hook/cmake_prefix_path.ps1'
[0.356s] INFO:colcon.colcon_core.shell:Creating environment descriptor '/home/david/repos/EOH-Robot-1/ros2_ws/install/mycobot_gazebo/share/mycobot_gazebo/hook/cmake_prefix_path.dsv'
[0.356s] INFO:colcon.colcon_core.shell:Creating environment hook '/home/david/repos/EOH-Robot-1/ros2_ws/install/mycobot_gazebo/share/mycobot_gazebo/hook/cmake_prefix_path.sh'
[0.356s] Level 1:colcon.colcon_core.environment:checking '/home/david/repos/EOH-Robot-1/ros2_ws/install/mycobot_gazebo/bin'
[0.356s] Level 1:colcon.colcon_core.environment:checking '/home/david/repos/EOH-Robot-1/ros2_ws/install/mycobot_gazebo/lib/pkgconfig/mycobot_gazebo.pc'
[0.356s] Level 1:colcon.colcon_core.environment:checking '/home/david/repos/EOH-Robot-1/ros2_ws/install/mycobot_gazebo/lib/python3.12/site-packages'
[0.356s] Level 1:colcon.colcon_core.environment:checking '/home/david/repos/EOH-Robot-1/ros2_ws/install/mycobot_gazebo/bin'
[0.356s] INFO:colcon.colcon_core.shell:Creating package script '/home/david/repos/EOH-Robot-1/ros2_ws/install/mycobot_gazebo/share/mycobot_gazebo/package.ps1'
[0.357s] INFO:colcon.colcon_core.shell:Creating package descriptor '/home/david/repos/EOH-Robot-1/ros2_ws/install/mycobot_gazebo/share/mycobot_gazebo/package.dsv'
[0.357s] INFO:colcon.colcon_core.shell:Creating package script '/home/david/repos/EOH-Robot-1/ros2_ws/install/mycobot_gazebo/share/mycobot_gazebo/package.sh'
[0.357s] INFO:colcon.colcon_core.shell:Creating package script '/home/david/repos/EOH-Robot-1/ros2_ws/install/mycobot_gazebo/share/mycobot_gazebo/package.bash'
[0.357s] INFO:colcon.colcon_core.shell:Creating package script '/home/david/repos/EOH-Robot-1/ros2_ws/install/mycobot_gazebo/share/mycobot_gazebo/package.zsh'
[0.357s] Level 1:colcon.colcon_core.environment:create_file_with_runtime_dependencies(/home/david/repos/EOH-Robot-1/ros2_ws/install/mycobot_gazebo/share/colcon-core/packages/mycobot_gazebo)
[0.365s] Level 1:colcon.colcon_core.environment:create_environment_scripts_only(mycobot_gazebo)
[0.366s] Level 1:colcon.colcon_core.environment:checking '/home/david/repos/EOH-Robot-1/ros2_ws/install/mycobot_gazebo' for CMake module files
[0.366s] Level 1:colcon.colcon_core.environment:checking '/home/david/repos/EOH-Robot-1/ros2_ws/install/mycobot_gazebo' for CMake config files
[0.366s] Level 1:colcon.colcon_core.shell:create_environment_hook('mycobot_gazebo', 'cmake_prefix_path')
[0.366s] INFO:colcon.colcon_core.shell:Creating environment hook '/home/david/repos/EOH-Robot-1/ros2_ws/install/mycobot_gazebo/share/mycobot_gazebo/hook/cmake_prefix_path.ps1'
[0.367s] INFO:colcon.colcon_core.shell:Creating environment descriptor '/home/david/repos/EOH-Robot-1/ros2_ws/install/mycobot_gazebo/share/mycobot_gazebo/hook/cmake_prefix_path.dsv'
[0.367s] INFO:colcon.colcon_core.shell:Creating environment hook '/home/david/repos/EOH-Robot-1/ros2_ws/install/mycobot_gazebo/share/mycobot_gazebo/hook/cmake_prefix_path.sh'
[0.367s] Level 1:colcon.colcon_core.environment:checking '/home/david/repos/EOH-Robot-1/ros2_ws/install/mycobot_gazebo/bin'
[0.367s] Level 1:colcon.colcon_core.environment:checking '/home/david/repos/EOH-Robot-1/ros2_ws/install/mycobot_gazebo/lib/pkgconfig/mycobot_gazebo.pc'
[0.367s] Level 1:colcon.colcon_core.environment:checking '/home/david/repos/EOH-Robot-1/ros2_ws/install/mycobot_gazebo/lib/python3.12/site-packages'
[0.367s] Level 1:colcon.colcon_core.environment:checking '/home/david/repos/EOH-Robot-1/ros2_ws/install/mycobot_gazebo/bin'
[0.367s] INFO:colcon.colcon_core.shell:Creating package script '/home/david/repos/EOH-Robot-1/ros2_ws/install/mycobot_gazebo/share/mycobot_gazebo/package.ps1'
[0.368s] INFO:colcon.colcon_core.shell:Creating package descriptor '/home/david/repos/EOH-Robot-1/ros2_ws/install/mycobot_gazebo/share/mycobot_gazebo/package.dsv'
[0.369s] INFO:colcon.colcon_core.shell:Creating package script '/home/david/repos/EOH-Robot-1/ros2_ws/install/mycobot_gazebo/share/mycobot_gazebo/package.sh'
[0.369s] INFO:colcon.colcon_core.shell:Creating package script '/home/david/repos/EOH-Robot-1/ros2_ws/install/mycobot_gazebo/share/mycobot_gazebo/package.bash'
[0.369s] INFO:colcon.colcon_core.shell:Creating package script '/home/david/repos/EOH-Robot-1/ros2_ws/install/mycobot_gazebo/share/mycobot_gazebo/package.zsh'
[0.369s] Level 1:colcon.colcon_core.environment:create_file_with_runtime_dependencies(/home/david/repos/EOH-Robot-1/ros2_ws/install/mycobot_gazebo/share/colcon-core/packages/mycobot_gazebo)
[0.370s] DEBUG:colcon.colcon_core.event_handler.log_command:Invoked command in '/home/david/repos/EOH-Robot-1/ros2_ws/build/mycobot_gazebo' returned '0': CMAKE_PREFIX_PATH=${CMAKE_PREFIX_PATH}:/opt/ros/jazzy DEBUGINFOD_URLS=https://debuginfod.ubuntu.com /usr/bin/cmake --install /home/david/repos/EOH-Robot-1/ros2_ws/build/mycobot_gazebo
[0.373s] DEBUG:colcon.colcon_core.event_handler.log_command:Invoked command in '/home/david/repos/EOH-Robot-1/ros2_ws/build/mycobot_system_tests' returned '0': CMAKE_PREFIX_PATH=${CMAKE_PREFIX_PATH}:/opt/ros/jazzy DEBUGINFOD_URLS=https://debuginfod.ubuntu.com /usr/bin/cmake --build /home/david/repos/EOH-Robot-1/ros2_ws/build/mycobot_system_tests -- -j2 -l2
[0.373s] DEBUG:colcon.colcon_core.event_handler.log_command:Invoking command in '/home/david/repos/EOH-Robot-1/ros2_ws/build/mycobot_system_tests': CMAKE_PREFIX_PATH=${CMAKE_PREFIX_PATH}:/opt/ros/jazzy DEBUGINFOD_URLS=https://debuginfod.ubuntu.com /usr/bin/cmake --install /home/david/repos/EOH-Robot-1/ros2_ws/build/mycobot_system_tests
[0.379s] Level 1:colcon.colcon_core.environment:create_environment_scripts_only(mycobot_system_tests)
[0.379s] Level 1:colcon.colcon_core.environment:checking '/home/david/repos/EOH-Robot-1/ros2_ws/install/mycobot_system_tests' for CMake module files
[0.380s] Level 1:colcon.colcon_core.environment:checking '/home/david/repos/EOH-Robot-1/ros2_ws/install/mycobot_system_tests' for CMake config files
[0.380s] Level 1:colcon.colcon_core.shell:create_environment_hook('mycobot_system_tests', 'cmake_prefix_path')
[0.380s] INFO:colcon.colcon_core.shell:Creating environment hook '/home/david/repos/EOH-Robot-1/ros2_ws/install/mycobot_system_tests/share/mycobot_system_tests/hook/cmake_prefix_path.ps1'
[0.380s] DEBUG:colcon.colcon_core.event_handler.log_command:Invoked command in '/home/david/repos/EOH-Robot-1/ros2_ws/build/mycobot_system_tests' returned '0': CMAKE_PREFIX_PATH=${CMAKE_PREFIX_PATH}:/opt/ros/jazzy DEBUGINFOD_URLS=https://debuginfod.ubuntu.com /usr/bin/cmake --install /home/david/repos/EOH-Robot-1/ros2_ws/build/mycobot_system_tests
[0.380s] INFO:colcon.colcon_core.shell:Creating environment descriptor '/home/david/repos/EOH-Robot-1/ros2_ws/install/mycobot_system_tests/share/mycobot_system_tests/hook/cmake_prefix_path.dsv'
[0.380s] INFO:colcon.colcon_core.shell:Creating environment hook '/home/david/repos/EOH-Robot-1/ros2_ws/install/mycobot_system_tests/share/mycobot_system_tests/hook/cmake_prefix_path.sh'
[0.381s] Level 1:colcon.colcon_core.environment:checking '/home/david/repos/EOH-Robot-1/ros2_ws/install/mycobot_system_tests/bin'
[0.381s] Level 1:colcon.colcon_core.environment:checking '/home/david/repos/EOH-Robot-1/ros2_ws/install/mycobot_system_tests/lib/pkgconfig/mycobot_system_tests.pc'
[0.381s] Level 1:colcon.colcon_core.environment:checking '/home/david/repos/EOH-Robot-1/ros2_ws/install/mycobot_system_tests/lib/python3.12/site-packages'
[0.381s] Level 1:colcon.colcon_core.environment:checking '/home/david/repos/EOH-Robot-1/ros2_ws/install/mycobot_system_tests/bin'
[0.381s] INFO:colcon.colcon_core.shell:Creating package script '/home/david/repos/EOH-Robot-1/ros2_ws/install/mycobot_system_tests/share/mycobot_system_tests/package.ps1'
[0.381s] INFO:colcon.colcon_core.shell:Creating package descriptor '/home/david/repos/EOH-Robot-1/ros2_ws/install/mycobot_system_tests/share/mycobot_system_tests/package.dsv'
[0.381s] INFO:colcon.colcon_core.shell:Creating package script '/home/david/repos/EOH-Robot-1/ros2_ws/install/mycobot_system_tests/share/mycobot_system_tests/package.sh'
[0.381s] INFO:colcon.colcon_core.shell:Creating package script '/home/david/repos/EOH-Robot-1/ros2_ws/install/mycobot_system_tests/share/mycobot_system_tests/package.bash'
[0.381s] INFO:colcon.colcon_core.shell:Creating package script '/home/david/repos/EOH-Robot-1/ros2_ws/install/mycobot_system_tests/share/mycobot_system_tests/package.zsh'
[0.382s] Level 1:colcon.colcon_core.environment:create_file_with_runtime_dependencies(/home/david/repos/EOH-Robot-1/ros2_ws/install/mycobot_system_tests/share/colcon-core/packages/mycobot_system_tests)
[0.382s] Level 1:colcon.colcon_core.environment:create_environment_scripts_only(mycobot_system_tests)
[0.382s] Level 1:colcon.colcon_core.environment:checking '/home/david/repos/EOH-Robot-1/ros2_ws/install/mycobot_system_tests' for CMake module files
[0.382s] Level 1:colcon.colcon_core.environment:checking '/home/david/repos/EOH-Robot-1/ros2_ws/install/mycobot_system_tests' for CMake config files
[0.382s] Level 1:colcon.colcon_core.shell:create_environment_hook('mycobot_system_tests', 'cmake_prefix_path')
[0.382s] INFO:colcon.colcon_core.shell:Creating environment hook '/home/david/repos/EOH-Robot-1/ros2_ws/install/mycobot_system_tests/share/mycobot_system_tests/hook/cmake_prefix_path.ps1'
[0.382s] INFO:colcon.colcon_core.shell:Creating environment descriptor '/home/david/repos/EOH-Robot-1/ros2_ws/install/mycobot_system_tests/share/mycobot_system_tests/hook/cmake_prefix_path.dsv'
[0.382s] INFO:colcon.colcon_core.shell:Creating environment hook '/home/david/repos/EOH-Robot-1/ros2_ws/install/mycobot_system_tests/share/mycobot_system_tests/hook/cmake_prefix_path.sh'
[0.382s] Level 1:colcon.colcon_core.environment:checking '/home/david/repos/EOH-Robot-1/ros2_ws/install/mycobot_system_tests/bin'
[0.382s] Level 1:colcon.colcon_core.environment:checking '/home/david/repos/EOH-Robot-1/ros2_ws/install/mycobot_system_tests/lib/pkgconfig/mycobot_system_tests.pc'
[0.382s] Level 1:colcon.colcon_core.environment:checking '/home/david/repos/EOH-Robot-1/ros2_ws/install/mycobot_system_tests/lib/python3.12/site-packages'
[0.383s] Level 1:colcon.colcon_core.environment:checking '/home/david/repos/EOH-Robot-1/ros2_ws/install/mycobot_system_tests/bin'
[0.383s] INFO:colcon.colcon_core.shell:Creating package script '/home/david/repos/EOH-Robot-1/ros2_ws/install/mycobot_system_tests/share/mycobot_system_tests/package.ps1'
[0.383s] INFO:colcon.colcon_core.shell:Creating package descriptor '/home/david/repos/EOH-Robot-1/ros2_ws/install/mycobot_system_tests/share/mycobot_system_tests/package.dsv'
[0.383s] INFO:colcon.colcon_core.shell:Creating package script '/home/david/repos/EOH-Robot-1/ros2_ws/install/mycobot_system_tests/share/mycobot_system_tests/package.sh'
[0.383s] INFO:colcon.colcon_core.shell:Creating package script '/home/david/repos/EOH-Robot-1/ros2_ws/install/mycobot_system_tests/share/mycobot_system_tests/package.bash'
[0.383s] INFO:colcon.colcon_core.shell:Creating package script '/home/david/repos/EOH-Robot-1/ros2_ws/install/mycobot_system_tests/share/mycobot_system_tests/package.zsh'
[0.383s] Level 1:colcon.colcon_core.environment:create_file_with_runtime_dependencies(/home/david/repos/EOH-Robot-1/ros2_ws/install/mycobot_system_tests/share/colcon-core/packages/mycobot_system_tests)
[0.384s] INFO:colcon.colcon_ros.task.ament_cmake.build:Building ROS package in '/home/david/repos/EOH-Robot-1/ros2_ws/src/mycobot_ros2/mycobot_ros2' with build type 'ament_cmake'
[0.384s] INFO:colcon.colcon_cmake.task.cmake.build:Building CMake package in '/home/david/repos/EOH-Robot-1/ros2_ws/src/mycobot_ros2/mycobot_ros2'
[0.384s] INFO:colcon.colcon_core.shell:Skip shell extension 'powershell' for command environment: Not usable outside of PowerShell
[0.384s] DEBUG:colcon.colcon_core.shell:Skip shell extension 'dsv' for command environment
[0.403s] DEBUG:colcon.colcon_core.event_handler.log_command:Invoking command in '/home/david/repos/EOH-Robot-1/ros2_ws/build/mycobot_ros2': CMAKE_PREFIX_PATH=/home/david/repos/EOH-Robot-1/ros2_ws/install/mycobot_system_tests:/home/david/repos/EOH-Robot-1/ros2_ws/install/mycobot_moveit_config:/home/david/repos/EOH-Robot-1/ros2_ws/install/mycobot_gazebo:/home/david/repos/EOH-Robot-1/ros2_ws/install/mycobot_description:/home/david/repos/EOH-Robot-1/ros2_ws/install/mycobot_bringup:/home/david/repos/EOH-Robot-1/ros2_ws/install/mycobot_ros2:/opt/ros/jazzy/opt/gz_sim_vendor:/opt/ros/jazzy/opt/gz_sensors_vendor:/opt/ros/jazzy/opt/gz_physics_vendor:/opt/ros/jazzy/opt/sdformat_vendor:/opt/ros/jazzy/opt/gz_gui_vendor:/opt/ros/jazzy/opt/gz_transport_vendor:/opt/ros/jazzy/opt/gz_rendering_vendor:/opt/ros/jazzy/opt/gz_plugin_vendor:/opt/ros/jazzy/opt/gz_fuel_tools_vendor:/opt/ros/jazzy/opt/gz_msgs_vendor:/opt/ros/jazzy/opt/gz_common_vendor:/opt/ros/jazzy/opt/gz_math_vendor:/opt/ros/jazzy/opt/gz_utils_vendor:/opt/ros/jazzy/opt/gz_tools_vendor:/opt/ros/jazzy/opt/gz_ogre_next_vendor:/opt/ros/jazzy/opt/gz_dartsim_vendor:/opt/ros/jazzy/opt/gz_cmake_vendor:/opt/ros/jazzy DEBUGINFOD_URLS=https://debuginfod.ubuntu.com /usr/bin/cmake --build /home/david/repos/EOH-Robot-1/ros2_ws/build/mycobot_ros2 -- -j2 -l2
[0.607s] DEBUG:colcon.colcon_core.event_handler.log_command:Invoked command in '/home/david/repos/EOH-Robot-1/ros2_ws/build/mycobot_ros2' returned '0': CMAKE_PREFIX_PATH=/home/david/repos/EOH-Robot-1/ros2_ws/install/mycobot_system_tests:/home/david/repos/EOH-Robot-1/ros2_ws/install/mycobot_moveit_config:/home/david/repos/EOH-Robot-1/ros2_ws/install/mycobot_gazebo:/home/david/repos/EOH-Robot-1/ros2_ws/install/mycobot_description:/home/david/repos/EOH-Robot-1/ros2_ws/install/mycobot_bringup:/home/david/repos/EOH-Robot-1/ros2_ws/install/mycobot_ros2:/opt/ros/jazzy/opt/gz_sim_vendor:/opt/ros/jazzy/opt/gz_sensors_vendor:/opt/ros/jazzy/opt/gz_physics_vendor:/opt/ros/jazzy/opt/sdformat_vendor:/opt/ros/jazzy/opt/gz_gui_vendor:/opt/ros/jazzy/opt/gz_transport_vendor:/opt/ros/jazzy/opt/gz_rendering_vendor:/opt/ros/jazzy/opt/gz_plugin_vendor:/opt/ros/jazzy/opt/gz_fuel_tools_vendor:/opt/ros/jazzy/opt/gz_msgs_vendor:/opt/ros/jazzy/opt/gz_common_vendor:/opt/ros/jazzy/opt/gz_math_vendor:/opt/ros/jazzy/opt/gz_utils_vendor:/opt/ros/jazzy/opt/gz_tools_vendor:/opt/ros/jazzy/opt/gz_ogre_next_vendor:/opt/ros/jazzy/opt/gz_dartsim_vendor:/opt/ros/jazzy/opt/gz_cmake_vendor:/opt/ros/jazzy DEBUGINFOD_URLS=https://debuginfod.ubuntu.com /usr/bin/cmake --build /home/david/repos/EOH-Robot-1/ros2_ws/build/mycobot_ros2 -- -j2 -l2
[0.607s] DEBUG:colcon.colcon_core.event_handler.log_command:Invoking command in '/home/david/repos/EOH-Robot-1/ros2_ws/build/mycobot_ros2': CMAKE_PREFIX_PATH=/home/david/repos/EOH-Robot-1/ros2_ws/install/mycobot_system_tests:/home/david/repos/EOH-Robot-1/ros2_ws/install/mycobot_moveit_config:/home/david/repos/EOH-Robot-1/ros2_ws/install/mycobot_gazebo:/home/david/repos/EOH-Robot-1/ros2_ws/install/mycobot_description:/home/david/repos/EOH-Robot-1/ros2_ws/install/mycobot_bringup:/home/david/repos/EOH-Robot-1/ros2_ws/install/mycobot_ros2:/opt/ros/jazzy/opt/gz_sim_vendor:/opt/ros/jazzy/opt/gz_sensors_vendor:/opt/ros/jazzy/opt/gz_physics_vendor:/opt/ros/jazzy/opt/sdformat_vendor:/opt/ros/jazzy/opt/gz_gui_vendor:/opt/ros/jazzy/opt/gz_transport_vendor:/opt/ros/jazzy/opt/gz_rendering_vendor:/opt/ros/jazzy/opt/gz_plugin_vendor:/opt/ros/jazzy/opt/gz_fuel_tools_vendor:/opt/ros/jazzy/opt/gz_msgs_vendor:/opt/ros/jazzy/opt/gz_common_vendor:/opt/ros/jazzy/opt/gz_math_vendor:/opt/ros/jazzy/opt/gz_utils_vendor:/opt/ros/jazzy/opt/gz_tools_vendor:/opt/ros/jazzy/opt/gz_ogre_next_vendor:/opt/ros/jazzy/opt/gz_dartsim_vendor:/opt/ros/jazzy/opt/gz_cmake_vendor:/opt/ros/jazzy DEBUGINFOD_URLS=https://debuginfod.ubuntu.com /usr/bin/cmake --install /home/david/repos/EOH-Robot-1/ros2_ws/build/mycobot_ros2
[0.612s] Level 1:colcon.colcon_core.environment:create_environment_scripts_only(mycobot_ros2)
[0.612s] Level 1:colcon.colcon_core.environment:checking '/home/david/repos/EOH-Robot-1/ros2_ws/install/mycobot_ros2' for CMake module files
[0.612s] Level 1:colcon.colcon_core.environment:checking '/home/david/repos/EOH-Robot-1/ros2_ws/install/mycobot_ros2' for CMake config files
[0.612s] Level 1:colcon.colcon_core.shell:create_environment_hook('mycobot_ros2', 'cmake_prefix_path')
[0.612s] INFO:colcon.colcon_core.shell:Creating environment hook '/home/david/repos/EOH-Robot-1/ros2_ws/install/mycobot_ros2/share/mycobot_ros2/hook/cmake_prefix_path.ps1'
[0.613s] INFO:colcon.colcon_core.shell:Creating environment descriptor '/home/david/repos/EOH-Robot-1/ros2_ws/install/mycobot_ros2/share/mycobot_ros2/hook/cmake_prefix_path.dsv'
[0.613s] INFO:colcon.colcon_core.shell:Creating environment hook '/home/david/repos/EOH-Robot-1/ros2_ws/install/mycobot_ros2/share/mycobot_ros2/hook/cmake_prefix_path.sh'
[0.613s] Level 1:colcon.colcon_core.environment:checking '/home/david/repos/EOH-Robot-1/ros2_ws/install/mycobot_ros2/bin'
[0.613s] Level 1:colcon.colcon_core.environment:checking '/home/david/repos/EOH-Robot-1/ros2_ws/install/mycobot_ros2/lib/pkgconfig/mycobot_ros2.pc'
[0.613s] Level 1:colcon.colcon_core.environment:checking '/home/david/repos/EOH-Robot-1/ros2_ws/install/mycobot_ros2/lib/python3.12/site-packages'
[0.613s] Level 1:colcon.colcon_core.environment:checking '/home/david/repos/EOH-Robot-1/ros2_ws/install/mycobot_ros2/bin'
[0.613s] INFO:colcon.colcon_core.shell:Creating package script '/home/david/repos/EOH-Robot-1/ros2_ws/install/mycobot_ros2/share/mycobot_ros2/package.ps1'
[0.613s] DEBUG:colcon.colcon_core.event_handler.log_command:Invoked command in '/home/david/repos/EOH-Robot-1/ros2_ws/build/mycobot_ros2' returned '0': CMAKE_PREFIX_PATH=/home/david/repos/EOH-Robot-1/ros2_ws/install/mycobot_system_tests:/home/david/repos/EOH-Robot-1/ros2_ws/install/mycobot_moveit_config:/home/david/repos/EOH-Robot-1/ros2_ws/install/mycobot_gazebo:/home/david/repos/EOH-Robot-1/ros2_ws/install/mycobot_description:/home/david/repos/EOH-Robot-1/ros2_ws/install/mycobot_bringup:/home/david/repos/EOH-Robot-1/ros2_ws/install/mycobot_ros2:/opt/ros/jazzy/opt/gz_sim_vendor:/opt/ros/jazzy/opt/gz_sensors_vendor:/opt/ros/jazzy/opt/gz_physics_vendor:/opt/ros/jazzy/opt/sdformat_vendor:/opt/ros/jazzy/opt/gz_gui_vendor:/opt/ros/jazzy/opt/gz_transport_vendor:/opt/ros/jazzy/opt/gz_rendering_vendor:/opt/ros/jazzy/opt/gz_plugin_vendor:/opt/ros/jazzy/opt/gz_fuel_tools_vendor:/opt/ros/jazzy/opt/gz_msgs_vendor:/opt/ros/jazzy/opt/gz_common_vendor:/opt/ros/jazzy/opt/gz_math_vendor:/opt/ros/jazzy/opt/gz_utils_vendor:/opt/ros/jazzy/opt/gz_tools_vendor:/opt/ros/jazzy/opt/gz_ogre_next_vendor:/opt/ros/jazzy/opt/gz_dartsim_vendor:/opt/ros/jazzy/opt/gz_cmake_vendor:/opt/ros/jazzy DEBUGINFOD_URLS=https://debuginfod.ubuntu.com /usr/bin/cmake --install /home/david/repos/EOH-Robot-1/ros2_ws/build/mycobot_ros2
[0.614s] INFO:colcon.colcon_core.shell:Creating package descriptor '/home/david/repos/EOH-Robot-1/ros2_ws/install/mycobot_ros2/share/mycobot_ros2/package.dsv'
[0.614s] INFO:colcon.colcon_core.shell:Creating package script '/home/david/repos/EOH-Robot-1/ros2_ws/install/mycobot_ros2/share/mycobot_ros2/package.sh'
[0.614s] INFO:colcon.colcon_core.shell:Creating package script '/home/david/repos/EOH-Robot-1/ros2_ws/install/mycobot_ros2/share/mycobot_ros2/package.bash'
[0.614s] INFO:colcon.colcon_core.shell:Creating package script '/home/david/repos/EOH-Robot-1/ros2_ws/install/mycobot_ros2/share/mycobot_ros2/package.zsh'
[0.614s] Level 1:colcon.colcon_core.environment:create_file_with_runtime_dependencies(/home/david/repos/EOH-Robot-1/ros2_ws/install/mycobot_ros2/share/colcon-core/packages/mycobot_ros2)
[0.614s] Level 1:colcon.colcon_core.environment:create_environment_scripts_only(mycobot_ros2)
[0.614s] Level 1:colcon.colcon_core.environment:checking '/home/david/repos/EOH-Robot-1/ros2_ws/install/mycobot_ros2' for CMake module files
[0.615s] Level 1:colcon.colcon_core.environment:checking '/home/david/repos/EOH-Robot-1/ros2_ws/install/mycobot_ros2' for CMake config files
[0.615s] Level 1:colcon.colcon_core.shell:create_environment_hook('mycobot_ros2', 'cmake_prefix_path')
[0.615s] INFO:colcon.colcon_core.shell:Creating environment hook '/home/david/repos/EOH-Robot-1/ros2_ws/install/mycobot_ros2/share/mycobot_ros2/hook/cmake_prefix_path.ps1'
[0.615s] INFO:colcon.colcon_core.shell:Creating environment descriptor '/home/david/repos/EOH-Robot-1/ros2_ws/install/mycobot_ros2/share/mycobot_ros2/hook/cmake_prefix_path.dsv'
[0.615s] INFO:colcon.colcon_core.shell:Creating environment hook '/home/david/repos/EOH-Robot-1/ros2_ws/install/mycobot_ros2/share/mycobot_ros2/hook/cmake_prefix_path.sh'
[0.615s] Level 1:colcon.colcon_core.environment:checking '/home/david/repos/EOH-Robot-1/ros2_ws/install/mycobot_ros2/bin'
[0.615s] Level 1:colcon.colcon_core.environment:checking '/home/david/repos/EOH-Robot-1/ros2_ws/install/mycobot_ros2/lib/pkgconfig/mycobot_ros2.pc'
[0.615s] Level 1:colcon.colcon_core.environment:checking '/home/david/repos/EOH-Robot-1/ros2_ws/install/mycobot_ros2/lib/python3.12/site-packages'
[0.615s] Level 1:colcon.colcon_core.environment:checking '/home/david/repos/EOH-Robot-1/ros2_ws/install/mycobot_ros2/bin'
[0.615s] INFO:colcon.colcon_core.shell:Creating package script '/home/david/repos/EOH-Robot-1/ros2_ws/install/mycobot_ros2/share/mycobot_ros2/package.ps1'
[0.615s] INFO:colcon.colcon_core.shell:Creating package descriptor '/home/david/repos/EOH-Robot-1/ros2_ws/install/mycobot_ros2/share/mycobot_ros2/package.dsv'
[0.616s] INFO:colcon.colcon_core.shell:Creating package script '/home/david/repos/EOH-Robot-1/ros2_ws/install/mycobot_ros2/share/mycobot_ros2/package.sh'
[0.616s] INFO:colcon.colcon_core.shell:Creating package script '/home/david/repos/EOH-Robot-1/ros2_ws/install/mycobot_ros2/share/mycobot_ros2/package.bash'
[0.616s] INFO:colcon.colcon_core.shell:Creating package script '/home/david/repos/EOH-Robot-1/ros2_ws/install/mycobot_ros2/share/mycobot_ros2/package.zsh'
[0.616s] Level 1:colcon.colcon_core.environment:create_file_with_runtime_dependencies(/home/david/repos/EOH-Robot-1/ros2_ws/install/mycobot_ros2/share/colcon-core/packages/mycobot_ros2)
[0.616s] DEBUG:colcon.colcon_parallel_executor.executor.parallel:closing loop
[0.616s] DEBUG:colcon.colcon_parallel_executor.executor.parallel:loop closed
[0.616s] DEBUG:colcon.colcon_parallel_executor.executor.parallel:run_until_complete finished with '0'
[0.616s] DEBUG:colcon.colcon_core.event_reactor:joining thread
[0.619s] INFO:colcon.colcon_core.plugin_system:Skipping extension 'colcon_notification.desktop_notification.terminal_notifier': Not used on non-Darwin systems
[0.619s] INFO:colcon.colcon_core.plugin_system:Skipping extension 'colcon_notification.desktop_notification.win32': Not used on non-Windows systems
[0.619s] INFO:colcon.colcon_notification.desktop_notification:Sending desktop notification using 'notify2'
[0.635s] DEBUG:colcon.colcon_core.event_reactor:joined thread
[0.635s] INFO:colcon.colcon_core.shell:Creating prefix script '/home/david/repos/EOH-Robot-1/ros2_ws/install/local_setup.ps1'
[0.636s] INFO:colcon.colcon_core.shell:Creating prefix util module '/home/david/repos/EOH-Robot-1/ros2_ws/install/_local_setup_util_ps1.py'
[0.638s] INFO:colcon.colcon_core.shell:Creating prefix chain script '/home/david/repos/EOH-Robot-1/ros2_ws/install/setup.ps1'
[0.640s] INFO:colcon.colcon_core.shell:Creating prefix script '/home/david/repos/EOH-Robot-1/ros2_ws/install/local_setup.sh'
[0.643s] INFO:colcon.colcon_core.shell:Creating prefix util module '/home/david/repos/EOH-Robot-1/ros2_ws/install/_local_setup_util_sh.py'
[0.643s] INFO:colcon.colcon_core.shell:Creating prefix chain script '/home/david/repos/EOH-Robot-1/ros2_ws/install/setup.sh'
[0.649s] INFO:colcon.colcon_core.shell:Creating prefix script '/home/david/repos/EOH-Robot-1/ros2_ws/install/local_setup.bash'
[0.649s] INFO:colcon.colcon_core.shell:Creating prefix chain script '/home/david/repos/EOH-Robot-1/ros2_ws/install/setup.bash'
[0.649s] INFO:colcon.colcon_core.shell:Creating prefix script '/home/david/repos/EOH-Robot-1/ros2_ws/install/local_setup.zsh'
[0.649s] INFO:colcon.colcon_core.shell:Creating prefix chain script '/home/david/repos/EOH-Robot-1/ros2_ws/install/setup.zsh'
