[0.101s] DEBUG:colcon:Command line arguments: ['/usr/bin/colcon', 'build']
[0.101s] DEBUG:colcon:Parsed command line arguments: Namespace(log_base=None, log_level=None, verb_name='build', build_base='build', install_base='install', merge_install=False, symlink_install=False, test_result_base=None, continue_on_error=False, executor='parallel', parallel_workers=2, event_handlers=None, ignore_user_meta=False, metas=['./colcon.meta'], base_paths=['.'], packages_ignore=None, packages_ignore_regex=None, paths=None, packages_up_to=None, packages_up_to_regex=None, packages_above=None, packages_above_and_dependencies=None, packages_above_depth=None, packages_select_by_dep=None, packages_skip_by_dep=None, packages_skip_up_to=None, packages_select_build_failed=False, packages_skip_build_finished=False, packages_select_test_failures=False, packages_skip_test_passed=False, packages_select=None, packages_skip=None, packages_select_regex=None, packages_skip_regex=None, packages_start=None, packages_end=None, allow_overriding=[], cmake_args=None, cmake_target=None, cmake_target_skip_unavailable=False, cmake_clean_cache=False, cmake_clean_first=False, cmake_force_configure=False, ament_cmake_args=None, catkin_cmake_args=None, catkin_skip_building_tests=False, mixin_files=None, mixin=None, verb_parser=<colcon_mixin.mixin.mixin_argument.MixinArgumentDecorator object at 0xf64b3a710e60>, verb_extension=<colcon_core.verb.build.BuildVerb object at 0xf64b3a68ac60>, main=<bound method BuildVerb.main of <colcon_core.verb.build.BuildVerb object at 0xf64b3a68ac60>>, mixin_verb=('build',))
[0.140s] Level 1:colcon.colcon_core.package_discovery:discover_packages(colcon_meta) check parameters
[0.140s] Level 1:colcon.colcon_core.package_discovery:discover_packages(recursive) check parameters
[0.140s] Level 1:colcon.colcon_core.package_discovery:discover_packages(ignore) check parameters
[0.140s] Level 1:colcon.colcon_core.package_discovery:discover_packages(path) check parameters
[0.140s] Level 1:colcon.colcon_core.package_discovery:discover_packages(colcon_meta) discover
[0.140s] Level 1:colcon.colcon_core.package_discovery:discover_packages(recursive) discover
[0.141s] INFO:colcon.colcon_core.package_discovery:Crawling recursively for packages in '/home/david/repos/EOH-Robot-1/ros2_ws'
[0.141s] Level 1:colcon.colcon_core.package_identification:_identify(.) by extensions ['ignore', 'ignore_ament_install']
[0.141s] Level 1:colcon.colcon_core.package_identification:_identify(.) by extension 'ignore'
[0.141s] Level 1:colcon.colcon_core.package_identification:_identify(.) by extension 'ignore_ament_install'
[0.141s] Level 1:colcon.colcon_core.package_identification:_identify(.) by extensions ['colcon_pkg']
[0.141s] Level 1:colcon.colcon_core.package_identification:_identify(.) by extension 'colcon_pkg'
[0.141s] Level 1:colcon.colcon_core.package_identification:_identify(.) by extensions ['colcon_meta']
[0.141s] Level 1:colcon.colcon_core.package_identification:_identify(.) by extension 'colcon_meta'
[0.141s] Level 1:colcon.colcon_core.package_identification:_identify(.) by extensions ['ros']
[0.141s] Level 1:colcon.colcon_core.package_identification:_identify(.) by extension 'ros'
[0.165s] Level 1:colcon.colcon_core.package_identification:_identify(.) by extensions ['cmake', 'python']
[0.165s] Level 1:colcon.colcon_core.package_identification:_identify(.) by extension 'cmake'
[0.165s] Level 1:colcon.colcon_core.package_identification:_identify(.) by extension 'python'
[0.165s] Level 1:colcon.colcon_core.package_identification:_identify(.) by extensions ['python_setup_py']
[0.165s] Level 1:colcon.colcon_core.package_identification:_identify(.) by extension 'python_setup_py'
[0.165s] Level 1:colcon.colcon_core.package_identification:_identify(build) by extensions ['ignore', 'ignore_ament_install']
[0.166s] Level 1:colcon.colcon_core.package_identification:_identify(build) by extension 'ignore'
[0.166s] Level 1:colcon.colcon_core.package_identification:_identify(build) ignored
[0.166s] Level 1:colcon.colcon_core.package_identification:_identify(install) by extensions ['ignore', 'ignore_ament_install']
[0.166s] Level 1:colcon.colcon_core.package_identification:_identify(install) by extension 'ignore'
[0.166s] Level 1:colcon.colcon_core.package_identification:_identify(install) ignored
[0.166s] Level 1:colcon.colcon_core.package_identification:_identify(log) by extensions ['ignore', 'ignore_ament_install']
[0.166s] Level 1:colcon.colcon_core.package_identification:_identify(log) by extension 'ignore'
[0.166s] Level 1:colcon.colcon_core.package_identification:_identify(log) ignored
[0.166s] Level 1:colcon.colcon_core.package_identification:_identify(src) by extensions ['ignore', 'ignore_ament_install']
[0.166s] Level 1:colcon.colcon_core.package_identification:_identify(src) by extension 'ignore'
[0.166s] Level 1:colcon.colcon_core.package_identification:_identify(src) by extension 'ignore_ament_install'
[0.166s] Level 1:colcon.colcon_core.package_identification:_identify(src) by extensions ['colcon_pkg']
[0.166s] Level 1:colcon.colcon_core.package_identification:_identify(src) by extension 'colcon_pkg'
[0.166s] Level 1:colcon.colcon_core.package_identification:_identify(src) by extensions ['colcon_meta']
[0.166s] Level 1:colcon.colcon_core.package_identification:_identify(src) by extension 'colcon_meta'
[0.166s] Level 1:colcon.colcon_core.package_identification:_identify(src) by extensions ['ros']
[0.166s] Level 1:colcon.colcon_core.package_identification:_identify(src) by extension 'ros'
[0.166s] Level 1:colcon.colcon_core.package_identification:_identify(src) by extensions ['cmake', 'python']
[0.166s] Level 1:colcon.colcon_core.package_identification:_identify(src) by extension 'cmake'
[0.166s] Level 1:colcon.colcon_core.package_identification:_identify(src) by extension 'python'
[0.166s] Level 1:colcon.colcon_core.package_identification:_identify(src) by extensions ['python_setup_py']
[0.166s] Level 1:colcon.colcon_core.package_identification:_identify(src) by extension 'python_setup_py'
[0.166s] Level 1:colcon.colcon_core.package_identification:_identify(src/mycobot_ros2) by extensions ['ignore', 'ignore_ament_install']
[0.167s] Level 1:colcon.colcon_core.package_identification:_identify(src/mycobot_ros2) by extension 'ignore'
[0.167s] Level 1:colcon.colcon_core.package_identification:_identify(src/mycobot_ros2) by extension 'ignore_ament_install'
[0.167s] Level 1:colcon.colcon_core.package_identification:_identify(src/mycobot_ros2) by extensions ['colcon_pkg']
[0.167s] Level 1:colcon.colcon_core.package_identification:_identify(src/mycobot_ros2) by extension 'colcon_pkg'
[0.167s] Level 1:colcon.colcon_core.package_identification:_identify(src/mycobot_ros2) by extensions ['colcon_meta']
[0.167s] Level 1:colcon.colcon_core.package_identification:_identify(src/mycobot_ros2) by extension 'colcon_meta'
[0.167s] Level 1:colcon.colcon_core.package_identification:_identify(src/mycobot_ros2) by extensions ['ros']
[0.167s] Level 1:colcon.colcon_core.package_identification:_identify(src/mycobot_ros2) by extension 'ros'
[0.167s] Level 1:colcon.colcon_core.package_identification:_identify(src/mycobot_ros2) by extensions ['cmake', 'python']
[0.167s] Level 1:colcon.colcon_core.package_identification:_identify(src/mycobot_ros2) by extension 'cmake'
[0.167s] Level 1:colcon.colcon_core.package_identification:_identify(src/mycobot_ros2) by extension 'python'
[0.167s] Level 1:colcon.colcon_core.package_identification:_identify(src/mycobot_ros2) by extensions ['python_setup_py']
[0.167s] Level 1:colcon.colcon_core.package_identification:_identify(src/mycobot_ros2) by extension 'python_setup_py'
[0.167s] Level 1:colcon.colcon_core.package_identification:_identify(src/mycobot_ros2/mycobot_bringup) by extensions ['ignore', 'ignore_ament_install']
[0.167s] Level 1:colcon.colcon_core.package_identification:_identify(src/mycobot_ros2/mycobot_bringup) by extension 'ignore'
[0.167s] Level 1:colcon.colcon_core.package_identification:_identify(src/mycobot_ros2/mycobot_bringup) by extension 'ignore_ament_install'
[0.167s] Level 1:colcon.colcon_core.package_identification:_identify(src/mycobot_ros2/mycobot_bringup) by extensions ['colcon_pkg']
[0.167s] Level 1:colcon.colcon_core.package_identification:_identify(src/mycobot_ros2/mycobot_bringup) by extension 'colcon_pkg'
[0.167s] Level 1:colcon.colcon_core.package_identification:_identify(src/mycobot_ros2/mycobot_bringup) by extensions ['colcon_meta']
[0.167s] Level 1:colcon.colcon_core.package_identification:_identify(src/mycobot_ros2/mycobot_bringup) by extension 'colcon_meta'
[0.167s] Level 1:colcon.colcon_core.package_identification:_identify(src/mycobot_ros2/mycobot_bringup) by extensions ['ros']
[0.167s] Level 1:colcon.colcon_core.package_identification:_identify(src/mycobot_ros2/mycobot_bringup) by extension 'ros'
[0.169s] DEBUG:colcon.colcon_core.package_identification:Package 'src/mycobot_ros2/mycobot_bringup' with type 'ros.ament_cmake' and name 'mycobot_bringup'
[0.169s] Level 1:colcon.colcon_core.package_identification:_identify(src/mycobot_ros2/mycobot_description) by extensions ['ignore', 'ignore_ament_install']
[0.169s] Level 1:colcon.colcon_core.package_identification:_identify(src/mycobot_ros2/mycobot_description) by extension 'ignore'
[0.169s] Level 1:colcon.colcon_core.package_identification:_identify(src/mycobot_ros2/mycobot_description) by extension 'ignore_ament_install'
[0.169s] Level 1:colcon.colcon_core.package_identification:_identify(src/mycobot_ros2/mycobot_description) by extensions ['colcon_pkg']
[0.170s] Level 1:colcon.colcon_core.package_identification:_identify(src/mycobot_ros2/mycobot_description) by extension 'colcon_pkg'
[0.170s] Level 1:colcon.colcon_core.package_identification:_identify(src/mycobot_ros2/mycobot_description) by extensions ['colcon_meta']
[0.170s] Level 1:colcon.colcon_core.package_identification:_identify(src/mycobot_ros2/mycobot_description) by extension 'colcon_meta'
[0.170s] Level 1:colcon.colcon_core.package_identification:_identify(src/mycobot_ros2/mycobot_description) by extensions ['ros']
[0.170s] Level 1:colcon.colcon_core.package_identification:_identify(src/mycobot_ros2/mycobot_description) by extension 'ros'
[0.170s] DEBUG:colcon.colcon_core.package_identification:Package 'src/mycobot_ros2/mycobot_description' with type 'ros.ament_cmake' and name 'mycobot_description'
[0.170s] Level 1:colcon.colcon_core.package_identification:_identify(src/mycobot_ros2/mycobot_gazebo) by extensions ['ignore', 'ignore_ament_install']
[0.170s] Level 1:colcon.colcon_core.package_identification:_identify(src/mycobot_ros2/mycobot_gazebo) by extension 'ignore'
[0.170s] Level 1:colcon.colcon_core.package_identification:_identify(src/mycobot_ros2/mycobot_gazebo) by extension 'ignore_ament_install'
[0.170s] Level 1:colcon.colcon_core.package_identification:_identify(src/mycobot_ros2/mycobot_gazebo) by extensions ['colcon_pkg']
[0.170s] Level 1:colcon.colcon_core.package_identification:_identify(src/mycobot_ros2/mycobot_gazebo) by extension 'colcon_pkg'
[0.170s] Level 1:colcon.colcon_core.package_identification:_identify(src/mycobot_ros2/mycobot_gazebo) by extensions ['colcon_meta']
[0.170s] Level 1:colcon.colcon_core.package_identification:_identify(src/mycobot_ros2/mycobot_gazebo) by extension 'colcon_meta'
[0.170s] Level 1:colcon.colcon_core.package_identification:_identify(src/mycobot_ros2/mycobot_gazebo) by extensions ['ros']
[0.170s] Level 1:colcon.colcon_core.package_identification:_identify(src/mycobot_ros2/mycobot_gazebo) by extension 'ros'
[0.171s] DEBUG:colcon.colcon_core.package_identification:Package 'src/mycobot_ros2/mycobot_gazebo' with type 'ros.ament_cmake' and name 'mycobot_gazebo'
[0.171s] Level 1:colcon.colcon_core.package_identification:_identify(src/mycobot_ros2/mycobot_moveit_config) by extensions ['ignore', 'ignore_ament_install']
[0.171s] Level 1:colcon.colcon_core.package_identification:_identify(src/mycobot_ros2/mycobot_moveit_config) by extension 'ignore'
[0.172s] Level 1:colcon.colcon_core.package_identification:_identify(src/mycobot_ros2/mycobot_moveit_config) by extension 'ignore_ament_install'
[0.172s] Level 1:colcon.colcon_core.package_identification:_identify(src/mycobot_ros2/mycobot_moveit_config) by extensions ['colcon_pkg']
[0.172s] Level 1:colcon.colcon_core.package_identification:_identify(src/mycobot_ros2/mycobot_moveit_config) by extension 'colcon_pkg'
[0.172s] Level 1:colcon.colcon_core.package_identification:_identify(src/mycobot_ros2/mycobot_moveit_config) by extensions ['colcon_meta']
[0.172s] Level 1:colcon.colcon_core.package_identification:_identify(src/mycobot_ros2/mycobot_moveit_config) by extension 'colcon_meta'
[0.172s] Level 1:colcon.colcon_core.package_identification:_identify(src/mycobot_ros2/mycobot_moveit_config) by extensions ['ros']
[0.172s] Level 1:colcon.colcon_core.package_identification:_identify(src/mycobot_ros2/mycobot_moveit_config) by extension 'ros'
[0.172s] DEBUG:colcon.colcon_core.package_identification:Package 'src/mycobot_ros2/mycobot_moveit_config' with type 'ros.ament_cmake' and name 'mycobot_moveit_config'
[0.172s] Level 1:colcon.colcon_core.package_identification:_identify(src/mycobot_ros2/mycobot_ros2) by extensions ['ignore', 'ignore_ament_install']
[0.172s] Level 1:colcon.colcon_core.package_identification:_identify(src/mycobot_ros2/mycobot_ros2) by extension 'ignore'
[0.172s] Level 1:colcon.colcon_core.package_identification:_identify(src/mycobot_ros2/mycobot_ros2) by extension 'ignore_ament_install'
[0.172s] Level 1:colcon.colcon_core.package_identification:_identify(src/mycobot_ros2/mycobot_ros2) by extensions ['colcon_pkg']
[0.172s] Level 1:colcon.colcon_core.package_identification:_identify(src/mycobot_ros2/mycobot_ros2) by extension 'colcon_pkg'
[0.172s] Level 1:colcon.colcon_core.package_identification:_identify(src/mycobot_ros2/mycobot_ros2) by extensions ['colcon_meta']
[0.172s] Level 1:colcon.colcon_core.package_identification:_identify(src/mycobot_ros2/mycobot_ros2) by extension 'colcon_meta'
[0.172s] Level 1:colcon.colcon_core.package_identification:_identify(src/mycobot_ros2/mycobot_ros2) by extensions ['ros']
[0.172s] Level 1:colcon.colcon_core.package_identification:_identify(src/mycobot_ros2/mycobot_ros2) by extension 'ros'
[0.173s] DEBUG:colcon.colcon_core.package_identification:Package 'src/mycobot_ros2/mycobot_ros2' with type 'ros.ament_cmake' and name 'mycobot_ros2'
[0.173s] Level 1:colcon.colcon_core.package_identification:_identify(src/mycobot_ros2/mycobot_system_tests) by extensions ['ignore', 'ignore_ament_install']
[0.173s] Level 1:colcon.colcon_core.package_identification:_identify(src/mycobot_ros2/mycobot_system_tests) by extension 'ignore'
[0.173s] Level 1:colcon.colcon_core.package_identification:_identify(src/mycobot_ros2/mycobot_system_tests) by extension 'ignore_ament_install'
[0.173s] Level 1:colcon.colcon_core.package_identification:_identify(src/mycobot_ros2/mycobot_system_tests) by extensions ['colcon_pkg']
[0.173s] Level 1:colcon.colcon_core.package_identification:_identify(src/mycobot_ros2/mycobot_system_tests) by extension 'colcon_pkg'
[0.173s] Level 1:colcon.colcon_core.package_identification:_identify(src/mycobot_ros2/mycobot_system_tests) by extensions ['colcon_meta']
[0.173s] Level 1:colcon.colcon_core.package_identification:_identify(src/mycobot_ros2/mycobot_system_tests) by extension 'colcon_meta'
[0.173s] Level 1:colcon.colcon_core.package_identification:_identify(src/mycobot_ros2/mycobot_system_tests) by extensions ['ros']
[0.173s] Level 1:colcon.colcon_core.package_identification:_identify(src/mycobot_ros2/mycobot_system_tests) by extension 'ros'
[0.173s] DEBUG:colcon.colcon_core.package_identification:Package 'src/mycobot_ros2/mycobot_system_tests' with type 'ros.ament_cmake' and name 'mycobot_system_tests'
[0.173s] Level 1:colcon.colcon_core.package_discovery:discover_packages(recursive) using defaults
[0.173s] Level 1:colcon.colcon_core.package_discovery:discover_packages(ignore) discover
[0.173s] Level 1:colcon.colcon_core.package_discovery:discover_packages(ignore) using defaults
[0.173s] Level 1:colcon.colcon_core.package_discovery:discover_packages(path) discover
[0.173s] Level 1:colcon.colcon_core.package_discovery:discover_packages(path) using defaults
[0.192s] Level 1:colcon.colcon_core.package_discovery:discover_packages(prefix_path) check parameters
[0.192s] Level 1:colcon.colcon_core.package_discovery:discover_packages(prefix_path) discover
[0.194s] DEBUG:colcon.colcon_installed_package_information.package_discovery:Found 6 installed packages in /home/david/repos/EOH-Robot-1/ros2_ws/install
[0.195s] DEBUG:colcon.colcon_installed_package_information.package_discovery:Found 383 installed packages in /opt/ros/jazzy
[0.197s] Level 1:colcon.colcon_core.package_discovery:discover_packages(prefix_path) using defaults
[0.242s] Level 5:colcon.colcon_core.verb:set package 'mycobot_bringup' build argument 'cmake_args' from command line to 'None'
[0.243s] Level 5:colcon.colcon_core.verb:set package 'mycobot_bringup' build argument 'cmake_target' from command line to 'None'
[0.243s] Level 5:colcon.colcon_core.verb:set package 'mycobot_bringup' build argument 'cmake_target_skip_unavailable' from command line to 'False'
[0.243s] Level 5:colcon.colcon_core.verb:set package 'mycobot_bringup' build argument 'cmake_clean_cache' from command line to 'False'
[0.243s] Level 5:colcon.colcon_core.verb:set package 'mycobot_bringup' build argument 'cmake_clean_first' from command line to 'False'
[0.243s] Level 5:colcon.colcon_core.verb:set package 'mycobot_bringup' build argument 'cmake_force_configure' from command line to 'False'
[0.243s] Level 5:colcon.colcon_core.verb:set package 'mycobot_bringup' build argument 'ament_cmake_args' from command line to 'None'
[0.243s] Level 5:colcon.colcon_core.verb:set package 'mycobot_bringup' build argument 'catkin_cmake_args' from command line to 'None'
[0.243s] Level 5:colcon.colcon_core.verb:set package 'mycobot_bringup' build argument 'catkin_skip_building_tests' from command line to 'False'
[0.243s] DEBUG:colcon.colcon_core.verb:Building package 'mycobot_bringup' with the following arguments: {'ament_cmake_args': None, 'build_base': '/home/david/repos/EOH-Robot-1/ros2_ws/build/mycobot_bringup', 'catkin_cmake_args': None, 'catkin_skip_building_tests': False, 'cmake_args': None, 'cmake_clean_cache': False, 'cmake_clean_first': False, 'cmake_force_configure': False, 'cmake_target': None, 'cmake_target_skip_unavailable': False, 'install_base': '/home/david/repos/EOH-Robot-1/ros2_ws/install/mycobot_bringup', 'merge_install': False, 'path': '/home/david/repos/EOH-Robot-1/ros2_ws/src/mycobot_ros2/mycobot_bringup', 'symlink_install': False, 'test_result_base': None}
[0.243s] Level 5:colcon.colcon_core.verb:set package 'mycobot_description' build argument 'cmake_args' from command line to 'None'
[0.243s] Level 5:colcon.colcon_core.verb:set package 'mycobot_description' build argument 'cmake_target' from command line to 'None'
[0.243s] Level 5:colcon.colcon_core.verb:set package 'mycobot_description' build argument 'cmake_target_skip_unavailable' from command line to 'False'
[0.243s] Level 5:colcon.colcon_core.verb:set package 'mycobot_description' build argument 'cmake_clean_cache' from command line to 'False'
[0.243s] Level 5:colcon.colcon_core.verb:set package 'mycobot_description' build argument 'cmake_clean_first' from command line to 'False'
[0.243s] Level 5:colcon.colcon_core.verb:set package 'mycobot_description' build argument 'cmake_force_configure' from command line to 'False'
[0.243s] Level 5:colcon.colcon_core.verb:set package 'mycobot_description' build argument 'ament_cmake_args' from command line to 'None'
[0.243s] Level 5:colcon.colcon_core.verb:set package 'mycobot_description' build argument 'catkin_cmake_args' from command line to 'None'
[0.243s] Level 5:colcon.colcon_core.verb:set package 'mycobot_description' build argument 'catkin_skip_building_tests' from command line to 'False'
[0.243s] DEBUG:colcon.colcon_core.verb:Building package 'mycobot_description' with the following arguments: {'ament_cmake_args': None, 'build_base': '/home/david/repos/EOH-Robot-1/ros2_ws/build/mycobot_description', 'catkin_cmake_args': None, 'catkin_skip_building_tests': False, 'cmake_args': None, 'cmake_clean_cache': False, 'cmake_clean_first': False, 'cmake_force_configure': False, 'cmake_target': None, 'cmake_target_skip_unavailable': False, 'install_base': '/home/david/repos/EOH-Robot-1/ros2_ws/install/mycobot_description', 'merge_install': False, 'path': '/home/david/repos/EOH-Robot-1/ros2_ws/src/mycobot_ros2/mycobot_description', 'symlink_install': False, 'test_result_base': None}
[0.243s] Level 5:colcon.colcon_core.verb:set package 'mycobot_gazebo' build argument 'cmake_args' from command line to 'None'
[0.243s] Level 5:colcon.colcon_core.verb:set package 'mycobot_gazebo' build argument 'cmake_target' from command line to 'None'
[0.243s] Level 5:colcon.colcon_core.verb:set package 'mycobot_gazebo' build argument 'cmake_target_skip_unavailable' from command line to 'False'
[0.243s] Level 5:colcon.colcon_core.verb:set package 'mycobot_gazebo' build argument 'cmake_clean_cache' from command line to 'False'
[0.243s] Level 5:colcon.colcon_core.verb:set package 'mycobot_gazebo' build argument 'cmake_clean_first' from command line to 'False'
[0.243s] Level 5:colcon.colcon_core.verb:set package 'mycobot_gazebo' build argument 'cmake_force_configure' from command line to 'False'
[0.243s] Level 5:colcon.colcon_core.verb:set package 'mycobot_gazebo' build argument 'ament_cmake_args' from command line to 'None'
[0.243s] Level 5:colcon.colcon_core.verb:set package 'mycobot_gazebo' build argument 'catkin_cmake_args' from command line to 'None'
[0.243s] Level 5:colcon.colcon_core.verb:set package 'mycobot_gazebo' build argument 'catkin_skip_building_tests' from command line to 'False'
[0.243s] DEBUG:colcon.colcon_core.verb:Building package 'mycobot_gazebo' with the following arguments: {'ament_cmake_args': None, 'build_base': '/home/david/repos/EOH-Robot-1/ros2_ws/build/mycobot_gazebo', 'catkin_cmake_args': None, 'catkin_skip_building_tests': False, 'cmake_args': None, 'cmake_clean_cache': False, 'cmake_clean_first': False, 'cmake_force_configure': False, 'cmake_target': None, 'cmake_target_skip_unavailable': False, 'install_base': '/home/david/repos/EOH-Robot-1/ros2_ws/install/mycobot_gazebo', 'merge_install': False, 'path': '/home/david/repos/EOH-Robot-1/ros2_ws/src/mycobot_ros2/mycobot_gazebo', 'symlink_install': False, 'test_result_base': None}
[0.243s] Level 5:colcon.colcon_core.verb:set package 'mycobot_moveit_config' build argument 'cmake_args' from command line to 'None'
[0.243s] Level 5:colcon.colcon_core.verb:set package 'mycobot_moveit_config' build argument 'cmake_target' from command line to 'None'
[0.243s] Level 5:colcon.colcon_core.verb:set package 'mycobot_moveit_config' build argument 'cmake_target_skip_unavailable' from command line to 'False'
[0.243s] Level 5:colcon.colcon_core.verb:set package 'mycobot_moveit_config' build argument 'cmake_clean_cache' from command line to 'False'
[0.243s] Level 5:colcon.colcon_core.verb:set package 'mycobot_moveit_config' build argument 'cmake_clean_first' from command line to 'False'
[0.243s] Level 5:colcon.colcon_core.verb:set package 'mycobot_moveit_config' build argument 'cmake_force_configure' from command line to 'False'
[0.243s] Level 5:colcon.colcon_core.verb:set package 'mycobot_moveit_config' build argument 'ament_cmake_args' from command line to 'None'
[0.243s] Level 5:colcon.colcon_core.verb:set package 'mycobot_moveit_config' build argument 'catkin_cmake_args' from command line to 'None'
[0.243s] Level 5:colcon.colcon_core.verb:set package 'mycobot_moveit_config' build argument 'catkin_skip_building_tests' from command line to 'False'
[0.244s] DEBUG:colcon.colcon_core.verb:Building package 'mycobot_moveit_config' with the following arguments: {'ament_cmake_args': None, 'build_base': '/home/david/repos/EOH-Robot-1/ros2_ws/build/mycobot_moveit_config', 'catkin_cmake_args': None, 'catkin_skip_building_tests': False, 'cmake_args': None, 'cmake_clean_cache': False, 'cmake_clean_first': False, 'cmake_force_configure': False, 'cmake_target': None, 'cmake_target_skip_unavailable': False, 'install_base': '/home/david/repos/EOH-Robot-1/ros2_ws/install/mycobot_moveit_config', 'merge_install': False, 'path': '/home/david/repos/EOH-Robot-1/ros2_ws/src/mycobot_ros2/mycobot_moveit_config', 'symlink_install': False, 'test_result_base': None}
[0.244s] Level 5:colcon.colcon_core.verb:set package 'mycobot_system_tests' build argument 'cmake_args' from command line to 'None'
[0.244s] Level 5:colcon.colcon_core.verb:set package 'mycobot_system_tests' build argument 'cmake_target' from command line to 'None'
[0.244s] Level 5:colcon.colcon_core.verb:set package 'mycobot_system_tests' build argument 'cmake_target_skip_unavailable' from command line to 'False'
[0.244s] Level 5:colcon.colcon_core.verb:set package 'mycobot_system_tests' build argument 'cmake_clean_cache' from command line to 'False'
[0.244s] Level 5:colcon.colcon_core.verb:set package 'mycobot_system_tests' build argument 'cmake_clean_first' from command line to 'False'
[0.244s] Level 5:colcon.colcon_core.verb:set package 'mycobot_system_tests' build argument 'cmake_force_configure' from command line to 'False'
[0.244s] Level 5:colcon.colcon_core.verb:set package 'mycobot_system_tests' build argument 'ament_cmake_args' from command line to 'None'
[0.244s] Level 5:colcon.colcon_core.verb:set package 'mycobot_system_tests' build argument 'catkin_cmake_args' from command line to 'None'
[0.244s] Level 5:colcon.colcon_core.verb:set package 'mycobot_system_tests' build argument 'catkin_skip_building_tests' from command line to 'False'
[0.244s] DEBUG:colcon.colcon_core.verb:Building package 'mycobot_system_tests' with the following arguments: {'ament_cmake_args': None, 'build_base': '/home/david/repos/EOH-Robot-1/ros2_ws/build/mycobot_system_tests', 'catkin_cmake_args': None, 'catkin_skip_building_tests': False, 'cmake_args': None, 'cmake_clean_cache': False, 'cmake_clean_first': False, 'cmake_force_configure': False, 'cmake_target': None, 'cmake_target_skip_unavailable': False, 'install_base': '/home/david/repos/EOH-Robot-1/ros2_ws/install/mycobot_system_tests', 'merge_install': False, 'path': '/home/david/repos/EOH-Robot-1/ros2_ws/src/mycobot_ros2/mycobot_system_tests', 'symlink_install': False, 'test_result_base': None}
[0.244s] Level 5:colcon.colcon_core.verb:set package 'mycobot_ros2' build argument 'cmake_args' from command line to 'None'
[0.244s] Level 5:colcon.colcon_core.verb:set package 'mycobot_ros2' build argument 'cmake_target' from command line to 'None'
[0.244s] Level 5:colcon.colcon_core.verb:set package 'mycobot_ros2' build argument 'cmake_target_skip_unavailable' from command line to 'False'
[0.244s] Level 5:colcon.colcon_core.verb:set package 'mycobot_ros2' build argument 'cmake_clean_cache' from command line to 'False'
[0.244s] Level 5:colcon.colcon_core.verb:set package 'mycobot_ros2' build argument 'cmake_clean_first' from command line to 'False'
[0.244s] Level 5:colcon.colcon_core.verb:set package 'mycobot_ros2' build argument 'cmake_force_configure' from command line to 'False'
[0.244s] Level 5:colcon.colcon_core.verb:set package 'mycobot_ros2' build argument 'ament_cmake_args' from command line to 'None'
[0.244s] Level 5:colcon.colcon_core.verb:set package 'mycobot_ros2' build argument 'catkin_cmake_args' from command line to 'None'
[0.244s] Level 5:colcon.colcon_core.verb:set package 'mycobot_ros2' build argument 'catkin_skip_building_tests' from command line to 'False'
[0.244s] DEBUG:colcon.colcon_core.verb:Building package 'mycobot_ros2' with the following arguments: {'ament_cmake_args': None, 'build_base': '/home/david/repos/EOH-Robot-1/ros2_ws/build/mycobot_ros2', 'catkin_cmake_args': None, 'catkin_skip_building_tests': False, 'cmake_args': None, 'cmake_clean_cache': False, 'cmake_clean_first': False, 'cmake_force_configure': False, 'cmake_target': None, 'cmake_target_skip_unavailable': False, 'install_base': '/home/david/repos/EOH-Robot-1/ros2_ws/install/mycobot_ros2', 'merge_install': False, 'path': '/home/david/repos/EOH-Robot-1/ros2_ws/src/mycobot_ros2/mycobot_ros2', 'symlink_install': False, 'test_result_base': None}
[0.244s] INFO:colcon.colcon_core.executor:Executing jobs using 'parallel' executor
[0.245s] DEBUG:colcon.colcon_parallel_executor.executor.parallel:run_until_complete
[0.245s] INFO:colcon.colcon_ros.task.ament_cmake.build:Building ROS package in '/home/david/repos/EOH-Robot-1/ros2_ws/src/mycobot_ros2/mycobot_bringup' with build type 'ament_cmake'
[0.245s] INFO:colcon.colcon_cmake.task.cmake.build:Building CMake package in '/home/david/repos/EOH-Robot-1/ros2_ws/src/mycobot_ros2/mycobot_bringup'
[0.247s] INFO:colcon.colcon_core.plugin_system:Skipping extension 'colcon_core.shell.bat': Not used on non-Windows systems
[0.247s] INFO:colcon.colcon_core.shell:Skip shell extension 'powershell' for command environment: Not usable outside of PowerShell
[0.247s] DEBUG:colcon.colcon_core.shell:Skip shell extension 'dsv' for command environment
[0.250s] INFO:colcon.colcon_ros.task.ament_cmake.build:Building ROS package in '/home/david/repos/EOH-Robot-1/ros2_ws/src/mycobot_ros2/mycobot_description' with build type 'ament_cmake'
[0.250s] INFO:colcon.colcon_cmake.task.cmake.build:Building CMake package in '/home/david/repos/EOH-Robot-1/ros2_ws/src/mycobot_ros2/mycobot_description'
[0.250s] INFO:colcon.colcon_core.shell:Skip shell extension 'powershell' for command environment: Not usable outside of PowerShell
[0.250s] DEBUG:colcon.colcon_core.shell:Skip shell extension 'dsv' for command environment
[0.261s] DEBUG:colcon.colcon_core.event_handler.log_command:Invoking command in '/home/david/repos/EOH-Robot-1/ros2_ws/build/mycobot_bringup': CMAKE_PREFIX_PATH=${CMAKE_PREFIX_PATH}:/opt/ros/jazzy DEBUGINFOD_URLS=https://debuginfod.ubuntu.com /usr/bin/cmake --build /home/david/repos/EOH-Robot-1/ros2_ws/build/mycobot_bringup -- -j2 -l2
[0.269s] DEBUG:colcon.colcon_core.event_handler.log_command:Invoking command in '/home/david/repos/EOH-Robot-1/ros2_ws/build/mycobot_description': CMAKE_PREFIX_PATH=${CMAKE_PREFIX_PATH}:/opt/ros/jazzy DEBUGINFOD_URLS=https://debuginfod.ubuntu.com /usr/bin/cmake --build /home/david/repos/EOH-Robot-1/ros2_ws/build/mycobot_description -- -j2 -l2
[0.323s] DEBUG:colcon.colcon_core.event_handler.log_command:Invoked command in '/home/david/repos/EOH-Robot-1/ros2_ws/build/mycobot_bringup' returned '0': CMAKE_PREFIX_PATH=${CMAKE_PREFIX_PATH}:/opt/ros/jazzy DEBUGINFOD_URLS=https://debuginfod.ubuntu.com /usr/bin/cmake --build /home/david/repos/EOH-Robot-1/ros2_ws/build/mycobot_bringup -- -j2 -l2
[0.333s] DEBUG:colcon.colcon_core.event_handler.log_command:Invoking command in '/home/david/repos/EOH-Robot-1/ros2_ws/build/mycobot_bringup': CMAKE_PREFIX_PATH=${CMAKE_PREFIX_PATH}:/opt/ros/jazzy DEBUGINFOD_URLS=https://debuginfod.ubuntu.com /usr/bin/cmake --install /home/david/repos/EOH-Robot-1/ros2_ws/build/mycobot_bringup
[0.356s] Level 1:colcon.colcon_core.environment:create_environment_scripts_only(mycobot_bringup)
[0.359s] Level 1:colcon.colcon_core.environment:checking '/home/david/repos/EOH-Robot-1/ros2_ws/install/mycobot_bringup' for CMake module files
[0.360s] DEBUG:colcon.colcon_core.event_handler.log_command:Invoked command in '/home/david/repos/EOH-Robot-1/ros2_ws/build/mycobot_bringup' returned '0': CMAKE_PREFIX_PATH=${CMAKE_PREFIX_PATH}:/opt/ros/jazzy DEBUGINFOD_URLS=https://debuginfod.ubuntu.com /usr/bin/cmake --install /home/david/repos/EOH-Robot-1/ros2_ws/build/mycobot_bringup
[0.361s] Level 1:colcon.colcon_core.environment:checking '/home/david/repos/EOH-Robot-1/ros2_ws/install/mycobot_bringup' for CMake config files
[0.361s] Level 1:colcon.colcon_core.shell:create_environment_hook('mycobot_bringup', 'cmake_prefix_path')
[0.361s] INFO:colcon.colcon_core.shell:Creating environment hook '/home/david/repos/EOH-Robot-1/ros2_ws/install/mycobot_bringup/share/mycobot_bringup/hook/cmake_prefix_path.ps1'
[0.369s] INFO:colcon.colcon_core.shell:Creating environment descriptor '/home/david/repos/EOH-Robot-1/ros2_ws/install/mycobot_bringup/share/mycobot_bringup/hook/cmake_prefix_path.dsv'
[0.373s] INFO:colcon.colcon_core.shell:Creating environment hook '/home/david/repos/EOH-Robot-1/ros2_ws/install/mycobot_bringup/share/mycobot_bringup/hook/cmake_prefix_path.sh'
[0.379s] Level 1:colcon.colcon_core.environment:checking '/home/david/repos/EOH-Robot-1/ros2_ws/install/mycobot_bringup/bin'
[0.380s] Level 1:colcon.colcon_core.environment:checking '/home/david/repos/EOH-Robot-1/ros2_ws/install/mycobot_bringup/lib/pkgconfig/mycobot_bringup.pc'
[0.380s] Level 1:colcon.colcon_core.environment:checking '/home/david/repos/EOH-Robot-1/ros2_ws/install/mycobot_bringup/lib/python3.12/site-packages'
[0.380s] Level 1:colcon.colcon_core.environment:checking '/home/david/repos/EOH-Robot-1/ros2_ws/install/mycobot_bringup/bin'
[0.380s] INFO:colcon.colcon_core.shell:Creating package script '/home/david/repos/EOH-Robot-1/ros2_ws/install/mycobot_bringup/share/mycobot_bringup/package.ps1'
[0.382s] INFO:colcon.colcon_core.shell:Creating package descriptor '/home/david/repos/EOH-Robot-1/ros2_ws/install/mycobot_bringup/share/mycobot_bringup/package.dsv'
[0.382s] INFO:colcon.colcon_core.shell:Creating package script '/home/david/repos/EOH-Robot-1/ros2_ws/install/mycobot_bringup/share/mycobot_bringup/package.sh'
[0.384s] INFO:colcon.colcon_core.shell:Creating package script '/home/david/repos/EOH-Robot-1/ros2_ws/install/mycobot_bringup/share/mycobot_bringup/package.bash'
[0.384s] INFO:colcon.colcon_core.shell:Creating package script '/home/david/repos/EOH-Robot-1/ros2_ws/install/mycobot_bringup/share/mycobot_bringup/package.zsh'
[0.385s] Level 1:colcon.colcon_core.environment:create_file_with_runtime_dependencies(/home/david/repos/EOH-Robot-1/ros2_ws/install/mycobot_bringup/share/colcon-core/packages/mycobot_bringup)
[0.387s] Level 1:colcon.colcon_core.environment:create_environment_scripts_only(mycobot_bringup)
[0.387s] Level 1:colcon.colcon_core.environment:checking '/home/david/repos/EOH-Robot-1/ros2_ws/install/mycobot_bringup' for CMake module files
[0.387s] Level 1:colcon.colcon_core.environment:checking '/home/david/repos/EOH-Robot-1/ros2_ws/install/mycobot_bringup' for CMake config files
[0.387s] Level 1:colcon.colcon_core.shell:create_environment_hook('mycobot_bringup', 'cmake_prefix_path')
[0.387s] INFO:colcon.colcon_core.shell:Creating environment hook '/home/david/repos/EOH-Robot-1/ros2_ws/install/mycobot_bringup/share/mycobot_bringup/hook/cmake_prefix_path.ps1'
[0.387s] INFO:colcon.colcon_core.shell:Creating environment descriptor '/home/david/repos/EOH-Robot-1/ros2_ws/install/mycobot_bringup/share/mycobot_bringup/hook/cmake_prefix_path.dsv'
[0.388s] INFO:colcon.colcon_core.shell:Creating environment hook '/home/david/repos/EOH-Robot-1/ros2_ws/install/mycobot_bringup/share/mycobot_bringup/hook/cmake_prefix_path.sh'
[0.388s] Level 1:colcon.colcon_core.environment:checking '/home/david/repos/EOH-Robot-1/ros2_ws/install/mycobot_bringup/bin'
[0.388s] Level 1:colcon.colcon_core.environment:checking '/home/david/repos/EOH-Robot-1/ros2_ws/install/mycobot_bringup/lib/pkgconfig/mycobot_bringup.pc'
[0.388s] Level 1:colcon.colcon_core.environment:checking '/home/david/repos/EOH-Robot-1/ros2_ws/install/mycobot_bringup/lib/python3.12/site-packages'
[0.388s] Level 1:colcon.colcon_core.environment:checking '/home/david/repos/EOH-Robot-1/ros2_ws/install/mycobot_bringup/bin'
[0.388s] INFO:colcon.colcon_core.shell:Creating package script '/home/david/repos/EOH-Robot-1/ros2_ws/install/mycobot_bringup/share/mycobot_bringup/package.ps1'
[0.389s] INFO:colcon.colcon_core.shell:Creating package descriptor '/home/david/repos/EOH-Robot-1/ros2_ws/install/mycobot_bringup/share/mycobot_bringup/package.dsv'
[0.389s] INFO:colcon.colcon_core.shell:Creating package script '/home/david/repos/EOH-Robot-1/ros2_ws/install/mycobot_bringup/share/mycobot_bringup/package.sh'
[0.389s] INFO:colcon.colcon_core.shell:Creating package script '/home/david/repos/EOH-Robot-1/ros2_ws/install/mycobot_bringup/share/mycobot_bringup/package.bash'
[0.389s] INFO:colcon.colcon_core.shell:Creating package script '/home/david/repos/EOH-Robot-1/ros2_ws/install/mycobot_bringup/share/mycobot_bringup/package.zsh'
[0.390s] Level 1:colcon.colcon_core.environment:create_file_with_runtime_dependencies(/home/david/repos/EOH-Robot-1/ros2_ws/install/mycobot_bringup/share/colcon-core/packages/mycobot_bringup)
[0.390s] INFO:colcon.colcon_ros.task.ament_cmake.build:Building ROS package in '/home/david/repos/EOH-Robot-1/ros2_ws/src/mycobot_ros2/mycobot_gazebo' with build type 'ament_cmake'
[0.390s] INFO:colcon.colcon_cmake.task.cmake.build:Building CMake package in '/home/david/repos/EOH-Robot-1/ros2_ws/src/mycobot_ros2/mycobot_gazebo'
[0.390s] INFO:colcon.colcon_core.shell:Skip shell extension 'powershell' for command environment: Not usable outside of PowerShell
[0.390s] DEBUG:colcon.colcon_core.shell:Skip shell extension 'dsv' for command environment
[0.395s] DEBUG:colcon.colcon_core.event_handler.log_command:Invoked command in '/home/david/repos/EOH-Robot-1/ros2_ws/build/mycobot_description' returned '0': CMAKE_PREFIX_PATH=${CMAKE_PREFIX_PATH}:/opt/ros/jazzy DEBUGINFOD_URLS=https://debuginfod.ubuntu.com /usr/bin/cmake --build /home/david/repos/EOH-Robot-1/ros2_ws/build/mycobot_description -- -j2 -l2
[0.396s] DEBUG:colcon.colcon_core.event_handler.log_command:Invoking command in '/home/david/repos/EOH-Robot-1/ros2_ws/build/mycobot_description': CMAKE_PREFIX_PATH=${CMAKE_PREFIX_PATH}:/opt/ros/jazzy DEBUGINFOD_URLS=https://debuginfod.ubuntu.com /usr/bin/cmake --install /home/david/repos/EOH-Robot-1/ros2_ws/build/mycobot_description
[0.401s] DEBUG:colcon.colcon_core.event_handler.log_command:Invoking command in '/home/david/repos/EOH-Robot-1/ros2_ws/build/mycobot_gazebo': CMAKE_PREFIX_PATH=${CMAKE_PREFIX_PATH}:/opt/ros/jazzy DEBUGINFOD_URLS=https://debuginfod.ubuntu.com /usr/bin/cmake --build /home/david/repos/EOH-Robot-1/ros2_ws/build/mycobot_gazebo -- -j2 -l2
[0.426s] Level 1:colcon.colcon_core.environment:create_environment_scripts_only(mycobot_description)
[0.426s] Level 1:colcon.colcon_core.environment:checking '/home/david/repos/EOH-Robot-1/ros2_ws/install/mycobot_description' for CMake module files
[0.427s] Level 1:colcon.colcon_core.environment:checking '/home/david/repos/EOH-Robot-1/ros2_ws/install/mycobot_description' for CMake config files
[0.427s] Level 1:colcon.colcon_core.shell:create_environment_hook('mycobot_description', 'cmake_prefix_path')
[0.427s] INFO:colcon.colcon_core.shell:Creating environment hook '/home/david/repos/EOH-Robot-1/ros2_ws/install/mycobot_description/share/mycobot_description/hook/cmake_prefix_path.ps1'
[0.428s] INFO:colcon.colcon_core.shell:Creating environment descriptor '/home/david/repos/EOH-Robot-1/ros2_ws/install/mycobot_description/share/mycobot_description/hook/cmake_prefix_path.dsv'
[0.428s] DEBUG:colcon.colcon_core.event_handler.log_command:Invoked command in '/home/david/repos/EOH-Robot-1/ros2_ws/build/mycobot_description' returned '0': CMAKE_PREFIX_PATH=${CMAKE_PREFIX_PATH}:/opt/ros/jazzy DEBUGINFOD_URLS=https://debuginfod.ubuntu.com /usr/bin/cmake --install /home/david/repos/EOH-Robot-1/ros2_ws/build/mycobot_description
[0.428s] INFO:colcon.colcon_core.shell:Creating environment hook '/home/david/repos/EOH-Robot-1/ros2_ws/install/mycobot_description/share/mycobot_description/hook/cmake_prefix_path.sh'
[0.428s] Level 1:colcon.colcon_core.environment:checking '/home/david/repos/EOH-Robot-1/ros2_ws/install/mycobot_description/bin'
[0.429s] Level 1:colcon.colcon_core.environment:checking '/home/david/repos/EOH-Robot-1/ros2_ws/install/mycobot_description/lib/pkgconfig/mycobot_description.pc'
[0.429s] Level 1:colcon.colcon_core.environment:checking '/home/david/repos/EOH-Robot-1/ros2_ws/install/mycobot_description/lib/python3.12/site-packages'
[0.429s] Level 1:colcon.colcon_core.environment:checking '/home/david/repos/EOH-Robot-1/ros2_ws/install/mycobot_description/bin'
[0.429s] INFO:colcon.colcon_core.shell:Creating package script '/home/david/repos/EOH-Robot-1/ros2_ws/install/mycobot_description/share/mycobot_description/package.ps1'
[0.429s] INFO:colcon.colcon_core.shell:Creating package descriptor '/home/david/repos/EOH-Robot-1/ros2_ws/install/mycobot_description/share/mycobot_description/package.dsv'
[0.430s] INFO:colcon.colcon_core.shell:Creating package script '/home/david/repos/EOH-Robot-1/ros2_ws/install/mycobot_description/share/mycobot_description/package.sh'
[0.430s] INFO:colcon.colcon_core.shell:Creating package script '/home/david/repos/EOH-Robot-1/ros2_ws/install/mycobot_description/share/mycobot_description/package.bash'
[0.430s] INFO:colcon.colcon_core.shell:Creating package script '/home/david/repos/EOH-Robot-1/ros2_ws/install/mycobot_description/share/mycobot_description/package.zsh'
[0.431s] Level 1:colcon.colcon_core.environment:create_file_with_runtime_dependencies(/home/david/repos/EOH-Robot-1/ros2_ws/install/mycobot_description/share/colcon-core/packages/mycobot_description)
[0.432s] Level 1:colcon.colcon_core.environment:create_environment_scripts_only(mycobot_description)
[0.432s] Level 1:colcon.colcon_core.environment:checking '/home/david/repos/EOH-Robot-1/ros2_ws/install/mycobot_description' for CMake module files
[0.432s] Level 1:colcon.colcon_core.environment:checking '/home/david/repos/EOH-Robot-1/ros2_ws/install/mycobot_description' for CMake config files
[0.432s] Level 1:colcon.colcon_core.shell:create_environment_hook('mycobot_description', 'cmake_prefix_path')
[0.432s] INFO:colcon.colcon_core.shell:Creating environment hook '/home/david/repos/EOH-Robot-1/ros2_ws/install/mycobot_description/share/mycobot_description/hook/cmake_prefix_path.ps1'
[0.432s] INFO:colcon.colcon_core.shell:Creating environment descriptor '/home/david/repos/EOH-Robot-1/ros2_ws/install/mycobot_description/share/mycobot_description/hook/cmake_prefix_path.dsv'
[0.433s] INFO:colcon.colcon_core.shell:Creating environment hook '/home/david/repos/EOH-Robot-1/ros2_ws/install/mycobot_description/share/mycobot_description/hook/cmake_prefix_path.sh'
[0.433s] Level 1:colcon.colcon_core.environment:checking '/home/david/repos/EOH-Robot-1/ros2_ws/install/mycobot_description/bin'
[0.433s] Level 1:colcon.colcon_core.environment:checking '/home/david/repos/EOH-Robot-1/ros2_ws/install/mycobot_description/lib/pkgconfig/mycobot_description.pc'
[0.433s] Level 1:colcon.colcon_core.environment:checking '/home/david/repos/EOH-Robot-1/ros2_ws/install/mycobot_description/lib/python3.12/site-packages'
[0.433s] Level 1:colcon.colcon_core.environment:checking '/home/david/repos/EOH-Robot-1/ros2_ws/install/mycobot_description/bin'
[0.433s] INFO:colcon.colcon_core.shell:Creating package script '/home/david/repos/EOH-Robot-1/ros2_ws/install/mycobot_description/share/mycobot_description/package.ps1'
[0.434s] INFO:colcon.colcon_core.shell:Creating package descriptor '/home/david/repos/EOH-Robot-1/ros2_ws/install/mycobot_description/share/mycobot_description/package.dsv'
[0.434s] INFO:colcon.colcon_core.shell:Creating package script '/home/david/repos/EOH-Robot-1/ros2_ws/install/mycobot_description/share/mycobot_description/package.sh'
[0.434s] INFO:colcon.colcon_core.shell:Creating package script '/home/david/repos/EOH-Robot-1/ros2_ws/install/mycobot_description/share/mycobot_description/package.bash'
[0.434s] INFO:colcon.colcon_core.shell:Creating package script '/home/david/repos/EOH-Robot-1/ros2_ws/install/mycobot_description/share/mycobot_description/package.zsh'
[0.435s] Level 1:colcon.colcon_core.environment:create_file_with_runtime_dependencies(/home/david/repos/EOH-Robot-1/ros2_ws/install/mycobot_description/share/colcon-core/packages/mycobot_description)
[0.435s] INFO:colcon.colcon_ros.task.ament_cmake.build:Building ROS package in '/home/david/repos/EOH-Robot-1/ros2_ws/src/mycobot_ros2/mycobot_moveit_config' with build type 'ament_cmake'
[0.436s] INFO:colcon.colcon_cmake.task.cmake.build:Building CMake package in '/home/david/repos/EOH-Robot-1/ros2_ws/src/mycobot_ros2/mycobot_moveit_config'
[0.436s] INFO:colcon.colcon_core.shell:Skip shell extension 'powershell' for command environment: Not usable outside of PowerShell
[0.436s] DEBUG:colcon.colcon_core.shell:Skip shell extension 'dsv' for command environment
[0.441s] DEBUG:colcon.colcon_core.event_handler.log_command:Invoking command in '/home/david/repos/EOH-Robot-1/ros2_ws/build/mycobot_moveit_config': CMAKE_PREFIX_PATH=${CMAKE_PREFIX_PATH}:/opt/ros/jazzy DEBUGINFOD_URLS=https://debuginfod.ubuntu.com /usr/bin/cmake --build /home/david/repos/EOH-Robot-1/ros2_ws/build/mycobot_moveit_config -- -j2 -l2
[0.490s] DEBUG:colcon.colcon_core.event_handler.log_command:Invoked command in '/home/david/repos/EOH-Robot-1/ros2_ws/build/mycobot_moveit_config' returned '0': CMAKE_PREFIX_PATH=${CMAKE_PREFIX_PATH}:/opt/ros/jazzy DEBUGINFOD_URLS=https://debuginfod.ubuntu.com /usr/bin/cmake --build /home/david/repos/EOH-Robot-1/ros2_ws/build/mycobot_moveit_config -- -j2 -l2
[0.491s] DEBUG:colcon.colcon_core.event_handler.log_command:Invoking command in '/home/david/repos/EOH-Robot-1/ros2_ws/build/mycobot_moveit_config': CMAKE_PREFIX_PATH=${CMAKE_PREFIX_PATH}:/opt/ros/jazzy DEBUGINFOD_URLS=https://debuginfod.ubuntu.com /usr/bin/cmake --install /home/david/repos/EOH-Robot-1/ros2_ws/build/mycobot_moveit_config
[0.509s] Level 1:colcon.colcon_core.environment:create_environment_scripts_only(mycobot_moveit_config)
[0.510s] Level 1:colcon.colcon_core.environment:checking '/home/david/repos/EOH-Robot-1/ros2_ws/install/mycobot_moveit_config' for CMake module files
[0.510s] Level 1:colcon.colcon_core.environment:checking '/home/david/repos/EOH-Robot-1/ros2_ws/install/mycobot_moveit_config' for CMake config files
[0.510s] Level 1:colcon.colcon_core.shell:create_environment_hook('mycobot_moveit_config', 'cmake_prefix_path')
[0.511s] INFO:colcon.colcon_core.shell:Creating environment hook '/home/david/repos/EOH-Robot-1/ros2_ws/install/mycobot_moveit_config/share/mycobot_moveit_config/hook/cmake_prefix_path.ps1'
[0.512s] DEBUG:colcon.colcon_core.event_handler.log_command:Invoked command in '/home/david/repos/EOH-Robot-1/ros2_ws/build/mycobot_moveit_config' returned '0': CMAKE_PREFIX_PATH=${CMAKE_PREFIX_PATH}:/opt/ros/jazzy DEBUGINFOD_URLS=https://debuginfod.ubuntu.com /usr/bin/cmake --install /home/david/repos/EOH-Robot-1/ros2_ws/build/mycobot_moveit_config
[0.512s] INFO:colcon.colcon_core.shell:Creating environment descriptor '/home/david/repos/EOH-Robot-1/ros2_ws/install/mycobot_moveit_config/share/mycobot_moveit_config/hook/cmake_prefix_path.dsv'
[0.512s] INFO:colcon.colcon_core.shell:Creating environment hook '/home/david/repos/EOH-Robot-1/ros2_ws/install/mycobot_moveit_config/share/mycobot_moveit_config/hook/cmake_prefix_path.sh'
[0.514s] Level 1:colcon.colcon_core.environment:checking '/home/david/repos/EOH-Robot-1/ros2_ws/install/mycobot_moveit_config/bin'
[0.514s] Level 1:colcon.colcon_core.environment:checking '/home/david/repos/EOH-Robot-1/ros2_ws/install/mycobot_moveit_config/lib/pkgconfig/mycobot_moveit_config.pc'
[0.514s] Level 1:colcon.colcon_core.environment:checking '/home/david/repos/EOH-Robot-1/ros2_ws/install/mycobot_moveit_config/lib/python3.12/site-packages'
[0.514s] Level 1:colcon.colcon_core.environment:checking '/home/david/repos/EOH-Robot-1/ros2_ws/install/mycobot_moveit_config/bin'
[0.514s] INFO:colcon.colcon_core.shell:Creating package script '/home/david/repos/EOH-Robot-1/ros2_ws/install/mycobot_moveit_config/share/mycobot_moveit_config/package.ps1'
[0.515s] INFO:colcon.colcon_core.shell:Creating package descriptor '/home/david/repos/EOH-Robot-1/ros2_ws/install/mycobot_moveit_config/share/mycobot_moveit_config/package.dsv'
[0.516s] INFO:colcon.colcon_core.shell:Creating package script '/home/david/repos/EOH-Robot-1/ros2_ws/install/mycobot_moveit_config/share/mycobot_moveit_config/package.sh'
[0.516s] INFO:colcon.colcon_core.shell:Creating package script '/home/david/repos/EOH-Robot-1/ros2_ws/install/mycobot_moveit_config/share/mycobot_moveit_config/package.bash'
[0.516s] INFO:colcon.colcon_core.shell:Creating package script '/home/david/repos/EOH-Robot-1/ros2_ws/install/mycobot_moveit_config/share/mycobot_moveit_config/package.zsh'
[0.517s] Level 1:colcon.colcon_core.environment:create_file_with_runtime_dependencies(/home/david/repos/EOH-Robot-1/ros2_ws/install/mycobot_moveit_config/share/colcon-core/packages/mycobot_moveit_config)
[0.518s] Level 1:colcon.colcon_core.environment:create_environment_scripts_only(mycobot_moveit_config)
[0.518s] Level 1:colcon.colcon_core.environment:checking '/home/david/repos/EOH-Robot-1/ros2_ws/install/mycobot_moveit_config' for CMake module files
[0.518s] Level 1:colcon.colcon_core.environment:checking '/home/david/repos/EOH-Robot-1/ros2_ws/install/mycobot_moveit_config' for CMake config files
[0.518s] Level 1:colcon.colcon_core.shell:create_environment_hook('mycobot_moveit_config', 'cmake_prefix_path')
[0.518s] INFO:colcon.colcon_core.shell:Creating environment hook '/home/david/repos/EOH-Robot-1/ros2_ws/install/mycobot_moveit_config/share/mycobot_moveit_config/hook/cmake_prefix_path.ps1'
[0.519s] INFO:colcon.colcon_core.shell:Creating environment descriptor '/home/david/repos/EOH-Robot-1/ros2_ws/install/mycobot_moveit_config/share/mycobot_moveit_config/hook/cmake_prefix_path.dsv'
[0.520s] INFO:colcon.colcon_core.shell:Creating environment hook '/home/david/repos/EOH-Robot-1/ros2_ws/install/mycobot_moveit_config/share/mycobot_moveit_config/hook/cmake_prefix_path.sh'
[0.522s] Level 1:colcon.colcon_core.environment:checking '/home/david/repos/EOH-Robot-1/ros2_ws/install/mycobot_moveit_config/bin'
[0.522s] Level 1:colcon.colcon_core.environment:checking '/home/david/repos/EOH-Robot-1/ros2_ws/install/mycobot_moveit_config/lib/pkgconfig/mycobot_moveit_config.pc'
[0.523s] Level 1:colcon.colcon_core.environment:checking '/home/david/repos/EOH-Robot-1/ros2_ws/install/mycobot_moveit_config/lib/python3.12/site-packages'
[0.523s] Level 1:colcon.colcon_core.environment:checking '/home/david/repos/EOH-Robot-1/ros2_ws/install/mycobot_moveit_config/bin'
[0.523s] INFO:colcon.colcon_core.shell:Creating package script '/home/david/repos/EOH-Robot-1/ros2_ws/install/mycobot_moveit_config/share/mycobot_moveit_config/package.ps1'
[0.523s] INFO:colcon.colcon_core.shell:Creating package descriptor '/home/david/repos/EOH-Robot-1/ros2_ws/install/mycobot_moveit_config/share/mycobot_moveit_config/package.dsv'
[0.524s] INFO:colcon.colcon_core.shell:Creating package script '/home/david/repos/EOH-Robot-1/ros2_ws/install/mycobot_moveit_config/share/mycobot_moveit_config/package.sh'
[0.524s] INFO:colcon.colcon_core.shell:Creating package script '/home/david/repos/EOH-Robot-1/ros2_ws/install/mycobot_moveit_config/share/mycobot_moveit_config/package.bash'
[0.526s] INFO:colcon.colcon_core.shell:Creating package script '/home/david/repos/EOH-Robot-1/ros2_ws/install/mycobot_moveit_config/share/mycobot_moveit_config/package.zsh'
[0.526s] Level 1:colcon.colcon_core.environment:create_file_with_runtime_dependencies(/home/david/repos/EOH-Robot-1/ros2_ws/install/mycobot_moveit_config/share/colcon-core/packages/mycobot_moveit_config)
[0.527s] INFO:colcon.colcon_ros.task.ament_cmake.build:Building ROS package in '/home/david/repos/EOH-Robot-1/ros2_ws/src/mycobot_ros2/mycobot_system_tests' with build type 'ament_cmake'
[0.527s] INFO:colcon.colcon_cmake.task.cmake.build:Building CMake package in '/home/david/repos/EOH-Robot-1/ros2_ws/src/mycobot_ros2/mycobot_system_tests'
[0.527s] INFO:colcon.colcon_core.shell:Skip shell extension 'powershell' for command environment: Not usable outside of PowerShell
[0.527s] DEBUG:colcon.colcon_core.shell:Skip shell extension 'dsv' for command environment
[0.546s] DEBUG:colcon.colcon_core.event_handler.log_command:Invoking command in '/home/david/repos/EOH-Robot-1/ros2_ws/build/mycobot_system_tests': CMAKE_PREFIX_PATH=${CMAKE_PREFIX_PATH}:/opt/ros/jazzy DEBUGINFOD_URLS=https://debuginfod.ubuntu.com /usr/bin/cmake --build /home/david/repos/EOH-Robot-1/ros2_ws/build/mycobot_system_tests -- -j2 -l2
[0.546s] DEBUG:colcon.colcon_core.event_handler.log_command:Invoked command in '/home/david/repos/EOH-Robot-1/ros2_ws/build/mycobot_gazebo' returned '0': CMAKE_PREFIX_PATH=${CMAKE_PREFIX_PATH}:/opt/ros/jazzy DEBUGINFOD_URLS=https://debuginfod.ubuntu.com /usr/bin/cmake --build /home/david/repos/EOH-Robot-1/ros2_ws/build/mycobot_gazebo -- -j2 -l2
[0.546s] DEBUG:colcon.colcon_core.event_handler.log_command:Invoking command in '/home/david/repos/EOH-Robot-1/ros2_ws/build/mycobot_gazebo': CMAKE_PREFIX_PATH=${CMAKE_PREFIX_PATH}:/opt/ros/jazzy DEBUGINFOD_URLS=https://debuginfod.ubuntu.com /usr/bin/cmake --install /home/david/repos/EOH-Robot-1/ros2_ws/build/mycobot_gazebo
[0.665s] Level 1:colcon.colcon_core.environment:create_environment_scripts_only(mycobot_gazebo)
[0.666s] Level 1:colcon.colcon_core.environment:checking '/home/david/repos/EOH-Robot-1/ros2_ws/install/mycobot_gazebo' for CMake module files
[0.666s] Level 1:colcon.colcon_core.environment:checking '/home/david/repos/EOH-Robot-1/ros2_ws/install/mycobot_gazebo' for CMake config files
[0.666s] Level 1:colcon.colcon_core.shell:create_environment_hook('mycobot_gazebo', 'cmake_prefix_path')
[0.668s] INFO:colcon.colcon_core.shell:Creating environment hook '/home/david/repos/EOH-Robot-1/ros2_ws/install/mycobot_gazebo/share/mycobot_gazebo/hook/cmake_prefix_path.ps1'
[0.669s] INFO:colcon.colcon_core.shell:Creating environment descriptor '/home/david/repos/EOH-Robot-1/ros2_ws/install/mycobot_gazebo/share/mycobot_gazebo/hook/cmake_prefix_path.dsv'
[0.671s] INFO:colcon.colcon_core.shell:Creating environment hook '/home/david/repos/EOH-Robot-1/ros2_ws/install/mycobot_gazebo/share/mycobot_gazebo/hook/cmake_prefix_path.sh'
[0.672s] Level 1:colcon.colcon_core.environment:checking '/home/david/repos/EOH-Robot-1/ros2_ws/install/mycobot_gazebo/bin'
[0.672s] Level 1:colcon.colcon_core.environment:checking '/home/david/repos/EOH-Robot-1/ros2_ws/install/mycobot_gazebo/lib/pkgconfig/mycobot_gazebo.pc'
[0.673s] Level 1:colcon.colcon_core.environment:checking '/home/david/repos/EOH-Robot-1/ros2_ws/install/mycobot_gazebo/lib/python3.12/site-packages'
[0.673s] Level 1:colcon.colcon_core.environment:checking '/home/david/repos/EOH-Robot-1/ros2_ws/install/mycobot_gazebo/bin'
[0.673s] INFO:colcon.colcon_core.shell:Creating package script '/home/david/repos/EOH-Robot-1/ros2_ws/install/mycobot_gazebo/share/mycobot_gazebo/package.ps1'
[0.673s] INFO:colcon.colcon_core.shell:Creating package descriptor '/home/david/repos/EOH-Robot-1/ros2_ws/install/mycobot_gazebo/share/mycobot_gazebo/package.dsv'
[0.674s] INFO:colcon.colcon_core.shell:Creating package script '/home/david/repos/EOH-Robot-1/ros2_ws/install/mycobot_gazebo/share/mycobot_gazebo/package.sh'
[0.675s] INFO:colcon.colcon_core.shell:Creating package script '/home/david/repos/EOH-Robot-1/ros2_ws/install/mycobot_gazebo/share/mycobot_gazebo/package.bash'
[0.684s] INFO:colcon.colcon_core.shell:Creating package script '/home/david/repos/EOH-Robot-1/ros2_ws/install/mycobot_gazebo/share/mycobot_gazebo/package.zsh'
[0.684s] Level 1:colcon.colcon_core.environment:create_file_with_runtime_dependencies(/home/david/repos/EOH-Robot-1/ros2_ws/install/mycobot_gazebo/share/colcon-core/packages/mycobot_gazebo)
[0.685s] Level 1:colcon.colcon_core.environment:create_environment_scripts_only(mycobot_gazebo)
[0.685s] Level 1:colcon.colcon_core.environment:checking '/home/david/repos/EOH-Robot-1/ros2_ws/install/mycobot_gazebo' for CMake module files
[0.685s] Level 1:colcon.colcon_core.environment:checking '/home/david/repos/EOH-Robot-1/ros2_ws/install/mycobot_gazebo' for CMake config files
[0.685s] Level 1:colcon.colcon_core.shell:create_environment_hook('mycobot_gazebo', 'cmake_prefix_path')
[0.685s] INFO:colcon.colcon_core.shell:Creating environment hook '/home/david/repos/EOH-Robot-1/ros2_ws/install/mycobot_gazebo/share/mycobot_gazebo/hook/cmake_prefix_path.ps1'
[0.687s] DEBUG:colcon.colcon_core.event_handler.log_command:Invoked command in '/home/david/repos/EOH-Robot-1/ros2_ws/build/mycobot_gazebo' returned '0': CMAKE_PREFIX_PATH=${CMAKE_PREFIX_PATH}:/opt/ros/jazzy DEBUGINFOD_URLS=https://debuginfod.ubuntu.com /usr/bin/cmake --install /home/david/repos/EOH-Robot-1/ros2_ws/build/mycobot_gazebo
[0.687s] INFO:colcon.colcon_core.shell:Creating environment descriptor '/home/david/repos/EOH-Robot-1/ros2_ws/install/mycobot_gazebo/share/mycobot_gazebo/hook/cmake_prefix_path.dsv'
[0.687s] INFO:colcon.colcon_core.shell:Creating environment hook '/home/david/repos/EOH-Robot-1/ros2_ws/install/mycobot_gazebo/share/mycobot_gazebo/hook/cmake_prefix_path.sh'
[0.688s] Level 1:colcon.colcon_core.environment:checking '/home/david/repos/EOH-Robot-1/ros2_ws/install/mycobot_gazebo/bin'
[0.688s] Level 1:colcon.colcon_core.environment:checking '/home/david/repos/EOH-Robot-1/ros2_ws/install/mycobot_gazebo/lib/pkgconfig/mycobot_gazebo.pc'
[0.688s] Level 1:colcon.colcon_core.environment:checking '/home/david/repos/EOH-Robot-1/ros2_ws/install/mycobot_gazebo/lib/python3.12/site-packages'
[0.688s] Level 1:colcon.colcon_core.environment:checking '/home/david/repos/EOH-Robot-1/ros2_ws/install/mycobot_gazebo/bin'
[0.689s] INFO:colcon.colcon_core.shell:Creating package script '/home/david/repos/EOH-Robot-1/ros2_ws/install/mycobot_gazebo/share/mycobot_gazebo/package.ps1'
[0.689s] INFO:colcon.colcon_core.shell:Creating package descriptor '/home/david/repos/EOH-Robot-1/ros2_ws/install/mycobot_gazebo/share/mycobot_gazebo/package.dsv'
[0.690s] INFO:colcon.colcon_core.shell:Creating package script '/home/david/repos/EOH-Robot-1/ros2_ws/install/mycobot_gazebo/share/mycobot_gazebo/package.sh'
[0.692s] INFO:colcon.colcon_core.shell:Creating package script '/home/david/repos/EOH-Robot-1/ros2_ws/install/mycobot_gazebo/share/mycobot_gazebo/package.bash'
[0.694s] INFO:colcon.colcon_core.shell:Creating package script '/home/david/repos/EOH-Robot-1/ros2_ws/install/mycobot_gazebo/share/mycobot_gazebo/package.zsh'
[0.694s] Level 1:colcon.colcon_core.environment:create_file_with_runtime_dependencies(/home/david/repos/EOH-Robot-1/ros2_ws/install/mycobot_gazebo/share/colcon-core/packages/mycobot_gazebo)
[0.699s] DEBUG:colcon.colcon_core.event_handler.log_command:Invoked command in '/home/david/repos/EOH-Robot-1/ros2_ws/build/mycobot_system_tests' returned '0': CMAKE_PREFIX_PATH=${CMAKE_PREFIX_PATH}:/opt/ros/jazzy DEBUGINFOD_URLS=https://debuginfod.ubuntu.com /usr/bin/cmake --build /home/david/repos/EOH-Robot-1/ros2_ws/build/mycobot_system_tests -- -j2 -l2
[0.701s] DEBUG:colcon.colcon_core.event_handler.log_command:Invoking command in '/home/david/repos/EOH-Robot-1/ros2_ws/build/mycobot_system_tests': CMAKE_PREFIX_PATH=${CMAKE_PREFIX_PATH}:/opt/ros/jazzy DEBUGINFOD_URLS=https://debuginfod.ubuntu.com /usr/bin/cmake --install /home/david/repos/EOH-Robot-1/ros2_ws/build/mycobot_system_tests
[0.723s] Level 1:colcon.colcon_core.environment:create_environment_scripts_only(mycobot_system_tests)
[0.723s] DEBUG:colcon.colcon_core.event_handler.log_command:Invoked command in '/home/david/repos/EOH-Robot-1/ros2_ws/build/mycobot_system_tests' returned '0': CMAKE_PREFIX_PATH=${CMAKE_PREFIX_PATH}:/opt/ros/jazzy DEBUGINFOD_URLS=https://debuginfod.ubuntu.com /usr/bin/cmake --install /home/david/repos/EOH-Robot-1/ros2_ws/build/mycobot_system_tests
[0.723s] Level 1:colcon.colcon_core.environment:checking '/home/david/repos/EOH-Robot-1/ros2_ws/install/mycobot_system_tests' for CMake module files
[0.724s] Level 1:colcon.colcon_core.environment:checking '/home/david/repos/EOH-Robot-1/ros2_ws/install/mycobot_system_tests' for CMake config files
[0.724s] Level 1:colcon.colcon_core.shell:create_environment_hook('mycobot_system_tests', 'cmake_prefix_path')
[0.724s] INFO:colcon.colcon_core.shell:Creating environment hook '/home/david/repos/EOH-Robot-1/ros2_ws/install/mycobot_system_tests/share/mycobot_system_tests/hook/cmake_prefix_path.ps1'
[0.729s] INFO:colcon.colcon_core.shell:Creating environment descriptor '/home/david/repos/EOH-Robot-1/ros2_ws/install/mycobot_system_tests/share/mycobot_system_tests/hook/cmake_prefix_path.dsv'
[0.729s] INFO:colcon.colcon_core.shell:Creating environment hook '/home/david/repos/EOH-Robot-1/ros2_ws/install/mycobot_system_tests/share/mycobot_system_tests/hook/cmake_prefix_path.sh'
[0.729s] Level 1:colcon.colcon_core.environment:checking '/home/david/repos/EOH-Robot-1/ros2_ws/install/mycobot_system_tests/bin'
[0.729s] Level 1:colcon.colcon_core.environment:checking '/home/david/repos/EOH-Robot-1/ros2_ws/install/mycobot_system_tests/lib/pkgconfig/mycobot_system_tests.pc'
[0.730s] Level 1:colcon.colcon_core.environment:checking '/home/david/repos/EOH-Robot-1/ros2_ws/install/mycobot_system_tests/lib/python3.12/site-packages'
[0.730s] Level 1:colcon.colcon_core.environment:checking '/home/david/repos/EOH-Robot-1/ros2_ws/install/mycobot_system_tests/bin'
[0.730s] INFO:colcon.colcon_core.shell:Creating package script '/home/david/repos/EOH-Robot-1/ros2_ws/install/mycobot_system_tests/share/mycobot_system_tests/package.ps1'
[0.730s] INFO:colcon.colcon_core.shell:Creating package descriptor '/home/david/repos/EOH-Robot-1/ros2_ws/install/mycobot_system_tests/share/mycobot_system_tests/package.dsv'
[0.730s] INFO:colcon.colcon_core.shell:Creating package script '/home/david/repos/EOH-Robot-1/ros2_ws/install/mycobot_system_tests/share/mycobot_system_tests/package.sh'
[0.731s] INFO:colcon.colcon_core.shell:Creating package script '/home/david/repos/EOH-Robot-1/ros2_ws/install/mycobot_system_tests/share/mycobot_system_tests/package.bash'
[0.731s] INFO:colcon.colcon_core.shell:Creating package script '/home/david/repos/EOH-Robot-1/ros2_ws/install/mycobot_system_tests/share/mycobot_system_tests/package.zsh'
[0.731s] Level 1:colcon.colcon_core.environment:create_file_with_runtime_dependencies(/home/david/repos/EOH-Robot-1/ros2_ws/install/mycobot_system_tests/share/colcon-core/packages/mycobot_system_tests)
[0.732s] Level 1:colcon.colcon_core.environment:create_environment_scripts_only(mycobot_system_tests)
[0.732s] Level 1:colcon.colcon_core.environment:checking '/home/david/repos/EOH-Robot-1/ros2_ws/install/mycobot_system_tests' for CMake module files
[0.732s] Level 1:colcon.colcon_core.environment:checking '/home/david/repos/EOH-Robot-1/ros2_ws/install/mycobot_system_tests' for CMake config files
[0.732s] Level 1:colcon.colcon_core.shell:create_environment_hook('mycobot_system_tests', 'cmake_prefix_path')
[0.733s] INFO:colcon.colcon_core.shell:Creating environment hook '/home/david/repos/EOH-Robot-1/ros2_ws/install/mycobot_system_tests/share/mycobot_system_tests/hook/cmake_prefix_path.ps1'
[0.733s] INFO:colcon.colcon_core.shell:Creating environment descriptor '/home/david/repos/EOH-Robot-1/ros2_ws/install/mycobot_system_tests/share/mycobot_system_tests/hook/cmake_prefix_path.dsv'
[0.733s] INFO:colcon.colcon_core.shell:Creating environment hook '/home/david/repos/EOH-Robot-1/ros2_ws/install/mycobot_system_tests/share/mycobot_system_tests/hook/cmake_prefix_path.sh'
[0.733s] Level 1:colcon.colcon_core.environment:checking '/home/david/repos/EOH-Robot-1/ros2_ws/install/mycobot_system_tests/bin'
[0.733s] Level 1:colcon.colcon_core.environment:checking '/home/david/repos/EOH-Robot-1/ros2_ws/install/mycobot_system_tests/lib/pkgconfig/mycobot_system_tests.pc'
[0.734s] Level 1:colcon.colcon_core.environment:checking '/home/david/repos/EOH-Robot-1/ros2_ws/install/mycobot_system_tests/lib/python3.12/site-packages'
[0.734s] Level 1:colcon.colcon_core.environment:checking '/home/david/repos/EOH-Robot-1/ros2_ws/install/mycobot_system_tests/bin'
[0.734s] INFO:colcon.colcon_core.shell:Creating package script '/home/david/repos/EOH-Robot-1/ros2_ws/install/mycobot_system_tests/share/mycobot_system_tests/package.ps1'
[0.734s] INFO:colcon.colcon_core.shell:Creating package descriptor '/home/david/repos/EOH-Robot-1/ros2_ws/install/mycobot_system_tests/share/mycobot_system_tests/package.dsv'
[0.735s] INFO:colcon.colcon_core.shell:Creating package script '/home/david/repos/EOH-Robot-1/ros2_ws/install/mycobot_system_tests/share/mycobot_system_tests/package.sh'
[0.735s] INFO:colcon.colcon_core.shell:Creating package script '/home/david/repos/EOH-Robot-1/ros2_ws/install/mycobot_system_tests/share/mycobot_system_tests/package.bash'
[0.735s] INFO:colcon.colcon_core.shell:Creating package script '/home/david/repos/EOH-Robot-1/ros2_ws/install/mycobot_system_tests/share/mycobot_system_tests/package.zsh'
[0.735s] Level 1:colcon.colcon_core.environment:create_file_with_runtime_dependencies(/home/david/repos/EOH-Robot-1/ros2_ws/install/mycobot_system_tests/share/colcon-core/packages/mycobot_system_tests)
[0.736s] INFO:colcon.colcon_ros.task.ament_cmake.build:Building ROS package in '/home/david/repos/EOH-Robot-1/ros2_ws/src/mycobot_ros2/mycobot_ros2' with build type 'ament_cmake'
[0.736s] INFO:colcon.colcon_cmake.task.cmake.build:Building CMake package in '/home/david/repos/EOH-Robot-1/ros2_ws/src/mycobot_ros2/mycobot_ros2'
[0.736s] INFO:colcon.colcon_core.shell:Skip shell extension 'powershell' for command environment: Not usable outside of PowerShell
[0.736s] DEBUG:colcon.colcon_core.shell:Skip shell extension 'dsv' for command environment
[0.752s] DEBUG:colcon.colcon_core.event_handler.log_command:Invoking command in '/home/david/repos/EOH-Robot-1/ros2_ws/build/mycobot_ros2': CMAKE_PREFIX_PATH=/home/david/repos/EOH-Robot-1/ros2_ws/install/mycobot_system_tests:/home/david/repos/EOH-Robot-1/ros2_ws/install/mycobot_moveit_config:/home/david/repos/EOH-Robot-1/ros2_ws/install/mycobot_gazebo:/home/david/repos/EOH-Robot-1/ros2_ws/install/mycobot_description:/home/david/repos/EOH-Robot-1/ros2_ws/install/mycobot_bringup:/home/david/repos/EOH-Robot-1/ros2_ws/install/mycobot_ros2:/opt/ros/jazzy/opt/gz_sim_vendor:/opt/ros/jazzy/opt/gz_sensors_vendor:/opt/ros/jazzy/opt/gz_physics_vendor:/opt/ros/jazzy/opt/sdformat_vendor:/opt/ros/jazzy/opt/gz_gui_vendor:/opt/ros/jazzy/opt/gz_transport_vendor:/opt/ros/jazzy/opt/gz_rendering_vendor:/opt/ros/jazzy/opt/gz_plugin_vendor:/opt/ros/jazzy/opt/gz_fuel_tools_vendor:/opt/ros/jazzy/opt/gz_msgs_vendor:/opt/ros/jazzy/opt/gz_common_vendor:/opt/ros/jazzy/opt/gz_math_vendor:/opt/ros/jazzy/opt/gz_utils_vendor:/opt/ros/jazzy/opt/gz_tools_vendor:/opt/ros/jazzy/opt/gz_ogre_next_vendor:/opt/ros/jazzy/opt/gz_dartsim_vendor:/opt/ros/jazzy/opt/gz_cmake_vendor:/opt/ros/jazzy DEBUGINFOD_URLS=https://debuginfod.ubuntu.com /usr/bin/cmake --build /home/david/repos/EOH-Robot-1/ros2_ws/build/mycobot_ros2 -- -j2 -l2
[1.326s] DEBUG:colcon.colcon_core.event_handler.log_command:Invoked command in '/home/david/repos/EOH-Robot-1/ros2_ws/build/mycobot_ros2' returned '0': CMAKE_PREFIX_PATH=/home/david/repos/EOH-Robot-1/ros2_ws/install/mycobot_system_tests:/home/david/repos/EOH-Robot-1/ros2_ws/install/mycobot_moveit_config:/home/david/repos/EOH-Robot-1/ros2_ws/install/mycobot_gazebo:/home/david/repos/EOH-Robot-1/ros2_ws/install/mycobot_description:/home/david/repos/EOH-Robot-1/ros2_ws/install/mycobot_bringup:/home/david/repos/EOH-Robot-1/ros2_ws/install/mycobot_ros2:/opt/ros/jazzy/opt/gz_sim_vendor:/opt/ros/jazzy/opt/gz_sensors_vendor:/opt/ros/jazzy/opt/gz_physics_vendor:/opt/ros/jazzy/opt/sdformat_vendor:/opt/ros/jazzy/opt/gz_gui_vendor:/opt/ros/jazzy/opt/gz_transport_vendor:/opt/ros/jazzy/opt/gz_rendering_vendor:/opt/ros/jazzy/opt/gz_plugin_vendor:/opt/ros/jazzy/opt/gz_fuel_tools_vendor:/opt/ros/jazzy/opt/gz_msgs_vendor:/opt/ros/jazzy/opt/gz_common_vendor:/opt/ros/jazzy/opt/gz_math_vendor:/opt/ros/jazzy/opt/gz_utils_vendor:/opt/ros/jazzy/opt/gz_tools_vendor:/opt/ros/jazzy/opt/gz_ogre_next_vendor:/opt/ros/jazzy/opt/gz_dartsim_vendor:/opt/ros/jazzy/opt/gz_cmake_vendor:/opt/ros/jazzy DEBUGINFOD_URLS=https://debuginfod.ubuntu.com /usr/bin/cmake --build /home/david/repos/EOH-Robot-1/ros2_ws/build/mycobot_ros2 -- -j2 -l2
[1.327s] DEBUG:colcon.colcon_core.event_handler.log_command:Invoking command in '/home/david/repos/EOH-Robot-1/ros2_ws/build/mycobot_ros2': CMAKE_PREFIX_PATH=/home/david/repos/EOH-Robot-1/ros2_ws/install/mycobot_system_tests:/home/david/repos/EOH-Robot-1/ros2_ws/install/mycobot_moveit_config:/home/david/repos/EOH-Robot-1/ros2_ws/install/mycobot_gazebo:/home/david/repos/EOH-Robot-1/ros2_ws/install/mycobot_description:/home/david/repos/EOH-Robot-1/ros2_ws/install/mycobot_bringup:/home/david/repos/EOH-Robot-1/ros2_ws/install/mycobot_ros2:/opt/ros/jazzy/opt/gz_sim_vendor:/opt/ros/jazzy/opt/gz_sensors_vendor:/opt/ros/jazzy/opt/gz_physics_vendor:/opt/ros/jazzy/opt/sdformat_vendor:/opt/ros/jazzy/opt/gz_gui_vendor:/opt/ros/jazzy/opt/gz_transport_vendor:/opt/ros/jazzy/opt/gz_rendering_vendor:/opt/ros/jazzy/opt/gz_plugin_vendor:/opt/ros/jazzy/opt/gz_fuel_tools_vendor:/opt/ros/jazzy/opt/gz_msgs_vendor:/opt/ros/jazzy/opt/gz_common_vendor:/opt/ros/jazzy/opt/gz_math_vendor:/opt/ros/jazzy/opt/gz_utils_vendor:/opt/ros/jazzy/opt/gz_tools_vendor:/opt/ros/jazzy/opt/gz_ogre_next_vendor:/opt/ros/jazzy/opt/gz_dartsim_vendor:/opt/ros/jazzy/opt/gz_cmake_vendor:/opt/ros/jazzy DEBUGINFOD_URLS=https://debuginfod.ubuntu.com /usr/bin/cmake --install /home/david/repos/EOH-Robot-1/ros2_ws/build/mycobot_ros2
[1.337s] Level 1:colcon.colcon_core.environment:create_environment_scripts_only(mycobot_ros2)
[1.338s] Level 1:colcon.colcon_core.environment:checking '/home/david/repos/EOH-Robot-1/ros2_ws/install/mycobot_ros2' for CMake module files
[1.338s] Level 1:colcon.colcon_core.environment:checking '/home/david/repos/EOH-Robot-1/ros2_ws/install/mycobot_ros2' for CMake config files
[1.338s] Level 1:colcon.colcon_core.shell:create_environment_hook('mycobot_ros2', 'cmake_prefix_path')
[1.338s] INFO:colcon.colcon_core.shell:Creating environment hook '/home/david/repos/EOH-Robot-1/ros2_ws/install/mycobot_ros2/share/mycobot_ros2/hook/cmake_prefix_path.ps1'
[1.339s] INFO:colcon.colcon_core.shell:Creating environment descriptor '/home/david/repos/EOH-Robot-1/ros2_ws/install/mycobot_ros2/share/mycobot_ros2/hook/cmake_prefix_path.dsv'
[1.337s] DEBUG:colcon.colcon_core.event_handler.log_command:Invoked command in '/home/david/repos/EOH-Robot-1/ros2_ws/build/mycobot_ros2' returned '0': CMAKE_PREFIX_PATH=/home/david/repos/EOH-Robot-1/ros2_ws/install/mycobot_system_tests:/home/david/repos/EOH-Robot-1/ros2_ws/install/mycobot_moveit_config:/home/david/repos/EOH-Robot-1/ros2_ws/install/mycobot_gazebo:/home/david/repos/EOH-Robot-1/ros2_ws/install/mycobot_description:/home/david/repos/EOH-Robot-1/ros2_ws/install/mycobot_bringup:/home/david/repos/EOH-Robot-1/ros2_ws/install/mycobot_ros2:/opt/ros/jazzy/opt/gz_sim_vendor:/opt/ros/jazzy/opt/gz_sensors_vendor:/opt/ros/jazzy/opt/gz_physics_vendor:/opt/ros/jazzy/opt/sdformat_vendor:/opt/ros/jazzy/opt/gz_gui_vendor:/opt/ros/jazzy/opt/gz_transport_vendor:/opt/ros/jazzy/opt/gz_rendering_vendor:/opt/ros/jazzy/opt/gz_plugin_vendor:/opt/ros/jazzy/opt/gz_fuel_tools_vendor:/opt/ros/jazzy/opt/gz_msgs_vendor:/opt/ros/jazzy/opt/gz_common_vendor:/opt/ros/jazzy/opt/gz_math_vendor:/opt/ros/jazzy/opt/gz_utils_vendor:/opt/ros/jazzy/opt/gz_tools_vendor:/opt/ros/jazzy/opt/gz_ogre_next_vendor:/opt/ros/jazzy/opt/gz_dartsim_vendor:/opt/ros/jazzy/opt/gz_cmake_vendor:/opt/ros/jazzy DEBUGINFOD_URLS=https://debuginfod.ubuntu.com /usr/bin/cmake --install /home/david/repos/EOH-Robot-1/ros2_ws/build/mycobot_ros2
[1.339s] INFO:colcon.colcon_core.shell:Creating environment hook '/home/david/repos/EOH-Robot-1/ros2_ws/install/mycobot_ros2/share/mycobot_ros2/hook/cmake_prefix_path.sh'
[1.339s] Level 1:colcon.colcon_core.environment:checking '/home/david/repos/EOH-Robot-1/ros2_ws/install/mycobot_ros2/bin'
[1.340s] Level 1:colcon.colcon_core.environment:checking '/home/david/repos/EOH-Robot-1/ros2_ws/install/mycobot_ros2/lib/pkgconfig/mycobot_ros2.pc'
[1.340s] Level 1:colcon.colcon_core.environment:checking '/home/david/repos/EOH-Robot-1/ros2_ws/install/mycobot_ros2/lib/python3.12/site-packages'
[1.340s] Level 1:colcon.colcon_core.environment:checking '/home/david/repos/EOH-Robot-1/ros2_ws/install/mycobot_ros2/bin'
[1.340s] INFO:colcon.colcon_core.shell:Creating package script '/home/david/repos/EOH-Robot-1/ros2_ws/install/mycobot_ros2/share/mycobot_ros2/package.ps1'
[1.340s] INFO:colcon.colcon_core.shell:Creating package descriptor '/home/david/repos/EOH-Robot-1/ros2_ws/install/mycobot_ros2/share/mycobot_ros2/package.dsv'
[1.341s] INFO:colcon.colcon_core.shell:Creating package script '/home/david/repos/EOH-Robot-1/ros2_ws/install/mycobot_ros2/share/mycobot_ros2/package.sh'
[1.341s] INFO:colcon.colcon_core.shell:Creating package script '/home/david/repos/EOH-Robot-1/ros2_ws/install/mycobot_ros2/share/mycobot_ros2/package.bash'
[1.341s] INFO:colcon.colcon_core.shell:Creating package script '/home/david/repos/EOH-Robot-1/ros2_ws/install/mycobot_ros2/share/mycobot_ros2/package.zsh'
[1.342s] Level 1:colcon.colcon_core.environment:create_file_with_runtime_dependencies(/home/david/repos/EOH-Robot-1/ros2_ws/install/mycobot_ros2/share/colcon-core/packages/mycobot_ros2)
[1.342s] Level 1:colcon.colcon_core.environment:create_environment_scripts_only(mycobot_ros2)
[1.342s] Level 1:colcon.colcon_core.environment:checking '/home/david/repos/EOH-Robot-1/ros2_ws/install/mycobot_ros2' for CMake module files
[1.342s] Level 1:colcon.colcon_core.environment:checking '/home/david/repos/EOH-Robot-1/ros2_ws/install/mycobot_ros2' for CMake config files
[1.343s] Level 1:colcon.colcon_core.shell:create_environment_hook('mycobot_ros2', 'cmake_prefix_path')
[1.343s] INFO:colcon.colcon_core.shell:Creating environment hook '/home/david/repos/EOH-Robot-1/ros2_ws/install/mycobot_ros2/share/mycobot_ros2/hook/cmake_prefix_path.ps1'
[1.343s] INFO:colcon.colcon_core.shell:Creating environment descriptor '/home/david/repos/EOH-Robot-1/ros2_ws/install/mycobot_ros2/share/mycobot_ros2/hook/cmake_prefix_path.dsv'
[1.344s] INFO:colcon.colcon_core.shell:Creating environment hook '/home/david/repos/EOH-Robot-1/ros2_ws/install/mycobot_ros2/share/mycobot_ros2/hook/cmake_prefix_path.sh'
[1.344s] Level 1:colcon.colcon_core.environment:checking '/home/david/repos/EOH-Robot-1/ros2_ws/install/mycobot_ros2/bin'
[1.344s] Level 1:colcon.colcon_core.environment:checking '/home/david/repos/EOH-Robot-1/ros2_ws/install/mycobot_ros2/lib/pkgconfig/mycobot_ros2.pc'
[1.344s] Level 1:colcon.colcon_core.environment:checking '/home/david/repos/EOH-Robot-1/ros2_ws/install/mycobot_ros2/lib/python3.12/site-packages'
[1.345s] Level 1:colcon.colcon_core.environment:checking '/home/david/repos/EOH-Robot-1/ros2_ws/install/mycobot_ros2/bin'
[1.345s] INFO:colcon.colcon_core.shell:Creating package script '/home/david/repos/EOH-Robot-1/ros2_ws/install/mycobot_ros2/share/mycobot_ros2/package.ps1'
[1.345s] INFO:colcon.colcon_core.shell:Creating package descriptor '/home/david/repos/EOH-Robot-1/ros2_ws/install/mycobot_ros2/share/mycobot_ros2/package.dsv'
[1.346s] INFO:colcon.colcon_core.shell:Creating package script '/home/david/repos/EOH-Robot-1/ros2_ws/install/mycobot_ros2/share/mycobot_ros2/package.sh'
[1.346s] INFO:colcon.colcon_core.shell:Creating package script '/home/david/repos/EOH-Robot-1/ros2_ws/install/mycobot_ros2/share/mycobot_ros2/package.bash'
[1.346s] INFO:colcon.colcon_core.shell:Creating package script '/home/david/repos/EOH-Robot-1/ros2_ws/install/mycobot_ros2/share/mycobot_ros2/package.zsh'
[1.347s] Level 1:colcon.colcon_core.environment:create_file_with_runtime_dependencies(/home/david/repos/EOH-Robot-1/ros2_ws/install/mycobot_ros2/share/colcon-core/packages/mycobot_ros2)
[1.347s] DEBUG:colcon.colcon_parallel_executor.executor.parallel:closing loop
[1.348s] DEBUG:colcon.colcon_parallel_executor.executor.parallel:loop closed
[1.348s] DEBUG:colcon.colcon_parallel_executor.executor.parallel:run_until_complete finished with '0'
[1.348s] DEBUG:colcon.colcon_core.event_reactor:joining thread
[1.356s] INFO:colcon.colcon_core.plugin_system:Skipping extension 'colcon_notification.desktop_notification.terminal_notifier': Not used on non-Darwin systems
[1.356s] INFO:colcon.colcon_core.plugin_system:Skipping extension 'colcon_notification.desktop_notification.win32': Not used on non-Windows systems
[1.356s] INFO:colcon.colcon_notification.desktop_notification:Sending desktop notification using 'notify2'
[1.394s] DEBUG:colcon.colcon_core.event_reactor:joined thread
[1.394s] INFO:colcon.colcon_core.shell:Creating prefix script '/home/david/repos/EOH-Robot-1/ros2_ws/install/local_setup.ps1'
[1.395s] INFO:colcon.colcon_core.shell:Creating prefix util module '/home/david/repos/EOH-Robot-1/ros2_ws/install/_local_setup_util_ps1.py'
[1.400s] INFO:colcon.colcon_core.shell:Creating prefix chain script '/home/david/repos/EOH-Robot-1/ros2_ws/install/setup.ps1'
[1.402s] INFO:colcon.colcon_core.shell:Creating prefix script '/home/david/repos/EOH-Robot-1/ros2_ws/install/local_setup.sh'
[1.402s] INFO:colcon.colcon_core.shell:Creating prefix util module '/home/david/repos/EOH-Robot-1/ros2_ws/install/_local_setup_util_sh.py'
[1.403s] INFO:colcon.colcon_core.shell:Creating prefix chain script '/home/david/repos/EOH-Robot-1/ros2_ws/install/setup.sh'
[1.404s] INFO:colcon.colcon_core.shell:Creating prefix script '/home/david/repos/EOH-Robot-1/ros2_ws/install/local_setup.bash'
[1.404s] INFO:colcon.colcon_core.shell:Creating prefix chain script '/home/david/repos/EOH-Robot-1/ros2_ws/install/setup.bash'
[1.406s] INFO:colcon.colcon_core.shell:Creating prefix script '/home/david/repos/EOH-Robot-1/ros2_ws/install/local_setup.zsh'
[1.407s] INFO:colcon.colcon_core.shell:Creating prefix chain script '/home/david/repos/EOH-Robot-1/ros2_ws/install/setup.zsh'
